{"/Users/macbookpro/Desktop/Study/Projects/Node.js Projects/Test_Node.js_project/test/index.js":{"path":"/Users/macbookpro/Desktop/Study/Projects/Node.js Projects/Test_Node.js_project/test/index.js","statementMap":{"0":{"start":{"line":1,"column":15},"end":{"line":1,"column":42}},"1":{"start":{"line":2,"column":14},"end":{"line":2,"column":30}},"2":{"start":{"line":3,"column":0},"end":{"line":3,"column":28}},"3":{"start":{"line":4,"column":16},"end":{"line":4,"column":43}},"4":{"start":{"line":5,"column":15},"end":{"line":5,"column":29}},"5":{"start":{"line":6,"column":19},"end":{"line":6,"column":34}},"6":{"start":{"line":7,"column":29},"end":{"line":7,"column":58}},"7":{"start":{"line":9,"column":17},"end":{"line":9,"column":36}},"8":{"start":{"line":10,"column":16},"end":{"line":10,"column":34}},"9":{"start":{"line":12,"column":14},"end":{"line":12,"column":48}},"10":{"start":{"line":13,"column":16},"end":{"line":13,"column":52}},"11":{"start":{"line":14,"column":13},"end":{"line":14,"column":46}},"12":{"start":{"line":20,"column":4},"end":{"line":20,"column":40}},"13":{"start":{"line":28,"column":4},"end":{"line":28,"column":53}},"14":{"start":{"line":36,"column":4},"end":{"line":36,"column":55}},"15":{"start":{"line":44,"column":4},"end":{"line":44,"column":52}},"16":{"start":{"line":46,"column":0},"end":{"line":88,"column":3}},"17":{"start":{"line":47,"column":1},"end":{"line":51,"column":4}},"18":{"start":{"line":48,"column":15},"end":{"line":50,"column":4}},"19":{"start":{"line":52,"column":1},"end":{"line":75,"column":4}},"20":{"start":{"line":53,"column":2},"end":{"line":74,"column":5}},"21":{"start":{"line":59,"column":19},"end":{"line":59,"column":31}},"22":{"start":{"line":60,"column":19},"end":{"line":60,"column":31}},"23":{"start":{"line":64,"column":3},"end":{"line":66,"column":6}},"24":{"start":{"line":67,"column":3},"end":{"line":67,"column":34}},"25":{"start":{"line":68,"column":3},"end":{"line":68,"column":15}},"26":{"start":{"line":70,"column":3},"end":{"line":70,"column":44}},"27":{"start":{"line":71,"column":3},"end":{"line":73,"column":6}},"28":{"start":{"line":76,"column":1},"end":{"line":83,"column":4}},"29":{"start":{"line":77,"column":2},"end":{"line":82,"column":5}},"30":{"start":{"line":78,"column":3},"end":{"line":78,"column":15}},"31":{"start":{"line":85,"column":1},"end":{"line":87,"column":4}},"32":{"start":{"line":86,"column":2},"end":{"line":86,"column":23}},"33":{"start":{"line":96,"column":0},"end":{"line":173,"column":3}},"34":{"start":{"line":97,"column":1},"end":{"line":124,"column":4}},"35":{"start":{"line":98,"column":15},"end":{"line":123,"column":3}},"36":{"start":{"line":125,"column":1},"end":{"line":160,"column":4}},"37":{"start":{"line":126,"column":2},"end":{"line":159,"column":5}},"38":{"start":{"line":127,"column":3},"end":{"line":127,"column":34}},"39":{"start":{"line":128,"column":3},"end":{"line":128,"column":15}},"40":{"start":{"line":130,"column":3},"end":{"line":130,"column":61}},"41":{"start":{"line":132,"column":19},"end":{"line":132,"column":31}},"42":{"start":{"line":133,"column":19},"end":{"line":133,"column":31}},"43":{"start":{"line":134,"column":22},"end":{"line":134,"column":48}},"44":{"start":{"line":135,"column":3},"end":{"line":135,"column":38}},"45":{"start":{"line":146,"column":3},"end":{"line":146,"column":38}},"46":{"start":{"line":150,"column":3},"end":{"line":150,"column":32}},"47":{"start":{"line":152,"column":20},"end":{"line":152,"column":28}},"48":{"start":{"line":153,"column":3},"end":{"line":158,"column":6}},"49":{"start":{"line":154,"column":4},"end":{"line":154,"column":42}},"50":{"start":{"line":155,"column":4},"end":{"line":155,"column":46}},"51":{"start":{"line":156,"column":4},"end":{"line":156,"column":44}},"52":{"start":{"line":157,"column":4},"end":{"line":157,"column":43}},"53":{"start":{"line":161,"column":1},"end":{"line":168,"column":4}},"54":{"start":{"line":162,"column":2},"end":{"line":167,"column":5}},"55":{"start":{"line":163,"column":3},"end":{"line":163,"column":15}},"56":{"start":{"line":164,"column":19},"end":{"line":164,"column":31}},"57":{"start":{"line":165,"column":19},"end":{"line":165,"column":30}},"58":{"start":{"line":166,"column":3},"end":{"line":166,"column":42}},"59":{"start":{"line":170,"column":1},"end":{"line":172,"column":4}},"60":{"start":{"line":171,"column":2},"end":{"line":171,"column":23}},"61":{"start":{"line":175,"column":27},"end":{"line":175,"column":57}},"62":{"start":{"line":176,"column":26},"end":{"line":176,"column":51}},"63":{"start":{"line":177,"column":21},"end":{"line":177,"column":58}},"64":{"start":{"line":178,"column":27},"end":{"line":178,"column":53}},"65":{"start":{"line":180,"column":0},"end":{"line":248,"column":3}},"66":{"start":{"line":181,"column":21},"end":{"line":181,"column":35}},"67":{"start":{"line":182,"column":1},"end":{"line":193,"column":4}},"68":{"start":{"line":183,"column":15},"end":{"line":192,"column":3}},"69":{"start":{"line":194,"column":1},"end":{"line":235,"column":4}},"70":{"start":{"line":195,"column":2},"end":{"line":234,"column":5}},"71":{"start":{"line":196,"column":3},"end":{"line":196,"column":34}},"72":{"start":{"line":197,"column":3},"end":{"line":197,"column":15}},"73":{"start":{"line":199,"column":3},"end":{"line":199,"column":75}},"74":{"start":{"line":201,"column":19},"end":{"line":201,"column":31}},"75":{"start":{"line":202,"column":19},"end":{"line":202,"column":31}},"76":{"start":{"line":203,"column":3},"end":{"line":203,"column":45}},"77":{"start":{"line":205,"column":17},"end":{"line":207,"column":15}},"78":{"start":{"line":209,"column":3},"end":{"line":214,"column":6}},"79":{"start":{"line":215,"column":21},"end":{"line":215,"column":62}},"80":{"start":{"line":218,"column":3},"end":{"line":218,"column":39}},"81":{"start":{"line":221,"column":3},"end":{"line":226,"column":6}},"82":{"start":{"line":236,"column":1},"end":{"line":244,"column":4}},"83":{"start":{"line":237,"column":2},"end":{"line":243,"column":5}},"84":{"start":{"line":238,"column":3},"end":{"line":238,"column":15}},"85":{"start":{"line":239,"column":19},"end":{"line":239,"column":31}},"86":{"start":{"line":240,"column":19},"end":{"line":240,"column":30}},"87":{"start":{"line":241,"column":3},"end":{"line":241,"column":41}},"88":{"start":{"line":245,"column":1},"end":{"line":247,"column":4}},"89":{"start":{"line":246,"column":2},"end":{"line":246,"column":23}},"90":{"start":{"line":250,"column":0},"end":{"line":313,"column":3}},"91":{"start":{"line":251,"column":21},"end":{"line":251,"column":35}},"92":{"start":{"line":252,"column":1},"end":{"line":260,"column":4}},"93":{"start":{"line":253,"column":15},"end":{"line":259,"column":3}},"94":{"start":{"line":261,"column":1},"end":{"line":300,"column":4}},"95":{"start":{"line":262,"column":2},"end":{"line":299,"column":5}},"96":{"start":{"line":263,"column":3},"end":{"line":263,"column":34}},"97":{"start":{"line":264,"column":3},"end":{"line":264,"column":15}},"98":{"start":{"line":266,"column":3},"end":{"line":266,"column":75}},"99":{"start":{"line":268,"column":19},"end":{"line":268,"column":31}},"100":{"start":{"line":269,"column":19},"end":{"line":269,"column":31}},"101":{"start":{"line":271,"column":3},"end":{"line":271,"column":45}},"102":{"start":{"line":274,"column":17},"end":{"line":276,"column":15}},"103":{"start":{"line":278,"column":3},"end":{"line":278,"column":62}},"104":{"start":{"line":279,"column":21},"end":{"line":279,"column":62}},"105":{"start":{"line":281,"column":3},"end":{"line":285,"column":4}},"106":{"start":{"line":282,"column":4},"end":{"line":284,"column":7}},"107":{"start":{"line":289,"column":3},"end":{"line":291,"column":6}},"108":{"start":{"line":295,"column":3},"end":{"line":295,"column":59}},"109":{"start":{"line":301,"column":1},"end":{"line":309,"column":4}},"110":{"start":{"line":302,"column":2},"end":{"line":308,"column":5}},"111":{"start":{"line":303,"column":3},"end":{"line":303,"column":15}},"112":{"start":{"line":304,"column":19},"end":{"line":304,"column":31}},"113":{"start":{"line":305,"column":19},"end":{"line":305,"column":30}},"114":{"start":{"line":306,"column":3},"end":{"line":306,"column":41}},"115":{"start":{"line":310,"column":1},"end":{"line":312,"column":4}},"116":{"start":{"line":311,"column":2},"end":{"line":311,"column":23}},"117":{"start":{"line":315,"column":0},"end":{"line":412,"column":3}},"118":{"start":{"line":316,"column":1},"end":{"line":334,"column":4}},"119":{"start":{"line":317,"column":15},"end":{"line":333,"column":3}},"120":{"start":{"line":335,"column":1},"end":{"line":366,"column":4}},"121":{"start":{"line":336,"column":2},"end":{"line":365,"column":5}},"122":{"start":{"line":337,"column":3},"end":{"line":337,"column":62}},"123":{"start":{"line":338,"column":3},"end":{"line":338,"column":34}},"124":{"start":{"line":339,"column":3},"end":{"line":339,"column":15}},"125":{"start":{"line":341,"column":19},"end":{"line":341,"column":31}},"126":{"start":{"line":342,"column":19},"end":{"line":342,"column":31}},"127":{"start":{"line":343,"column":3},"end":{"line":343,"column":46}},"128":{"start":{"line":345,"column":3},"end":{"line":345,"column":71}},"129":{"start":{"line":346,"column":21},"end":{"line":346,"column":62}},"130":{"start":{"line":348,"column":3},"end":{"line":348,"column":30}},"131":{"start":{"line":351,"column":22},"end":{"line":351,"column":47}},"132":{"start":{"line":354,"column":18},"end":{"line":354,"column":41}},"133":{"start":{"line":355,"column":3},"end":{"line":355,"column":40}},"134":{"start":{"line":356,"column":3},"end":{"line":356,"column":46}},"135":{"start":{"line":357,"column":3},"end":{"line":357,"column":74}},"136":{"start":{"line":368,"column":1},"end":{"line":400,"column":4}},"137":{"start":{"line":369,"column":2},"end":{"line":399,"column":5}},"138":{"start":{"line":370,"column":3},"end":{"line":398,"column":4}},"139":{"start":{"line":371,"column":4},"end":{"line":371,"column":63}},"140":{"start":{"line":373,"column":20},"end":{"line":373,"column":32}},"141":{"start":{"line":374,"column":20},"end":{"line":374,"column":32}},"142":{"start":{"line":376,"column":4},"end":{"line":376,"column":47}},"143":{"start":{"line":380,"column":4},"end":{"line":380,"column":72}},"144":{"start":{"line":381,"column":22},"end":{"line":381,"column":63}},"145":{"start":{"line":383,"column":4},"end":{"line":383,"column":64}},"146":{"start":{"line":386,"column":23},"end":{"line":386,"column":48}},"147":{"start":{"line":387,"column":19},"end":{"line":387,"column":36}},"148":{"start":{"line":388,"column":4},"end":{"line":388,"column":24}},"149":{"start":{"line":395,"column":4},"end":{"line":395,"column":76}},"150":{"start":{"line":396,"column":4},"end":{"line":396,"column":30}},"151":{"start":{"line":401,"column":1},"end":{"line":408,"column":4}},"152":{"start":{"line":402,"column":2},"end":{"line":407,"column":5}},"153":{"start":{"line":403,"column":3},"end":{"line":403,"column":15}},"154":{"start":{"line":404,"column":19},"end":{"line":404,"column":31}},"155":{"start":{"line":405,"column":19},"end":{"line":405,"column":30}},"156":{"start":{"line":406,"column":3},"end":{"line":406,"column":46}},"157":{"start":{"line":409,"column":1},"end":{"line":411,"column":4}},"158":{"start":{"line":410,"column":2},"end":{"line":410,"column":24}},"159":{"start":{"line":414,"column":0},"end":{"line":481,"column":3}},"160":{"start":{"line":415,"column":1},"end":{"line":430,"column":4}},"161":{"start":{"line":416,"column":15},"end":{"line":429,"column":3}},"162":{"start":{"line":431,"column":1},"end":{"line":469,"column":4}},"163":{"start":{"line":432,"column":2},"end":{"line":468,"column":5}},"164":{"start":{"line":433,"column":3},"end":{"line":467,"column":4}},"165":{"start":{"line":434,"column":4},"end":{"line":434,"column":63}},"166":{"start":{"line":435,"column":4},"end":{"line":435,"column":35}},"167":{"start":{"line":436,"column":4},"end":{"line":436,"column":16}},"168":{"start":{"line":438,"column":20},"end":{"line":438,"column":32}},"169":{"start":{"line":439,"column":20},"end":{"line":439,"column":32}},"170":{"start":{"line":441,"column":4},"end":{"line":441,"column":47}},"171":{"start":{"line":443,"column":4},"end":{"line":448,"column":7}},"172":{"start":{"line":449,"column":22},"end":{"line":449,"column":63}},"173":{"start":{"line":451,"column":4},"end":{"line":464,"column":5}},"174":{"start":{"line":453,"column":5},"end":{"line":458,"column":8}},"175":{"start":{"line":463,"column":5},"end":{"line":463,"column":39}},"176":{"start":{"line":466,"column":4},"end":{"line":466,"column":30}},"177":{"start":{"line":470,"column":1},"end":{"line":477,"column":4}},"178":{"start":{"line":471,"column":2},"end":{"line":476,"column":5}},"179":{"start":{"line":472,"column":3},"end":{"line":472,"column":15}},"180":{"start":{"line":473,"column":19},"end":{"line":473,"column":31}},"181":{"start":{"line":474,"column":19},"end":{"line":474,"column":30}},"182":{"start":{"line":475,"column":3},"end":{"line":475,"column":46}},"183":{"start":{"line":478,"column":1},"end":{"line":480,"column":4}},"184":{"start":{"line":479,"column":2},"end":{"line":479,"column":24}},"185":{"start":{"line":483,"column":26},"end":{"line":483,"column":51}},"186":{"start":{"line":485,"column":0},"end":{"line":567,"column":3}},"187":{"start":{"line":486,"column":21},"end":{"line":486,"column":35}},"188":{"start":{"line":487,"column":21},"end":{"line":487,"column":23}},"189":{"start":{"line":488,"column":1},"end":{"line":507,"column":4}},"190":{"start":{"line":489,"column":15},"end":{"line":506,"column":3}},"191":{"start":{"line":508,"column":1},"end":{"line":554,"column":4}},"192":{"start":{"line":509,"column":2},"end":{"line":553,"column":5}},"193":{"start":{"line":510,"column":3},"end":{"line":510,"column":75}},"194":{"start":{"line":511,"column":3},"end":{"line":511,"column":34}},"195":{"start":{"line":512,"column":3},"end":{"line":512,"column":15}},"196":{"start":{"line":513,"column":19},"end":{"line":513,"column":31}},"197":{"start":{"line":514,"column":19},"end":{"line":514,"column":31}},"198":{"start":{"line":515,"column":3},"end":{"line":515,"column":45}},"199":{"start":{"line":530,"column":29},"end":{"line":533,"column":17}},"200":{"start":{"line":534,"column":18},"end":{"line":537,"column":4}},"201":{"start":{"line":539,"column":3},"end":{"line":539,"column":36}},"202":{"start":{"line":541,"column":17},"end":{"line":543,"column":15}},"203":{"start":{"line":545,"column":3},"end":{"line":549,"column":6}},"204":{"start":{"line":550,"column":3},"end":{"line":550,"column":52}},"205":{"start":{"line":551,"column":3},"end":{"line":551,"column":56}},"206":{"start":{"line":552,"column":3},"end":{"line":552,"column":53}},"207":{"start":{"line":555,"column":1},"end":{"line":562,"column":4}},"208":{"start":{"line":556,"column":2},"end":{"line":561,"column":5}},"209":{"start":{"line":557,"column":3},"end":{"line":557,"column":15}},"210":{"start":{"line":558,"column":19},"end":{"line":558,"column":31}},"211":{"start":{"line":559,"column":19},"end":{"line":559,"column":30}},"212":{"start":{"line":560,"column":3},"end":{"line":560,"column":45}},"213":{"start":{"line":564,"column":1},"end":{"line":566,"column":4}},"214":{"start":{"line":565,"column":2},"end":{"line":565,"column":23}},"215":{"start":{"line":569,"column":0},"end":{"line":633,"column":3}},"216":{"start":{"line":570,"column":24},"end":{"line":570,"column":38}},"217":{"start":{"line":572,"column":1},"end":{"line":582,"column":4}},"218":{"start":{"line":573,"column":15},"end":{"line":581,"column":3}},"219":{"start":{"line":583,"column":1},"end":{"line":617,"column":4}},"220":{"start":{"line":584,"column":2},"end":{"line":616,"column":5}},"221":{"start":{"line":585,"column":3},"end":{"line":588,"column":5}},"222":{"start":{"line":589,"column":3},"end":{"line":589,"column":34}},"223":{"start":{"line":590,"column":3},"end":{"line":590,"column":15}},"224":{"start":{"line":592,"column":19},"end":{"line":592,"column":31}},"225":{"start":{"line":593,"column":19},"end":{"line":593,"column":31}},"226":{"start":{"line":594,"column":22},"end":{"line":594,"column":50}},"227":{"start":{"line":595,"column":3},"end":{"line":595,"column":38}},"228":{"start":{"line":597,"column":33},"end":{"line":604,"column":6}},"229":{"start":{"line":605,"column":3},"end":{"line":605,"column":54}},"230":{"start":{"line":609,"column":3},"end":{"line":611,"column":6}},"231":{"start":{"line":612,"column":3},"end":{"line":614,"column":6}},"232":{"start":{"line":615,"column":3},"end":{"line":615,"column":55}},"233":{"start":{"line":618,"column":1},"end":{"line":628,"column":4}},"234":{"start":{"line":619,"column":2},"end":{"line":627,"column":4}},"235":{"start":{"line":622,"column":4},"end":{"line":622,"column":16}},"236":{"start":{"line":623,"column":20},"end":{"line":623,"column":32}},"237":{"start":{"line":624,"column":20},"end":{"line":624,"column":31}},"238":{"start":{"line":625,"column":4},"end":{"line":625,"column":45}},"239":{"start":{"line":630,"column":1},"end":{"line":632,"column":4}},"240":{"start":{"line":631,"column":2},"end":{"line":631,"column":26}},"241":{"start":{"line":639,"column":0},"end":{"line":772,"column":3}},"242":{"start":{"line":640,"column":14},"end":{"line":677,"column":2}},"243":{"start":{"line":678,"column":1},"end":{"line":686,"column":4}},"244":{"start":{"line":679,"column":15},"end":{"line":685,"column":3}},"245":{"start":{"line":687,"column":1},"end":{"line":759,"column":4}},"246":{"start":{"line":688,"column":2},"end":{"line":758,"column":5}},"247":{"start":{"line":689,"column":3},"end":{"line":689,"column":34}},"248":{"start":{"line":690,"column":3},"end":{"line":690,"column":15}},"249":{"start":{"line":691,"column":19},"end":{"line":691,"column":31}},"250":{"start":{"line":692,"column":19},"end":{"line":692,"column":31}},"251":{"start":{"line":693,"column":22},"end":{"line":693,"column":45}},"252":{"start":{"line":694,"column":3},"end":{"line":694,"column":39}},"253":{"start":{"line":696,"column":24},"end":{"line":700,"column":19}},"254":{"start":{"line":701,"column":18},"end":{"line":701,"column":37}},"255":{"start":{"line":702,"column":3},"end":{"line":702,"column":25}},"256":{"start":{"line":704,"column":3},"end":{"line":704,"column":36}},"257":{"start":{"line":705,"column":3},"end":{"line":705,"column":40}},"258":{"start":{"line":706,"column":3},"end":{"line":748,"column":5}},"259":{"start":{"line":749,"column":20},"end":{"line":749,"column":40}},"260":{"start":{"line":750,"column":3},"end":{"line":757,"column":6}},"261":{"start":{"line":751,"column":4},"end":{"line":751,"column":47}},"262":{"start":{"line":752,"column":4},"end":{"line":752,"column":46}},"263":{"start":{"line":753,"column":4},"end":{"line":753,"column":46}},"264":{"start":{"line":754,"column":4},"end":{"line":754,"column":45}},"265":{"start":{"line":755,"column":4},"end":{"line":755,"column":44}},"266":{"start":{"line":760,"column":1},"end":{"line":768,"column":4}},"267":{"start":{"line":761,"column":2},"end":{"line":767,"column":5}},"268":{"start":{"line":762,"column":3},"end":{"line":762,"column":15}},"269":{"start":{"line":763,"column":19},"end":{"line":763,"column":31}},"270":{"start":{"line":764,"column":19},"end":{"line":764,"column":30}},"271":{"start":{"line":766,"column":3},"end":{"line":766,"column":39}},"272":{"start":{"line":769,"column":1},"end":{"line":771,"column":4}},"273":{"start":{"line":770,"column":2},"end":{"line":770,"column":23}},"274":{"start":{"line":774,"column":24},"end":{"line":774,"column":51}},"275":{"start":{"line":776,"column":0},"end":{"line":868,"column":3}},"276":{"start":{"line":777,"column":21},"end":{"line":777,"column":28}},"277":{"start":{"line":778,"column":1},"end":{"line":795,"column":4}},"278":{"start":{"line":779,"column":15},"end":{"line":794,"column":3}},"279":{"start":{"line":796,"column":1},"end":{"line":856,"column":4}},"280":{"start":{"line":797,"column":2},"end":{"line":855,"column":5}},"281":{"start":{"line":798,"column":19},"end":{"line":798,"column":31}},"282":{"start":{"line":799,"column":19},"end":{"line":799,"column":31}},"283":{"start":{"line":800,"column":22},"end":{"line":800,"column":44}},"284":{"start":{"line":801,"column":3},"end":{"line":801,"column":30}},"285":{"start":{"line":803,"column":3},"end":{"line":814,"column":6}},"286":{"start":{"line":815,"column":21},"end":{"line":815,"column":56}},"287":{"start":{"line":824,"column":3},"end":{"line":835,"column":6}},"288":{"start":{"line":836,"column":3},"end":{"line":836,"column":34}},"289":{"start":{"line":837,"column":3},"end":{"line":837,"column":15}},"290":{"start":{"line":838,"column":3},"end":{"line":849,"column":6}},"291":{"start":{"line":850,"column":3},"end":{"line":850,"column":57}},"292":{"start":{"line":851,"column":3},"end":{"line":851,"column":56}},"293":{"start":{"line":852,"column":3},"end":{"line":852,"column":56}},"294":{"start":{"line":853,"column":3},"end":{"line":853,"column":55}},"295":{"start":{"line":854,"column":3},"end":{"line":854,"column":54}},"296":{"start":{"line":857,"column":1},"end":{"line":864,"column":4}},"297":{"start":{"line":858,"column":2},"end":{"line":863,"column":5}},"298":{"start":{"line":859,"column":3},"end":{"line":859,"column":15}},"299":{"start":{"line":860,"column":19},"end":{"line":860,"column":31}},"300":{"start":{"line":861,"column":19},"end":{"line":861,"column":30}},"301":{"start":{"line":862,"column":3},"end":{"line":862,"column":38}},"302":{"start":{"line":865,"column":1},"end":{"line":867,"column":4}},"303":{"start":{"line":866,"column":2},"end":{"line":866,"column":23}},"304":{"start":{"line":870,"column":24},"end":{"line":870,"column":47}},"305":{"start":{"line":872,"column":0},"end":{"line":958,"column":3}},"306":{"start":{"line":873,"column":1},"end":{"line":903,"column":4}},"307":{"start":{"line":874,"column":15},"end":{"line":902,"column":3}},"308":{"start":{"line":904,"column":1},"end":{"line":945,"column":4}},"309":{"start":{"line":905,"column":2},"end":{"line":944,"column":5}},"310":{"start":{"line":906,"column":3},"end":{"line":938,"column":4}},"311":{"start":{"line":907,"column":4},"end":{"line":907,"column":35}},"312":{"start":{"line":908,"column":4},"end":{"line":908,"column":16}},"313":{"start":{"line":909,"column":20},"end":{"line":909,"column":32}},"314":{"start":{"line":910,"column":20},"end":{"line":910,"column":32}},"315":{"start":{"line":911,"column":4},"end":{"line":911,"column":36}},"316":{"start":{"line":914,"column":4},"end":{"line":914,"column":66}},"317":{"start":{"line":915,"column":22},"end":{"line":915,"column":63}},"318":{"start":{"line":925,"column":21},"end":{"line":925,"column":69}},"319":{"start":{"line":927,"column":20},"end":{"line":927,"column":38}},"320":{"start":{"line":929,"column":19},"end":{"line":929,"column":39}},"321":{"start":{"line":931,"column":4},"end":{"line":931,"column":43}},"322":{"start":{"line":932,"column":4},"end":{"line":932,"column":31}},"323":{"start":{"line":934,"column":4},"end":{"line":934,"column":72}},"324":{"start":{"line":935,"column":4},"end":{"line":935,"column":37}},"325":{"start":{"line":937,"column":4},"end":{"line":937,"column":30}},"326":{"start":{"line":947,"column":1},"end":{"line":954,"column":4}},"327":{"start":{"line":948,"column":2},"end":{"line":953,"column":5}},"328":{"start":{"line":949,"column":3},"end":{"line":949,"column":15}},"329":{"start":{"line":950,"column":19},"end":{"line":950,"column":31}},"330":{"start":{"line":951,"column":19},"end":{"line":951,"column":30}},"331":{"start":{"line":952,"column":3},"end":{"line":952,"column":39}},"332":{"start":{"line":955,"column":1},"end":{"line":957,"column":4}},"333":{"start":{"line":956,"column":2},"end":{"line":956,"column":24}},"334":{"start":{"line":960,"column":0},"end":{"line":1082,"column":3}},"335":{"start":{"line":961,"column":1},"end":{"line":982,"column":4}},"336":{"start":{"line":962,"column":15},"end":{"line":981,"column":3}},"337":{"start":{"line":983,"column":1},"end":{"line":1070,"column":4}},"338":{"start":{"line":984,"column":2},"end":{"line":1069,"column":5}},"339":{"start":{"line":985,"column":3},"end":{"line":1028,"column":4}},"340":{"start":{"line":986,"column":4},"end":{"line":986,"column":35}},"341":{"start":{"line":987,"column":4},"end":{"line":987,"column":16}},"342":{"start":{"line":988,"column":20},"end":{"line":988,"column":32}},"343":{"start":{"line":989,"column":20},"end":{"line":989,"column":32}},"344":{"start":{"line":991,"column":4},"end":{"line":991,"column":44}},"345":{"start":{"line":999,"column":4},"end":{"line":1010,"column":7}},"346":{"start":{"line":1011,"column":22},"end":{"line":1011,"column":63}},"347":{"start":{"line":1016,"column":4},"end":{"line":1018,"column":7}},"348":{"start":{"line":1027,"column":4},"end":{"line":1027,"column":30}},"349":{"start":{"line":1071,"column":1},"end":{"line":1078,"column":4}},"350":{"start":{"line":1072,"column":2},"end":{"line":1077,"column":5}},"351":{"start":{"line":1073,"column":3},"end":{"line":1073,"column":15}},"352":{"start":{"line":1074,"column":19},"end":{"line":1074,"column":31}},"353":{"start":{"line":1075,"column":19},"end":{"line":1075,"column":30}},"354":{"start":{"line":1076,"column":3},"end":{"line":1076,"column":39}},"355":{"start":{"line":1079,"column":1},"end":{"line":1081,"column":4}},"356":{"start":{"line":1080,"column":2},"end":{"line":1080,"column":24}},"357":{"start":{"line":1084,"column":23},"end":{"line":1084,"column":59}},"358":{"start":{"line":1086,"column":0},"end":{"line":1193,"column":3}},"359":{"start":{"line":1087,"column":21},"end":{"line":1087,"column":28}},"360":{"start":{"line":1088,"column":20},"end":{"line":1088,"column":39}},"361":{"start":{"line":1089,"column":1},"end":{"line":1120,"column":4}},"362":{"start":{"line":1090,"column":15},"end":{"line":1119,"column":3}},"363":{"start":{"line":1121,"column":1},"end":{"line":1181,"column":4}},"364":{"start":{"line":1122,"column":2},"end":{"line":1180,"column":5}},"365":{"start":{"line":1123,"column":3},"end":{"line":1123,"column":34}},"366":{"start":{"line":1124,"column":3},"end":{"line":1124,"column":15}},"367":{"start":{"line":1126,"column":19},"end":{"line":1126,"column":31}},"368":{"start":{"line":1127,"column":19},"end":{"line":1127,"column":31}},"369":{"start":{"line":1129,"column":22},"end":{"line":1129,"column":44}},"370":{"start":{"line":1130,"column":3},"end":{"line":1130,"column":30}},"371":{"start":{"line":1135,"column":3},"end":{"line":1146,"column":6}},"372":{"start":{"line":1147,"column":18},"end":{"line":1147,"column":72}},"373":{"start":{"line":1151,"column":3},"end":{"line":1162,"column":6}},"374":{"start":{"line":1163,"column":3},"end":{"line":1174,"column":6}},"375":{"start":{"line":1175,"column":3},"end":{"line":1175,"column":57}},"376":{"start":{"line":1176,"column":3},"end":{"line":1176,"column":56}},"377":{"start":{"line":1177,"column":3},"end":{"line":1177,"column":56}},"378":{"start":{"line":1178,"column":3},"end":{"line":1178,"column":55}},"379":{"start":{"line":1179,"column":3},"end":{"line":1179,"column":54}},"380":{"start":{"line":1182,"column":1},"end":{"line":1189,"column":4}},"381":{"start":{"line":1183,"column":2},"end":{"line":1188,"column":5}},"382":{"start":{"line":1184,"column":3},"end":{"line":1184,"column":15}},"383":{"start":{"line":1185,"column":19},"end":{"line":1185,"column":31}},"384":{"start":{"line":1186,"column":19},"end":{"line":1186,"column":30}},"385":{"start":{"line":1187,"column":3},"end":{"line":1187,"column":38}},"386":{"start":{"line":1190,"column":1},"end":{"line":1192,"column":4}},"387":{"start":{"line":1191,"column":2},"end":{"line":1191,"column":23}},"388":{"start":{"line":1195,"column":0},"end":{"line":1283,"column":3}},"389":{"start":{"line":1196,"column":24},"end":{"line":1196,"column":31}},"390":{"start":{"line":1197,"column":1},"end":{"line":1205,"column":4}},"391":{"start":{"line":1198,"column":15},"end":{"line":1204,"column":3}},"392":{"start":{"line":1206,"column":1},"end":{"line":1270,"column":4}},"393":{"start":{"line":1207,"column":2},"end":{"line":1269,"column":5}},"394":{"start":{"line":1208,"column":3},"end":{"line":1208,"column":34}},"395":{"start":{"line":1209,"column":3},"end":{"line":1209,"column":15}},"396":{"start":{"line":1210,"column":19},"end":{"line":1210,"column":31}},"397":{"start":{"line":1211,"column":19},"end":{"line":1211,"column":31}},"398":{"start":{"line":1212,"column":22},"end":{"line":1212,"column":47}},"399":{"start":{"line":1213,"column":3},"end":{"line":1213,"column":30}},"400":{"start":{"line":1215,"column":30},"end":{"line":1225,"column":6}},"401":{"start":{"line":1226,"column":3},"end":{"line":1226,"column":48}},"402":{"start":{"line":1227,"column":3},"end":{"line":1227,"column":31}},"403":{"start":{"line":1257,"column":3},"end":{"line":1259,"column":6}},"404":{"start":{"line":1260,"column":3},"end":{"line":1262,"column":6}},"405":{"start":{"line":1263,"column":3},"end":{"line":1263,"column":55}},"406":{"start":{"line":1271,"column":1},"end":{"line":1278,"column":4}},"407":{"start":{"line":1272,"column":2},"end":{"line":1277,"column":5}},"408":{"start":{"line":1273,"column":3},"end":{"line":1273,"column":15}},"409":{"start":{"line":1274,"column":19},"end":{"line":1274,"column":31}},"410":{"start":{"line":1275,"column":19},"end":{"line":1275,"column":30}},"411":{"start":{"line":1276,"column":3},"end":{"line":1276,"column":41}},"412":{"start":{"line":1280,"column":1},"end":{"line":1282,"column":4}},"413":{"start":{"line":1281,"column":2},"end":{"line":1281,"column":26}},"414":{"start":{"line":1289,"column":25},"end":{"line":1289,"column":49}},"415":{"start":{"line":1291,"column":0},"end":{"line":1414,"column":3}},"416":{"start":{"line":1292,"column":17},"end":{"line":1335,"column":2}},"417":{"start":{"line":1336,"column":1},"end":{"line":1351,"column":4}},"418":{"start":{"line":1337,"column":15},"end":{"line":1350,"column":3}},"419":{"start":{"line":1353,"column":1},"end":{"line":1400,"column":4}},"420":{"start":{"line":1354,"column":2},"end":{"line":1399,"column":5}},"421":{"start":{"line":1355,"column":19},"end":{"line":1355,"column":31}},"422":{"start":{"line":1356,"column":19},"end":{"line":1356,"column":31}},"423":{"start":{"line":1357,"column":3},"end":{"line":1357,"column":44}},"424":{"start":{"line":1365,"column":26},"end":{"line":1371,"column":5}},"425":{"start":{"line":1373,"column":29},"end":{"line":1373,"column":52}},"426":{"start":{"line":1375,"column":3},"end":{"line":1375,"column":53}},"427":{"start":{"line":1376,"column":3},"end":{"line":1376,"column":49}},"428":{"start":{"line":1377,"column":3},"end":{"line":1377,"column":42}},"429":{"start":{"line":1378,"column":3},"end":{"line":1378,"column":66}},"430":{"start":{"line":1379,"column":3},"end":{"line":1379,"column":46}},"431":{"start":{"line":1380,"column":3},"end":{"line":1380,"column":43}},"432":{"start":{"line":1382,"column":3},"end":{"line":1382,"column":35}},"433":{"start":{"line":1383,"column":3},"end":{"line":1383,"column":32}},"434":{"start":{"line":1384,"column":3},"end":{"line":1384,"column":38}},"435":{"start":{"line":1385,"column":3},"end":{"line":1385,"column":34}},"436":{"start":{"line":1386,"column":3},"end":{"line":1386,"column":42}},"437":{"start":{"line":1402,"column":1},"end":{"line":1409,"column":4}},"438":{"start":{"line":1403,"column":2},"end":{"line":1408,"column":5}},"439":{"start":{"line":1404,"column":3},"end":{"line":1404,"column":15}},"440":{"start":{"line":1405,"column":19},"end":{"line":1405,"column":31}},"441":{"start":{"line":1406,"column":19},"end":{"line":1406,"column":30}},"442":{"start":{"line":1407,"column":3},"end":{"line":1407,"column":44}},"443":{"start":{"line":1411,"column":1},"end":{"line":1413,"column":4}},"444":{"start":{"line":1412,"column":2},"end":{"line":1412,"column":23}},"445":{"start":{"line":1416,"column":0},"end":{"line":1533,"column":3}},"446":{"start":{"line":1417,"column":17},"end":{"line":1460,"column":2}},"447":{"start":{"line":1461,"column":1},"end":{"line":1476,"column":4}},"448":{"start":{"line":1462,"column":15},"end":{"line":1475,"column":3}},"449":{"start":{"line":1478,"column":1},"end":{"line":1519,"column":4}},"450":{"start":{"line":1479,"column":2},"end":{"line":1518,"column":5}},"451":{"start":{"line":1480,"column":19},"end":{"line":1480,"column":31}},"452":{"start":{"line":1481,"column":19},"end":{"line":1481,"column":31}},"453":{"start":{"line":1482,"column":3},"end":{"line":1482,"column":44}},"454":{"start":{"line":1484,"column":28},"end":{"line":1490,"column":5}},"455":{"start":{"line":1492,"column":31},"end":{"line":1492,"column":54}},"456":{"start":{"line":1494,"column":3},"end":{"line":1494,"column":55}},"457":{"start":{"line":1495,"column":3},"end":{"line":1495,"column":51}},"458":{"start":{"line":1496,"column":3},"end":{"line":1496,"column":47}},"459":{"start":{"line":1497,"column":3},"end":{"line":1497,"column":49}},"460":{"start":{"line":1498,"column":3},"end":{"line":1498,"column":48}},"461":{"start":{"line":1499,"column":3},"end":{"line":1499,"column":45}},"462":{"start":{"line":1501,"column":3},"end":{"line":1501,"column":37}},"463":{"start":{"line":1502,"column":3},"end":{"line":1502,"column":34}},"464":{"start":{"line":1503,"column":3},"end":{"line":1503,"column":40}},"465":{"start":{"line":1504,"column":3},"end":{"line":1504,"column":36}},"466":{"start":{"line":1505,"column":3},"end":{"line":1505,"column":44}},"467":{"start":{"line":1521,"column":1},"end":{"line":1528,"column":4}},"468":{"start":{"line":1522,"column":2},"end":{"line":1527,"column":5}},"469":{"start":{"line":1523,"column":3},"end":{"line":1523,"column":15}},"470":{"start":{"line":1524,"column":19},"end":{"line":1524,"column":31}},"471":{"start":{"line":1525,"column":19},"end":{"line":1525,"column":30}},"472":{"start":{"line":1526,"column":3},"end":{"line":1526,"column":44}},"473":{"start":{"line":1530,"column":1},"end":{"line":1532,"column":4}},"474":{"start":{"line":1531,"column":2},"end":{"line":1531,"column":23}},"475":{"start":{"line":1535,"column":0},"end":{"line":1652,"column":3}},"476":{"start":{"line":1536,"column":17},"end":{"line":1579,"column":2}},"477":{"start":{"line":1580,"column":1},"end":{"line":1595,"column":4}},"478":{"start":{"line":1581,"column":15},"end":{"line":1594,"column":3}},"479":{"start":{"line":1597,"column":1},"end":{"line":1638,"column":4}},"480":{"start":{"line":1598,"column":2},"end":{"line":1637,"column":5}},"481":{"start":{"line":1599,"column":19},"end":{"line":1599,"column":31}},"482":{"start":{"line":1600,"column":19},"end":{"line":1600,"column":31}},"483":{"start":{"line":1601,"column":3},"end":{"line":1601,"column":44}},"484":{"start":{"line":1603,"column":26},"end":{"line":1609,"column":5}},"485":{"start":{"line":1611,"column":29},"end":{"line":1611,"column":52}},"486":{"start":{"line":1613,"column":3},"end":{"line":1613,"column":53}},"487":{"start":{"line":1614,"column":3},"end":{"line":1614,"column":49}},"488":{"start":{"line":1615,"column":3},"end":{"line":1615,"column":45}},"489":{"start":{"line":1616,"column":3},"end":{"line":1616,"column":47}},"490":{"start":{"line":1617,"column":3},"end":{"line":1617,"column":46}},"491":{"start":{"line":1618,"column":3},"end":{"line":1618,"column":46}},"492":{"start":{"line":1620,"column":3},"end":{"line":1620,"column":35}},"493":{"start":{"line":1621,"column":3},"end":{"line":1621,"column":32}},"494":{"start":{"line":1622,"column":3},"end":{"line":1622,"column":38}},"495":{"start":{"line":1623,"column":3},"end":{"line":1623,"column":34}},"496":{"start":{"line":1624,"column":3},"end":{"line":1624,"column":42}},"497":{"start":{"line":1640,"column":1},"end":{"line":1647,"column":4}},"498":{"start":{"line":1641,"column":2},"end":{"line":1646,"column":5}},"499":{"start":{"line":1642,"column":3},"end":{"line":1642,"column":15}},"500":{"start":{"line":1643,"column":19},"end":{"line":1643,"column":31}},"501":{"start":{"line":1644,"column":19},"end":{"line":1644,"column":30}},"502":{"start":{"line":1645,"column":3},"end":{"line":1645,"column":44}},"503":{"start":{"line":1649,"column":1},"end":{"line":1651,"column":4}},"504":{"start":{"line":1650,"column":2},"end":{"line":1650,"column":23}},"505":{"start":{"line":1654,"column":0},"end":{"line":1771,"column":3}},"506":{"start":{"line":1655,"column":17},"end":{"line":1698,"column":2}},"507":{"start":{"line":1699,"column":1},"end":{"line":1714,"column":4}},"508":{"start":{"line":1700,"column":15},"end":{"line":1713,"column":3}},"509":{"start":{"line":1716,"column":1},"end":{"line":1757,"column":4}},"510":{"start":{"line":1717,"column":2},"end":{"line":1756,"column":5}},"511":{"start":{"line":1718,"column":19},"end":{"line":1718,"column":31}},"512":{"start":{"line":1719,"column":19},"end":{"line":1719,"column":31}},"513":{"start":{"line":1720,"column":3},"end":{"line":1720,"column":44}},"514":{"start":{"line":1722,"column":26},"end":{"line":1728,"column":5}},"515":{"start":{"line":1730,"column":29},"end":{"line":1730,"column":52}},"516":{"start":{"line":1732,"column":3},"end":{"line":1732,"column":53}},"517":{"start":{"line":1733,"column":3},"end":{"line":1733,"column":49}},"518":{"start":{"line":1734,"column":3},"end":{"line":1734,"column":45}},"519":{"start":{"line":1735,"column":3},"end":{"line":1735,"column":39}},"520":{"start":{"line":1736,"column":3},"end":{"line":1736,"column":46}},"521":{"start":{"line":1737,"column":3},"end":{"line":1737,"column":46}},"522":{"start":{"line":1739,"column":3},"end":{"line":1739,"column":35}},"523":{"start":{"line":1740,"column":3},"end":{"line":1740,"column":32}},"524":{"start":{"line":1741,"column":3},"end":{"line":1741,"column":38}},"525":{"start":{"line":1742,"column":3},"end":{"line":1742,"column":34}},"526":{"start":{"line":1743,"column":3},"end":{"line":1743,"column":42}},"527":{"start":{"line":1759,"column":1},"end":{"line":1766,"column":4}},"528":{"start":{"line":1760,"column":2},"end":{"line":1765,"column":5}},"529":{"start":{"line":1761,"column":3},"end":{"line":1761,"column":15}},"530":{"start":{"line":1762,"column":19},"end":{"line":1762,"column":31}},"531":{"start":{"line":1763,"column":19},"end":{"line":1763,"column":30}},"532":{"start":{"line":1764,"column":3},"end":{"line":1764,"column":44}},"533":{"start":{"line":1768,"column":1},"end":{"line":1770,"column":4}},"534":{"start":{"line":1769,"column":2},"end":{"line":1769,"column":23}},"535":{"start":{"line":1773,"column":0},"end":{"line":1890,"column":3}},"536":{"start":{"line":1774,"column":17},"end":{"line":1817,"column":2}},"537":{"start":{"line":1818,"column":1},"end":{"line":1833,"column":4}},"538":{"start":{"line":1819,"column":15},"end":{"line":1832,"column":3}},"539":{"start":{"line":1835,"column":1},"end":{"line":1876,"column":4}},"540":{"start":{"line":1836,"column":2},"end":{"line":1875,"column":5}},"541":{"start":{"line":1837,"column":19},"end":{"line":1837,"column":31}},"542":{"start":{"line":1838,"column":19},"end":{"line":1838,"column":31}},"543":{"start":{"line":1839,"column":3},"end":{"line":1839,"column":44}},"544":{"start":{"line":1841,"column":27},"end":{"line":1847,"column":5}},"545":{"start":{"line":1849,"column":30},"end":{"line":1849,"column":53}},"546":{"start":{"line":1851,"column":3},"end":{"line":1851,"column":54}},"547":{"start":{"line":1852,"column":3},"end":{"line":1852,"column":50}},"548":{"start":{"line":1853,"column":3},"end":{"line":1853,"column":43}},"549":{"start":{"line":1854,"column":3},"end":{"line":1854,"column":67}},"550":{"start":{"line":1855,"column":3},"end":{"line":1855,"column":47}},"551":{"start":{"line":1856,"column":3},"end":{"line":1856,"column":47}},"552":{"start":{"line":1858,"column":3},"end":{"line":1858,"column":36}},"553":{"start":{"line":1859,"column":3},"end":{"line":1859,"column":33}},"554":{"start":{"line":1860,"column":3},"end":{"line":1860,"column":39}},"555":{"start":{"line":1861,"column":3},"end":{"line":1861,"column":35}},"556":{"start":{"line":1862,"column":3},"end":{"line":1862,"column":43}},"557":{"start":{"line":1878,"column":1},"end":{"line":1885,"column":4}},"558":{"start":{"line":1879,"column":2},"end":{"line":1884,"column":5}},"559":{"start":{"line":1880,"column":3},"end":{"line":1880,"column":15}},"560":{"start":{"line":1881,"column":19},"end":{"line":1881,"column":31}},"561":{"start":{"line":1882,"column":19},"end":{"line":1882,"column":30}},"562":{"start":{"line":1883,"column":3},"end":{"line":1883,"column":44}},"563":{"start":{"line":1887,"column":1},"end":{"line":1889,"column":4}},"564":{"start":{"line":1888,"column":2},"end":{"line":1888,"column":23}},"565":{"start":{"line":1892,"column":0},"end":{"line":2050,"column":3}},"566":{"start":{"line":1893,"column":17},"end":{"line":1936,"column":2}},"567":{"start":{"line":1937,"column":1},"end":{"line":1952,"column":4}},"568":{"start":{"line":1938,"column":15},"end":{"line":1951,"column":3}},"569":{"start":{"line":1954,"column":1},"end":{"line":2036,"column":4}},"570":{"start":{"line":1955,"column":2},"end":{"line":2035,"column":5}},"571":{"start":{"line":1956,"column":19},"end":{"line":1956,"column":31}},"572":{"start":{"line":1957,"column":19},"end":{"line":1957,"column":31}},"573":{"start":{"line":1958,"column":3},"end":{"line":1958,"column":44}},"574":{"start":{"line":2011,"column":26},"end":{"line":2017,"column":5}},"575":{"start":{"line":2019,"column":29},"end":{"line":2019,"column":52}},"576":{"start":{"line":2021,"column":3},"end":{"line":2021,"column":53}},"577":{"start":{"line":2022,"column":3},"end":{"line":2022,"column":49}},"578":{"start":{"line":2023,"column":3},"end":{"line":2023,"column":45}},"579":{"start":{"line":2024,"column":3},"end":{"line":2024,"column":44}},"580":{"start":{"line":2025,"column":3},"end":{"line":2025,"column":46}},"581":{"start":{"line":2026,"column":3},"end":{"line":2026,"column":43}},"582":{"start":{"line":2028,"column":3},"end":{"line":2028,"column":35}},"583":{"start":{"line":2029,"column":3},"end":{"line":2029,"column":32}},"584":{"start":{"line":2030,"column":3},"end":{"line":2030,"column":38}},"585":{"start":{"line":2031,"column":3},"end":{"line":2031,"column":34}},"586":{"start":{"line":2032,"column":3},"end":{"line":2032,"column":42}},"587":{"start":{"line":2034,"column":3},"end":{"line":2034,"column":37}},"588":{"start":{"line":2038,"column":1},"end":{"line":2045,"column":4}},"589":{"start":{"line":2039,"column":2},"end":{"line":2044,"column":5}},"590":{"start":{"line":2040,"column":3},"end":{"line":2040,"column":15}},"591":{"start":{"line":2041,"column":19},"end":{"line":2041,"column":31}},"592":{"start":{"line":2042,"column":19},"end":{"line":2042,"column":30}},"593":{"start":{"line":2043,"column":3},"end":{"line":2043,"column":44}},"594":{"start":{"line":2047,"column":1},"end":{"line":2049,"column":4}},"595":{"start":{"line":2048,"column":2},"end":{"line":2048,"column":23}},"596":{"start":{"line":2051,"column":0},"end":{"line":2173,"column":3}},"597":{"start":{"line":2052,"column":17},"end":{"line":2095,"column":2}},"598":{"start":{"line":2096,"column":1},"end":{"line":2111,"column":4}},"599":{"start":{"line":2097,"column":15},"end":{"line":2110,"column":3}},"600":{"start":{"line":2113,"column":1},"end":{"line":2159,"column":4}},"601":{"start":{"line":2114,"column":2},"end":{"line":2158,"column":5}},"602":{"start":{"line":2117,"column":19},"end":{"line":2117,"column":31}},"603":{"start":{"line":2118,"column":19},"end":{"line":2118,"column":31}},"604":{"start":{"line":2119,"column":3},"end":{"line":2119,"column":44}},"605":{"start":{"line":2121,"column":28},"end":{"line":2127,"column":5}},"606":{"start":{"line":2129,"column":24},"end":{"line":2129,"column":47}},"607":{"start":{"line":2131,"column":3},"end":{"line":2131,"column":48}},"608":{"start":{"line":2132,"column":3},"end":{"line":2132,"column":44}},"609":{"start":{"line":2133,"column":3},"end":{"line":2133,"column":44}},"610":{"start":{"line":2134,"column":3},"end":{"line":2134,"column":44}},"611":{"start":{"line":2135,"column":3},"end":{"line":2135,"column":41}},"612":{"start":{"line":2136,"column":3},"end":{"line":2136,"column":38}},"613":{"start":{"line":2138,"column":3},"end":{"line":2138,"column":30}},"614":{"start":{"line":2139,"column":3},"end":{"line":2139,"column":27}},"615":{"start":{"line":2140,"column":3},"end":{"line":2140,"column":33}},"616":{"start":{"line":2141,"column":3},"end":{"line":2141,"column":29}},"617":{"start":{"line":2142,"column":3},"end":{"line":2142,"column":37}},"618":{"start":{"line":2148,"column":3},"end":{"line":2150,"column":6}},"619":{"start":{"line":2152,"column":3},"end":{"line":2154,"column":6}},"620":{"start":{"line":2155,"column":3},"end":{"line":2157,"column":6}},"621":{"start":{"line":2161,"column":1},"end":{"line":2168,"column":4}},"622":{"start":{"line":2162,"column":2},"end":{"line":2167,"column":5}},"623":{"start":{"line":2163,"column":3},"end":{"line":2163,"column":15}},"624":{"start":{"line":2164,"column":19},"end":{"line":2164,"column":31}},"625":{"start":{"line":2165,"column":19},"end":{"line":2165,"column":30}},"626":{"start":{"line":2166,"column":3},"end":{"line":2166,"column":44}},"627":{"start":{"line":2170,"column":1},"end":{"line":2172,"column":4}},"628":{"start":{"line":2171,"column":2},"end":{"line":2171,"column":23}},"629":{"start":{"line":2179,"column":0},"end":{"line":2450,"column":3}},"630":{"start":{"line":2180,"column":1},"end":{"line":2238,"column":4}},"631":{"start":{"line":2181,"column":15},"end":{"line":2237,"column":3}},"632":{"start":{"line":2239,"column":1},"end":{"line":2436,"column":4}},"633":{"start":{"line":2240,"column":18},"end":{"line":2283,"column":3}},"634":{"start":{"line":2284,"column":2},"end":{"line":2435,"column":5}},"635":{"start":{"line":2285,"column":27},"end":{"line":2291,"column":5}},"636":{"start":{"line":2293,"column":19},"end":{"line":2293,"column":31}},"637":{"start":{"line":2294,"column":19},"end":{"line":2294,"column":36}},"638":{"start":{"line":2297,"column":3},"end":{"line":2297,"column":44}},"639":{"start":{"line":2304,"column":25},"end":{"line":2351,"column":6}},"640":{"start":{"line":2352,"column":18},"end":{"line":2352,"column":38}},"641":{"start":{"line":2353,"column":3},"end":{"line":2353,"column":26}},"642":{"start":{"line":2355,"column":3},"end":{"line":2355,"column":23}},"643":{"start":{"line":2406,"column":30},"end":{"line":2406,"column":53}},"644":{"start":{"line":2408,"column":3},"end":{"line":2408,"column":43}},"645":{"start":{"line":2409,"column":3},"end":{"line":2409,"column":39}},"646":{"start":{"line":2410,"column":3},"end":{"line":2410,"column":47}},"647":{"start":{"line":2411,"column":3},"end":{"line":2411,"column":47}},"648":{"start":{"line":2412,"column":3},"end":{"line":2412,"column":44}},"649":{"start":{"line":2413,"column":3},"end":{"line":2413,"column":44}},"650":{"start":{"line":2415,"column":3},"end":{"line":2415,"column":33}},"651":{"start":{"line":2416,"column":3},"end":{"line":2416,"column":30}},"652":{"start":{"line":2417,"column":3},"end":{"line":2417,"column":36}},"653":{"start":{"line":2418,"column":3},"end":{"line":2418,"column":32}},"654":{"start":{"line":2419,"column":3},"end":{"line":2419,"column":40}},"655":{"start":{"line":2421,"column":3},"end":{"line":2421,"column":67}},"656":{"start":{"line":2423,"column":3},"end":{"line":2423,"column":34}},"657":{"start":{"line":2424,"column":3},"end":{"line":2424,"column":15}},"658":{"start":{"line":2426,"column":3},"end":{"line":2426,"column":40}},"659":{"start":{"line":2427,"column":18},"end":{"line":2427,"column":38}},"660":{"start":{"line":2428,"column":3},"end":{"line":2434,"column":6}},"661":{"start":{"line":2429,"column":4},"end":{"line":2429,"column":46}},"662":{"start":{"line":2430,"column":4},"end":{"line":2430,"column":44}},"663":{"start":{"line":2431,"column":4},"end":{"line":2431,"column":46}},"664":{"start":{"line":2432,"column":4},"end":{"line":2432,"column":43}},"665":{"start":{"line":2433,"column":4},"end":{"line":2433,"column":48}},"666":{"start":{"line":2438,"column":1},"end":{"line":2445,"column":4}},"667":{"start":{"line":2439,"column":2},"end":{"line":2444,"column":5}},"668":{"start":{"line":2440,"column":3},"end":{"line":2440,"column":15}},"669":{"start":{"line":2441,"column":19},"end":{"line":2441,"column":31}},"670":{"start":{"line":2442,"column":19},"end":{"line":2442,"column":30}},"671":{"start":{"line":2443,"column":3},"end":{"line":2443,"column":40}},"672":{"start":{"line":2447,"column":1},"end":{"line":2449,"column":4}},"673":{"start":{"line":2448,"column":2},"end":{"line":2448,"column":23}},"674":{"start":{"line":2452,"column":24},"end":{"line":2452,"column":47}},"675":{"start":{"line":2453,"column":25},"end":{"line":2453,"column":53}},"676":{"start":{"line":2455,"column":0},"end":{"line":2640,"column":3}},"677":{"start":{"line":2456,"column":22},"end":{"line":2456,"column":35}},"678":{"start":{"line":2457,"column":1},"end":{"line":2483,"column":4}},"679":{"start":{"line":2458,"column":15},"end":{"line":2482,"column":3}},"680":{"start":{"line":2484,"column":1},"end":{"line":2627,"column":4}},"681":{"start":{"line":2485,"column":2},"end":{"line":2626,"column":5}},"682":{"start":{"line":2486,"column":3},"end":{"line":2486,"column":34}},"683":{"start":{"line":2488,"column":3},"end":{"line":2488,"column":15}},"684":{"start":{"line":2490,"column":19},"end":{"line":2490,"column":31}},"685":{"start":{"line":2491,"column":19},"end":{"line":2491,"column":31}},"686":{"start":{"line":2492,"column":3},"end":{"line":2492,"column":43}},"687":{"start":{"line":2494,"column":3},"end":{"line":2514,"column":6}},"688":{"start":{"line":2516,"column":18},"end":{"line":2516,"column":64}},"689":{"start":{"line":2523,"column":3},"end":{"line":2523,"column":36}},"690":{"start":{"line":2578,"column":3},"end":{"line":2598,"column":6}},"691":{"start":{"line":2621,"column":3},"end":{"line":2621,"column":55}},"692":{"start":{"line":2622,"column":3},"end":{"line":2622,"column":53}},"693":{"start":{"line":2623,"column":3},"end":{"line":2623,"column":55}},"694":{"start":{"line":2624,"column":3},"end":{"line":2624,"column":52}},"695":{"start":{"line":2625,"column":3},"end":{"line":2625,"column":57}},"696":{"start":{"line":2628,"column":1},"end":{"line":2635,"column":4}},"697":{"start":{"line":2629,"column":2},"end":{"line":2634,"column":5}},"698":{"start":{"line":2630,"column":3},"end":{"line":2630,"column":15}},"699":{"start":{"line":2631,"column":19},"end":{"line":2631,"column":31}},"700":{"start":{"line":2632,"column":19},"end":{"line":2632,"column":30}},"701":{"start":{"line":2633,"column":3},"end":{"line":2633,"column":43}},"702":{"start":{"line":2637,"column":1},"end":{"line":2639,"column":4}},"703":{"start":{"line":2638,"column":2},"end":{"line":2638,"column":23}},"704":{"start":{"line":2642,"column":0},"end":{"line":2722,"column":3}},"705":{"start":{"line":2643,"column":22},"end":{"line":2643,"column":35}},"706":{"start":{"line":2644,"column":1},"end":{"line":2652,"column":4}},"707":{"start":{"line":2645,"column":15},"end":{"line":2651,"column":3}},"708":{"start":{"line":2653,"column":1},"end":{"line":2709,"column":4}},"709":{"start":{"line":2654,"column":2},"end":{"line":2708,"column":5}},"710":{"start":{"line":2655,"column":3},"end":{"line":2655,"column":34}},"711":{"start":{"line":2657,"column":3},"end":{"line":2657,"column":15}},"712":{"start":{"line":2659,"column":19},"end":{"line":2659,"column":31}},"713":{"start":{"line":2660,"column":19},"end":{"line":2660,"column":31}},"714":{"start":{"line":2661,"column":3},"end":{"line":2661,"column":43}},"715":{"start":{"line":2663,"column":3},"end":{"line":2663,"column":70}},"716":{"start":{"line":2665,"column":18},"end":{"line":2665,"column":64}},"717":{"start":{"line":2668,"column":3},"end":{"line":2670,"column":6}},"718":{"start":{"line":2701,"column":3},"end":{"line":2706,"column":5}},"719":{"start":{"line":2707,"column":3},"end":{"line":2707,"column":55}},"720":{"start":{"line":2710,"column":1},"end":{"line":2717,"column":4}},"721":{"start":{"line":2711,"column":2},"end":{"line":2716,"column":5}},"722":{"start":{"line":2712,"column":3},"end":{"line":2712,"column":15}},"723":{"start":{"line":2713,"column":19},"end":{"line":2713,"column":31}},"724":{"start":{"line":2714,"column":19},"end":{"line":2714,"column":30}},"725":{"start":{"line":2715,"column":3},"end":{"line":2715,"column":43}},"726":{"start":{"line":2719,"column":1},"end":{"line":2721,"column":4}},"727":{"start":{"line":2720,"column":2},"end":{"line":2720,"column":23}},"728":{"start":{"line":2724,"column":25},"end":{"line":2724,"column":49}},"729":{"start":{"line":2735,"column":0},"end":{"line":2924,"column":3}},"730":{"start":{"line":2736,"column":15},"end":{"line":2756,"column":2}},"731":{"start":{"line":2757,"column":1},"end":{"line":2765,"column":4}},"732":{"start":{"line":2758,"column":15},"end":{"line":2764,"column":3}},"733":{"start":{"line":2766,"column":1},"end":{"line":2911,"column":4}},"734":{"start":{"line":2767,"column":20},"end":{"line":2767,"column":24}},"735":{"start":{"line":2768,"column":2},"end":{"line":2910,"column":5}},"736":{"start":{"line":2769,"column":19},"end":{"line":2769,"column":31}},"737":{"start":{"line":2770,"column":19},"end":{"line":2770,"column":31}},"738":{"start":{"line":2771,"column":3},"end":{"line":2771,"column":44}},"739":{"start":{"line":2773,"column":22},"end":{"line":2786,"column":5}},"740":{"start":{"line":2788,"column":25},"end":{"line":2788,"column":50}},"741":{"start":{"line":2790,"column":3},"end":{"line":2790,"column":42}},"742":{"start":{"line":2791,"column":3},"end":{"line":2791,"column":37}},"743":{"start":{"line":2792,"column":3},"end":{"line":2792,"column":33}},"744":{"start":{"line":2793,"column":3},"end":{"line":2793,"column":46}},"745":{"start":{"line":2795,"column":3},"end":{"line":2795,"column":33}},"746":{"start":{"line":2797,"column":3},"end":{"line":2797,"column":27}},"747":{"start":{"line":2798,"column":3},"end":{"line":2798,"column":30}},"748":{"start":{"line":2799,"column":3},"end":{"line":2799,"column":31}},"749":{"start":{"line":2800,"column":3},"end":{"line":2800,"column":34}},"750":{"start":{"line":2802,"column":27},"end":{"line":2818,"column":5}},"751":{"start":{"line":2820,"column":23},"end":{"line":2820,"column":45}},"752":{"start":{"line":2822,"column":3},"end":{"line":2822,"column":35}},"753":{"start":{"line":2823,"column":3},"end":{"line":2823,"column":36}},"754":{"start":{"line":2824,"column":3},"end":{"line":2824,"column":38}},"755":{"start":{"line":2825,"column":3},"end":{"line":2825,"column":34}},"756":{"start":{"line":2827,"column":3},"end":{"line":2827,"column":30}},"757":{"start":{"line":2828,"column":3},"end":{"line":2828,"column":37}},"758":{"start":{"line":2838,"column":3},"end":{"line":2838,"column":44}},"759":{"start":{"line":2839,"column":3},"end":{"line":2839,"column":44}},"760":{"start":{"line":2841,"column":3},"end":{"line":2864,"column":7}},"761":{"start":{"line":2866,"column":18},"end":{"line":2876,"column":4}},"762":{"start":{"line":2878,"column":3},"end":{"line":2878,"column":36}},"763":{"start":{"line":2880,"column":3},"end":{"line":2880,"column":34}},"764":{"start":{"line":2881,"column":3},"end":{"line":2881,"column":15}},"765":{"start":{"line":2882,"column":3},"end":{"line":2902,"column":6}},"766":{"start":{"line":2903,"column":3},"end":{"line":2903,"column":55}},"767":{"start":{"line":2904,"column":3},"end":{"line":2904,"column":53}},"768":{"start":{"line":2905,"column":3},"end":{"line":2905,"column":55}},"769":{"start":{"line":2906,"column":3},"end":{"line":2906,"column":52}},"770":{"start":{"line":2907,"column":3},"end":{"line":2907,"column":57}},"771":{"start":{"line":2912,"column":1},"end":{"line":2919,"column":4}},"772":{"start":{"line":2913,"column":2},"end":{"line":2918,"column":5}},"773":{"start":{"line":2914,"column":3},"end":{"line":2914,"column":15}},"774":{"start":{"line":2915,"column":19},"end":{"line":2915,"column":31}},"775":{"start":{"line":2916,"column":19},"end":{"line":2916,"column":30}},"776":{"start":{"line":2917,"column":3},"end":{"line":2917,"column":44}},"777":{"start":{"line":2921,"column":1},"end":{"line":2923,"column":4}},"778":{"start":{"line":2922,"column":2},"end":{"line":2922,"column":24}},"779":{"start":{"line":2926,"column":0},"end":{"line":3022,"column":3}},"780":{"start":{"line":2927,"column":1},"end":{"line":2955,"column":4}},"781":{"start":{"line":2928,"column":15},"end":{"line":2954,"column":3}},"782":{"start":{"line":2956,"column":1},"end":{"line":3009,"column":4}},"783":{"start":{"line":2957,"column":2},"end":{"line":3008,"column":5}},"784":{"start":{"line":2958,"column":19},"end":{"line":2958,"column":31}},"785":{"start":{"line":2959,"column":19},"end":{"line":2959,"column":31}},"786":{"start":{"line":2962,"column":3},"end":{"line":2962,"column":44}},"787":{"start":{"line":2964,"column":22},"end":{"line":2983,"column":5}},"788":{"start":{"line":2985,"column":25},"end":{"line":2985,"column":50}},"789":{"start":{"line":2987,"column":3},"end":{"line":2987,"column":40}},"790":{"start":{"line":2988,"column":3},"end":{"line":2988,"column":40}},"791":{"start":{"line":2989,"column":3},"end":{"line":2989,"column":36}},"792":{"start":{"line":2990,"column":3},"end":{"line":2990,"column":49}},"793":{"start":{"line":2992,"column":3},"end":{"line":2992,"column":36}},"794":{"start":{"line":2993,"column":3},"end":{"line":2993,"column":30}},"795":{"start":{"line":2994,"column":3},"end":{"line":2994,"column":33}},"796":{"start":{"line":2995,"column":3},"end":{"line":2995,"column":34}},"797":{"start":{"line":2996,"column":3},"end":{"line":2996,"column":37}},"798":{"start":{"line":2998,"column":3},"end":{"line":3000,"column":61}},"799":{"start":{"line":3002,"column":3},"end":{"line":3002,"column":34}},"800":{"start":{"line":3003,"column":3},"end":{"line":3003,"column":15}},"801":{"start":{"line":3004,"column":3},"end":{"line":3006,"column":6}},"802":{"start":{"line":3007,"column":3},"end":{"line":3007,"column":56}},"803":{"start":{"line":3010,"column":1},"end":{"line":3017,"column":4}},"804":{"start":{"line":3011,"column":2},"end":{"line":3016,"column":5}},"805":{"start":{"line":3012,"column":3},"end":{"line":3012,"column":15}},"806":{"start":{"line":3013,"column":19},"end":{"line":3013,"column":31}},"807":{"start":{"line":3014,"column":19},"end":{"line":3014,"column":30}},"808":{"start":{"line":3015,"column":3},"end":{"line":3015,"column":44}},"809":{"start":{"line":3019,"column":1},"end":{"line":3021,"column":4}},"810":{"start":{"line":3020,"column":2},"end":{"line":3020,"column":24}},"811":{"start":{"line":3024,"column":0},"end":{"line":3187,"column":3}},"812":{"start":{"line":3025,"column":1},"end":{"line":3055,"column":4}},"813":{"start":{"line":3026,"column":15},"end":{"line":3054,"column":3}},"814":{"start":{"line":3057,"column":1},"end":{"line":3175,"column":4}},"815":{"start":{"line":3058,"column":2},"end":{"line":3174,"column":5}},"816":{"start":{"line":3059,"column":19},"end":{"line":3059,"column":31}},"817":{"start":{"line":3060,"column":19},"end":{"line":3060,"column":31}},"818":{"start":{"line":3061,"column":3},"end":{"line":3061,"column":44}},"819":{"start":{"line":3063,"column":3},"end":{"line":3082,"column":6}},"820":{"start":{"line":3084,"column":18},"end":{"line":3084,"column":65}},"821":{"start":{"line":3086,"column":22},"end":{"line":3092,"column":5}},"822":{"start":{"line":3094,"column":25},"end":{"line":3094,"column":50}},"823":{"start":{"line":3096,"column":3},"end":{"line":3096,"column":37}},"824":{"start":{"line":3097,"column":3},"end":{"line":3097,"column":40}},"825":{"start":{"line":3098,"column":3},"end":{"line":3098,"column":36}},"826":{"start":{"line":3099,"column":3},"end":{"line":3099,"column":36}},"827":{"start":{"line":3101,"column":23},"end":{"line":3101,"column":52}},"828":{"start":{"line":3104,"column":3},"end":{"line":3104,"column":30}},"829":{"start":{"line":3105,"column":3},"end":{"line":3105,"column":33}},"830":{"start":{"line":3106,"column":3},"end":{"line":3106,"column":34}},"831":{"start":{"line":3107,"column":3},"end":{"line":3107,"column":37}},"832":{"start":{"line":3109,"column":27},"end":{"line":3141,"column":5}},"833":{"start":{"line":3143,"column":23},"end":{"line":3143,"column":45}},"834":{"start":{"line":3145,"column":3},"end":{"line":3145,"column":35}},"835":{"start":{"line":3146,"column":3},"end":{"line":3146,"column":36}},"836":{"start":{"line":3147,"column":3},"end":{"line":3147,"column":38}},"837":{"start":{"line":3148,"column":3},"end":{"line":3148,"column":34}},"838":{"start":{"line":3150,"column":3},"end":{"line":3150,"column":30}},"839":{"start":{"line":3151,"column":22},"end":{"line":3151,"column":51}},"840":{"start":{"line":3154,"column":3},"end":{"line":3154,"column":44}},"841":{"start":{"line":3155,"column":3},"end":{"line":3155,"column":44}},"842":{"start":{"line":3157,"column":3},"end":{"line":3163,"column":4}},"843":{"start":{"line":3158,"column":4},"end":{"line":3158,"column":45}},"844":{"start":{"line":3159,"column":10},"end":{"line":3163,"column":4}},"845":{"start":{"line":3160,"column":4},"end":{"line":3162,"column":7}},"846":{"start":{"line":3166,"column":3},"end":{"line":3166,"column":34}},"847":{"start":{"line":3167,"column":3},"end":{"line":3167,"column":15}},"848":{"start":{"line":3168,"column":3},"end":{"line":3170,"column":6}},"849":{"start":{"line":3171,"column":3},"end":{"line":3173,"column":6}},"850":{"start":{"line":3176,"column":1},"end":{"line":3183,"column":4}},"851":{"start":{"line":3177,"column":2},"end":{"line":3182,"column":5}},"852":{"start":{"line":3178,"column":3},"end":{"line":3178,"column":15}},"853":{"start":{"line":3179,"column":19},"end":{"line":3179,"column":31}},"854":{"start":{"line":3180,"column":19},"end":{"line":3180,"column":30}},"855":{"start":{"line":3181,"column":3},"end":{"line":3181,"column":44}},"856":{"start":{"line":3184,"column":1},"end":{"line":3186,"column":4}},"857":{"start":{"line":3185,"column":2},"end":{"line":3185,"column":24}},"858":{"start":{"line":3189,"column":0},"end":{"line":3277,"column":3}},"859":{"start":{"line":3190,"column":22},"end":{"line":3190,"column":34}},"860":{"start":{"line":3191,"column":23},"end":{"line":3191,"column":27}},"861":{"start":{"line":3192,"column":1},"end":{"line":3218,"column":4}},"862":{"start":{"line":3193,"column":15},"end":{"line":3217,"column":3}},"863":{"start":{"line":3219,"column":1},"end":{"line":3264,"column":4}},"864":{"start":{"line":3220,"column":2},"end":{"line":3263,"column":5}},"865":{"start":{"line":3221,"column":19},"end":{"line":3221,"column":31}},"866":{"start":{"line":3222,"column":19},"end":{"line":3222,"column":31}},"867":{"start":{"line":3223,"column":22},"end":{"line":3223,"column":45}},"868":{"start":{"line":3225,"column":3},"end":{"line":3225,"column":38}},"869":{"start":{"line":3227,"column":26},"end":{"line":3250,"column":6}},"870":{"start":{"line":3251,"column":18},"end":{"line":3251,"column":66}},"871":{"start":{"line":3254,"column":3},"end":{"line":3254,"column":36}},"872":{"start":{"line":3257,"column":3},"end":{"line":3257,"column":55}},"873":{"start":{"line":3258,"column":3},"end":{"line":3258,"column":53}},"874":{"start":{"line":3259,"column":3},"end":{"line":3259,"column":55}},"875":{"start":{"line":3260,"column":3},"end":{"line":3260,"column":52}},"876":{"start":{"line":3261,"column":3},"end":{"line":3261,"column":57}},"877":{"start":{"line":3262,"column":3},"end":{"line":3262,"column":40}},"878":{"start":{"line":3265,"column":1},"end":{"line":3272,"column":4}},"879":{"start":{"line":3266,"column":2},"end":{"line":3271,"column":5}},"880":{"start":{"line":3267,"column":3},"end":{"line":3267,"column":15}},"881":{"start":{"line":3268,"column":19},"end":{"line":3268,"column":31}},"882":{"start":{"line":3269,"column":19},"end":{"line":3269,"column":30}},"883":{"start":{"line":3270,"column":3},"end":{"line":3270,"column":39}},"884":{"start":{"line":3274,"column":1},"end":{"line":3276,"column":4}},"885":{"start":{"line":3275,"column":2},"end":{"line":3275,"column":23}},"886":{"start":{"line":3279,"column":0},"end":{"line":3433,"column":3}},"887":{"start":{"line":3280,"column":25},"end":{"line":3280,"column":37}},"888":{"start":{"line":3282,"column":1},"end":{"line":3290,"column":4}},"889":{"start":{"line":3283,"column":15},"end":{"line":3289,"column":3}},"890":{"start":{"line":3292,"column":1},"end":{"line":3417,"column":4}},"891":{"start":{"line":3293,"column":2},"end":{"line":3416,"column":4}},"892":{"start":{"line":3296,"column":20},"end":{"line":3296,"column":32}},"893":{"start":{"line":3297,"column":20},"end":{"line":3297,"column":32}},"894":{"start":{"line":3298,"column":23},"end":{"line":3298,"column":49}},"895":{"start":{"line":3299,"column":4},"end":{"line":3299,"column":31}},"896":{"start":{"line":3301,"column":29},"end":{"line":3325,"column":7}},"897":{"start":{"line":3326,"column":25},"end":{"line":3328,"column":6}},"898":{"start":{"line":3331,"column":28},"end":{"line":3370,"column":6}},"899":{"start":{"line":3372,"column":24},"end":{"line":3372,"column":46}},"900":{"start":{"line":3374,"column":4},"end":{"line":3374,"column":36}},"901":{"start":{"line":3375,"column":4},"end":{"line":3375,"column":33}},"902":{"start":{"line":3376,"column":4},"end":{"line":3376,"column":35}},"903":{"start":{"line":3377,"column":4},"end":{"line":3377,"column":43}},"904":{"start":{"line":3379,"column":23},"end":{"line":3385,"column":6}},"905":{"start":{"line":3387,"column":26},"end":{"line":3387,"column":51}},"906":{"start":{"line":3389,"column":4},"end":{"line":3389,"column":38}},"907":{"start":{"line":3390,"column":4},"end":{"line":3390,"column":41}},"908":{"start":{"line":3391,"column":4},"end":{"line":3391,"column":37}},"909":{"start":{"line":3392,"column":4},"end":{"line":3392,"column":45}},"910":{"start":{"line":3394,"column":4},"end":{"line":3394,"column":27}},"911":{"start":{"line":3395,"column":4},"end":{"line":3395,"column":34}},"912":{"start":{"line":3396,"column":4},"end":{"line":3396,"column":41}},"913":{"start":{"line":3397,"column":4},"end":{"line":3397,"column":41}},"914":{"start":{"line":3399,"column":4},"end":{"line":3399,"column":37}},"915":{"start":{"line":3400,"column":4},"end":{"line":3400,"column":31}},"916":{"start":{"line":3401,"column":4},"end":{"line":3401,"column":34}},"917":{"start":{"line":3402,"column":4},"end":{"line":3402,"column":35}},"918":{"start":{"line":3403,"column":4},"end":{"line":3403,"column":38}},"919":{"start":{"line":3405,"column":4},"end":{"line":3407,"column":7}},"920":{"start":{"line":3411,"column":4},"end":{"line":3411,"column":35}},"921":{"start":{"line":3412,"column":4},"end":{"line":3412,"column":16}},"922":{"start":{"line":3414,"column":4},"end":{"line":3414,"column":56}},"923":{"start":{"line":3418,"column":1},"end":{"line":3428,"column":4}},"924":{"start":{"line":3419,"column":2},"end":{"line":3427,"column":4}},"925":{"start":{"line":3422,"column":4},"end":{"line":3422,"column":16}},"926":{"start":{"line":3423,"column":20},"end":{"line":3423,"column":32}},"927":{"start":{"line":3424,"column":20},"end":{"line":3424,"column":31}},"928":{"start":{"line":3425,"column":4},"end":{"line":3425,"column":43}},"929":{"start":{"line":3430,"column":1},"end":{"line":3432,"column":4}},"930":{"start":{"line":3431,"column":2},"end":{"line":3431,"column":26}}},"fnMap":{"0":{"name":"(anonymous_0)","decl":{"start":{"line":46,"column":29},"end":{"line":46,"column":30}},"loc":{"start":{"line":46,"column":41},"end":{"line":88,"column":1}},"line":46},"1":{"name":"(anonymous_1)","decl":{"start":{"line":47,"column":8},"end":{"line":47,"column":9}},"loc":{"start":{"line":47,"column":14},"end":{"line":51,"column":2}},"line":47},"2":{"name":"(anonymous_2)","decl":{"start":{"line":52,"column":29},"end":{"line":52,"column":30}},"loc":{"start":{"line":52,"column":41},"end":{"line":75,"column":2}},"line":52},"3":{"name":"(anonymous_3)","decl":{"start":{"line":53,"column":18},"end":{"line":53,"column":19}},"loc":{"start":{"line":53,"column":32},"end":{"line":74,"column":3}},"line":53},"4":{"name":"(anonymous_4)","decl":{"start":{"line":76,"column":43},"end":{"line":76,"column":44}},"loc":{"start":{"line":76,"column":55},"end":{"line":83,"column":2}},"line":76},"5":{"name":"(anonymous_5)","decl":{"start":{"line":77,"column":18},"end":{"line":77,"column":19}},"loc":{"start":{"line":77,"column":38},"end":{"line":82,"column":3}},"line":77},"6":{"name":"(anonymous_6)","decl":{"start":{"line":85,"column":7},"end":{"line":85,"column":8}},"loc":{"start":{"line":85,"column":13},"end":{"line":87,"column":2}},"line":85},"7":{"name":"(anonymous_7)","decl":{"start":{"line":96,"column":40},"end":{"line":96,"column":41}},"loc":{"start":{"line":96,"column":52},"end":{"line":173,"column":1}},"line":96},"8":{"name":"(anonymous_8)","decl":{"start":{"line":97,"column":8},"end":{"line":97,"column":9}},"loc":{"start":{"line":97,"column":14},"end":{"line":124,"column":2}},"line":97},"9":{"name":"(anonymous_9)","decl":{"start":{"line":125,"column":41},"end":{"line":125,"column":42}},"loc":{"start":{"line":125,"column":53},"end":{"line":160,"column":2}},"line":125},"10":{"name":"(anonymous_10)","decl":{"start":{"line":126,"column":35},"end":{"line":126,"column":36}},"loc":{"start":{"line":126,"column":55},"end":{"line":159,"column":3}},"line":126},"11":{"name":"(anonymous_11)","decl":{"start":{"line":153,"column":16},"end":{"line":153,"column":17}},"loc":{"start":{"line":153,"column":26},"end":{"line":158,"column":4}},"line":153},"12":{"name":"(anonymous_12)","decl":{"start":{"line":161,"column":56},"end":{"line":161,"column":57}},"loc":{"start":{"line":161,"column":68},"end":{"line":168,"column":2}},"line":161},"13":{"name":"(anonymous_13)","decl":{"start":{"line":162,"column":35},"end":{"line":162,"column":36}},"loc":{"start":{"line":162,"column":61},"end":{"line":167,"column":3}},"line":162},"14":{"name":"(anonymous_14)","decl":{"start":{"line":170,"column":7},"end":{"line":170,"column":8}},"loc":{"start":{"line":170,"column":13},"end":{"line":172,"column":2}},"line":170},"15":{"name":"(anonymous_15)","decl":{"start":{"line":180,"column":40},"end":{"line":180,"column":41}},"loc":{"start":{"line":180,"column":46},"end":{"line":248,"column":1}},"line":180},"16":{"name":"(anonymous_16)","decl":{"start":{"line":182,"column":8},"end":{"line":182,"column":9}},"loc":{"start":{"line":182,"column":14},"end":{"line":193,"column":2}},"line":182},"17":{"name":"(anonymous_17)","decl":{"start":{"line":194,"column":41},"end":{"line":194,"column":42}},"loc":{"start":{"line":194,"column":53},"end":{"line":235,"column":2}},"line":194},"18":{"name":"(anonymous_18)","decl":{"start":{"line":195,"column":49},"end":{"line":195,"column":50}},"loc":{"start":{"line":195,"column":75},"end":{"line":234,"column":3}},"line":195},"19":{"name":"(anonymous_19)","decl":{"start":{"line":236,"column":56},"end":{"line":236,"column":57}},"loc":{"start":{"line":236,"column":68},"end":{"line":244,"column":2}},"line":236},"20":{"name":"(anonymous_20)","decl":{"start":{"line":237,"column":49},"end":{"line":237,"column":50}},"loc":{"start":{"line":237,"column":75},"end":{"line":243,"column":3}},"line":237},"21":{"name":"(anonymous_21)","decl":{"start":{"line":245,"column":7},"end":{"line":245,"column":8}},"loc":{"start":{"line":245,"column":13},"end":{"line":247,"column":2}},"line":245},"22":{"name":"(anonymous_22)","decl":{"start":{"line":250,"column":60},"end":{"line":250,"column":61}},"loc":{"start":{"line":250,"column":66},"end":{"line":313,"column":1}},"line":250},"23":{"name":"(anonymous_23)","decl":{"start":{"line":252,"column":8},"end":{"line":252,"column":9}},"loc":{"start":{"line":252,"column":14},"end":{"line":260,"column":2}},"line":252},"24":{"name":"(anonymous_24)","decl":{"start":{"line":261,"column":61},"end":{"line":261,"column":62}},"loc":{"start":{"line":261,"column":73},"end":{"line":300,"column":2}},"line":261},"25":{"name":"(anonymous_25)","decl":{"start":{"line":262,"column":49},"end":{"line":262,"column":50}},"loc":{"start":{"line":262,"column":75},"end":{"line":299,"column":3}},"line":262},"26":{"name":"(anonymous_26)","decl":{"start":{"line":301,"column":56},"end":{"line":301,"column":57}},"loc":{"start":{"line":301,"column":68},"end":{"line":309,"column":2}},"line":301},"27":{"name":"(anonymous_27)","decl":{"start":{"line":302,"column":49},"end":{"line":302,"column":50}},"loc":{"start":{"line":302,"column":75},"end":{"line":308,"column":3}},"line":302},"28":{"name":"(anonymous_28)","decl":{"start":{"line":310,"column":7},"end":{"line":310,"column":8}},"loc":{"start":{"line":310,"column":13},"end":{"line":312,"column":2}},"line":310},"29":{"name":"(anonymous_29)","decl":{"start":{"line":315,"column":63},"end":{"line":315,"column":64}},"loc":{"start":{"line":315,"column":75},"end":{"line":412,"column":1}},"line":315},"30":{"name":"(anonymous_30)","decl":{"start":{"line":316,"column":8},"end":{"line":316,"column":9}},"loc":{"start":{"line":316,"column":14},"end":{"line":334,"column":2}},"line":316},"31":{"name":"(anonymous_31)","decl":{"start":{"line":335,"column":62},"end":{"line":335,"column":63}},"loc":{"start":{"line":335,"column":74},"end":{"line":366,"column":2}},"line":335},"32":{"name":"(anonymous_32)","decl":{"start":{"line":336,"column":36},"end":{"line":336,"column":37}},"loc":{"start":{"line":336,"column":62},"end":{"line":365,"column":3}},"line":336},"33":{"name":"(anonymous_33)","decl":{"start":{"line":368,"column":76},"end":{"line":368,"column":77}},"loc":{"start":{"line":368,"column":88},"end":{"line":400,"column":2}},"line":368},"34":{"name":"(anonymous_34)","decl":{"start":{"line":369,"column":36},"end":{"line":369,"column":37}},"loc":{"start":{"line":369,"column":62},"end":{"line":399,"column":3}},"line":369},"35":{"name":"(anonymous_35)","decl":{"start":{"line":401,"column":51},"end":{"line":401,"column":52}},"loc":{"start":{"line":401,"column":63},"end":{"line":408,"column":2}},"line":401},"36":{"name":"(anonymous_36)","decl":{"start":{"line":402,"column":36},"end":{"line":402,"column":37}},"loc":{"start":{"line":402,"column":62},"end":{"line":407,"column":3}},"line":402},"37":{"name":"(anonymous_37)","decl":{"start":{"line":409,"column":7},"end":{"line":409,"column":8}},"loc":{"start":{"line":409,"column":13},"end":{"line":411,"column":2}},"line":409},"38":{"name":"(anonymous_38)","decl":{"start":{"line":414,"column":63},"end":{"line":414,"column":64}},"loc":{"start":{"line":414,"column":75},"end":{"line":481,"column":1}},"line":414},"39":{"name":"(anonymous_39)","decl":{"start":{"line":415,"column":8},"end":{"line":415,"column":9}},"loc":{"start":{"line":415,"column":14},"end":{"line":430,"column":2}},"line":415},"40":{"name":"(anonymous_40)","decl":{"start":{"line":431,"column":62},"end":{"line":431,"column":63}},"loc":{"start":{"line":431,"column":74},"end":{"line":469,"column":2}},"line":431},"41":{"name":"(anonymous_41)","decl":{"start":{"line":432,"column":36},"end":{"line":432,"column":37}},"loc":{"start":{"line":432,"column":62},"end":{"line":468,"column":3}},"line":432},"42":{"name":"(anonymous_42)","decl":{"start":{"line":470,"column":51},"end":{"line":470,"column":52}},"loc":{"start":{"line":470,"column":63},"end":{"line":477,"column":2}},"line":470},"43":{"name":"(anonymous_43)","decl":{"start":{"line":471,"column":36},"end":{"line":471,"column":37}},"loc":{"start":{"line":471,"column":62},"end":{"line":476,"column":3}},"line":471},"44":{"name":"(anonymous_44)","decl":{"start":{"line":478,"column":7},"end":{"line":478,"column":8}},"loc":{"start":{"line":478,"column":13},"end":{"line":480,"column":2}},"line":478},"45":{"name":"(anonymous_45)","decl":{"start":{"line":485,"column":36},"end":{"line":485,"column":37}},"loc":{"start":{"line":485,"column":48},"end":{"line":567,"column":1}},"line":485},"46":{"name":"(anonymous_46)","decl":{"start":{"line":488,"column":8},"end":{"line":488,"column":9}},"loc":{"start":{"line":488,"column":14},"end":{"line":507,"column":2}},"line":488},"47":{"name":"(anonymous_47)","decl":{"start":{"line":508,"column":35},"end":{"line":508,"column":36}},"loc":{"start":{"line":508,"column":47},"end":{"line":554,"column":2}},"line":508},"48":{"name":"(anonymous_48)","decl":{"start":{"line":509,"column":47},"end":{"line":509,"column":48}},"loc":{"start":{"line":509,"column":73},"end":{"line":553,"column":3}},"line":509},"49":{"name":"(anonymous_49)","decl":{"start":{"line":555,"column":50},"end":{"line":555,"column":51}},"loc":{"start":{"line":555,"column":62},"end":{"line":562,"column":2}},"line":555},"50":{"name":"(anonymous_50)","decl":{"start":{"line":556,"column":49},"end":{"line":556,"column":50}},"loc":{"start":{"line":556,"column":75},"end":{"line":561,"column":3}},"line":556},"51":{"name":"(anonymous_51)","decl":{"start":{"line":564,"column":7},"end":{"line":564,"column":8}},"loc":{"start":{"line":564,"column":13},"end":{"line":566,"column":2}},"line":564},"52":{"name":"(anonymous_52)","decl":{"start":{"line":569,"column":43},"end":{"line":569,"column":44}},"loc":{"start":{"line":569,"column":55},"end":{"line":633,"column":1}},"line":569},"53":{"name":"(anonymous_53)","decl":{"start":{"line":572,"column":8},"end":{"line":572,"column":9}},"loc":{"start":{"line":572,"column":14},"end":{"line":582,"column":2}},"line":572},"54":{"name":"(anonymous_54)","decl":{"start":{"line":583,"column":38},"end":{"line":583,"column":39}},"loc":{"start":{"line":583,"column":44},"end":{"line":617,"column":2}},"line":583},"55":{"name":"(anonymous_55)","decl":{"start":{"line":584,"column":50},"end":{"line":584,"column":51}},"loc":{"start":{"line":584,"column":70},"end":{"line":616,"column":3}},"line":584},"56":{"name":"(anonymous_56)","decl":{"start":{"line":618,"column":53},"end":{"line":618,"column":54}},"loc":{"start":{"line":618,"column":65},"end":{"line":628,"column":2}},"line":618},"57":{"name":"(anonymous_57)","decl":{"start":{"line":621,"column":3},"end":{"line":621,"column":4}},"loc":{"start":{"line":621,"column":29},"end":{"line":626,"column":4}},"line":621},"58":{"name":"(anonymous_58)","decl":{"start":{"line":630,"column":7},"end":{"line":630,"column":8}},"loc":{"start":{"line":630,"column":13},"end":{"line":632,"column":2}},"line":630},"59":{"name":"(anonymous_59)","decl":{"start":{"line":639,"column":37},"end":{"line":639,"column":38}},"loc":{"start":{"line":639,"column":49},"end":{"line":772,"column":1}},"line":639},"60":{"name":"(anonymous_60)","decl":{"start":{"line":678,"column":8},"end":{"line":678,"column":9}},"loc":{"start":{"line":678,"column":14},"end":{"line":686,"column":2}},"line":678},"61":{"name":"(anonymous_61)","decl":{"start":{"line":687,"column":38},"end":{"line":687,"column":39}},"loc":{"start":{"line":687,"column":50},"end":{"line":759,"column":2}},"line":687},"62":{"name":"(anonymous_62)","decl":{"start":{"line":688,"column":24},"end":{"line":688,"column":25}},"loc":{"start":{"line":688,"column":50},"end":{"line":758,"column":3}},"line":688},"63":{"name":"(anonymous_63)","decl":{"start":{"line":750,"column":16},"end":{"line":750,"column":17}},"loc":{"start":{"line":750,"column":26},"end":{"line":757,"column":4}},"line":750},"64":{"name":"(anonymous_64)","decl":{"start":{"line":760,"column":54},"end":{"line":760,"column":55}},"loc":{"start":{"line":760,"column":66},"end":{"line":768,"column":2}},"line":760},"65":{"name":"(anonymous_65)","decl":{"start":{"line":761,"column":24},"end":{"line":761,"column":25}},"loc":{"start":{"line":761,"column":44},"end":{"line":767,"column":3}},"line":761},"66":{"name":"(anonymous_66)","decl":{"start":{"line":769,"column":7},"end":{"line":769,"column":8}},"loc":{"start":{"line":769,"column":13},"end":{"line":771,"column":2}},"line":769},"67":{"name":"(anonymous_67)","decl":{"start":{"line":776,"column":37},"end":{"line":776,"column":38}},"loc":{"start":{"line":776,"column":49},"end":{"line":868,"column":1}},"line":776},"68":{"name":"(anonymous_68)","decl":{"start":{"line":778,"column":8},"end":{"line":778,"column":9}},"loc":{"start":{"line":778,"column":14},"end":{"line":795,"column":2}},"line":778},"69":{"
[...]
"start":{"line":152,"column":3},"end":{"line":152,"column":32}},{"start":{"line":153,"column":3},"end":{"line":153,"column":31}},{"start":{"line":154,"column":3},"end":{"line":154,"column":33}},{"start":{"line":155,"column":3},"end":{"line":155,"column":30}}],"line":152},"37":{"loc":{"start":{"line":184,"column":5},"end":{"line":198,"column":6}},"type":"if","locations":[{"start":{"line":184,"column":5},"end":{"line":198,"column":6}},{"start":{"line":184,"column":5},"end":{"line":198,"column":6}}],"line":184},"38":{"loc":{"start":{"line":211,"column":3},"end":{"line":239,"column":4}},"type":"if","locations":[{"start":{"line":211,"column":3},"end":{"line":239,"column":4}},{"start":{"line":211,"column":3},"end":{"line":239,"column":4}}],"line":211},"39":{"loc":{"start":{"line":215,"column":10},"end":{"line":239,"column":4}},"type":"if","locations":[{"start":{"line":215,"column":10},"end":{"line":239,"column":4}},{"start":{"line":215,"column":10},"end":{"line":239,"column":4}}],"line":215},"40":{"loc":{"start":{"line":230,"column":6},"end":{"line":235,"column":7}},"type":"if","locations":[{"start":{"line":230,"column":6},"end":{"line":235,"column":7}},{"start":{"line":230,"column":6},"end":{"line":235,"column":7}}],"line":230},"41":{"loc":{"start":{"line":244,"column":2},"end":{"line":276,"column":3}},"type":"if","locations":[{"start":{"line":244,"column":2},"end":{"line":276,"column":3}},{"start":{"line":244,"column":2},"end":{"line":276,"column":3}}],"line":244},"42":{"loc":{"start":{"line":269,"column":9},"end":{"line":276,"column":3}},"type":"if","locations":[{"start":{"line":269,"column":9},"end":{"line":276,"column":3}},{"start":{"line":269,"column":9},"end":{"line":276,"column":3}}],"line":269},"43":{"loc":{"start":{"line":332,"column":3},"end":{"line":336,"column":4}},"type":"if","locations":[{"start":{"line":332,"column":3},"end":{"line":336,"column":4}},{"start":{"line":332,"column":3},"end":{"line":336,"column":4}}],"line":332}},"s":{"0":23,"1":23,"2":23,"3":23,"4":23,"5":23,"6":23,"7":23,"8":2,"9":12,"10":1,"11":2,"12":1,"13":2,"14":2,"15":4,"16":2,"17":1,"18":11,"19":0,"20":0,"21":0,"22":0,"23":0,"24":11,"25":2,"26":4,"27":0,"28":4,"29":2,"30":9,"31":4,"32":8,"33":0,"34":8,"35":4,"36":5,"37":4,"38":8,"39":8,"40":0,"41":4,"42":1,"43":1,"44":9,"45":9,"46":0,"47":0,"48":0,"49":0,"50":0,"51":9,"52":1,"53":1,"54":1,"55":0,"56":0,"57":5,"58":0,"59":1,"60":25,"61":10,"62":23,"63":0,"64":23,"65":2,"66":21,"67":0,"68":21,"69":0,"70":21,"71":5,"72":5,"73":3,"74":2,"75":2,"76":16,"77":16,"78":12,"79":12,"80":12,"81":12,"82":8,"83":3,"84":3,"85":1,"86":2,"87":2,"88":2,"89":765,"90":0,"91":765,"92":1,"93":3,"94":3,"95":3,"96":3,"97":0,"98":0,"99":0,"100":0,"101":0,"102":0,"103":0,"104":0,"105":3,"106":0,"107":0,"108":0,"109":0,"110":0,"111":0,"112":0,"113":0,"114":0,"115":0,"116":0,"117":0,"118":0,"119":0,"120":0,"121":0,"122":0,"123":0,"124":3,"125":1,"126":1,"127":1,"128":11,"129":11,"130":11,"131":11,"132":9,"133":9,"134":2,"135":2,"136":0,"137":2,"138":8,"139":1,"140":1,"141":1,"142":1,"143":1,"144":1,"145":1,"146":1,"147":1,"148":1,"149":0,"150":3,"151":1,"152":1,"153":1,"154":1,"155":1,"156":1,"157":0,"158":0,"159":0,"160":0,"161":1},"f":{"0":23,"1":2,"2":12,"3":2,"4":0,"5":4,"6":8,"7":8,"8":9,"9":0,"10":1,"11":25,"12":10,"13":23,"14":12,"15":8,"16":3,"17":3,"18":0,"19":3,"20":0,"21":3,"22":11,"23":9,"24":8,"25":1,"26":1,"27":1,"28":3,"29":1,"30":1,"31":1,"32":0},"b":{"0":[1,11],"1":[2,2],"2":[0,11],"3":[11,11],"4":[0,0],"5":[2,9],"6":[0,4],"7":[4,5],"8":[9,9],"9":[0,8],"10":[4,1],"11":[8,0],"12":[8,8,8],"13":[1,0],"14":[1,1],"15":[0,9],"16":[9,0],"17":[0,0],"18":[0,0],"19":[1,5],"20":[9,4],"21":[1,0],"22":[0,0],"23":[0,1],"24":[0,23],"25":[23,7],"26":[2,21],"27":[23,5],"28":[0,21],"29":[21,16],"30":[0,21],"31":[21,18],"32":[5,16],"33":[21,5,16,0],"34":[3,2],"35":[16,0],"36":[16,16,16,16],"37":[0,765],"38":[0,0],"39":[0,0],"40":[0,0],"41":[0,0],"42":[0,0],"43":[1,0]},"_coverageSchema":"1a1c01bbd47fc00a2c39e90264f33305004495a9","hash":"74fafed222a676335ad8164905c61323526a9947","contentHash":"dc4c3fe047d01c600190101e0a0e996d57399d9c89573e734413f5c2a86940da"},"/Users/macbookpro/Desktop/Study/Projects/Node.js Projects/Test_Node.js_project/src/api/routes/users.js":{"path":"/Users/macbookpro/Desktop/Study/Projects/Node.js Projects/Test_Node.js_project/src/api/routes/users.js","statementMap":{"0":{"start":{"line":1,"column":16},"end":{"line":1,"column":34}},"1":{"start":{"line":2,"column":12},"end":{"line":2,"column":32}},"2":{"start":{"line":3,"column":13},"end":{"line":3,"column":28}},"3":{"start":{"line":4,"column":17},"end":{"line":4,"column":36}},"4":{"start":{"line":6,"column":45},"end":{"line":6,"column":65}},"5":{"start":{"line":7,"column":15},"end":{"line":7,"column":31}},"6":{"start":{"line":10,"column":14},"end":{"line":10,"column":40}},"7":{"start":{"line":11,"column":16},"end":{"line":11,"column":44}},"8":{"start":{"line":12,"column":13},"end":{"line":12,"column":38}},"9":{"start":{"line":28,"column":4},"end":{"line":28,"column":32}},"10":{"start":{"line":36,"column":4},"end":{"line":36,"column":44}},"11":{"start":{"line":38,"column":0},"end":{"line":38,"column":29}},"12":{"start":{"line":40,"column":0},"end":{"line":40,"column":35}},"13":{"start":{"line":42,"column":0},"end":{"line":62,"column":2}},"14":{"start":{"line":64,"column":0},"end":{"line":82,"column":2}},"15":{"start":{"line":84,"column":0},"end":{"line":101,"column":2}},"16":{"start":{"line":120,"column":0},"end":{"line":120,"column":24}}},"fnMap":{},"branchMap":{},"s":{"0":1,"1":1,"2":1,"3":1,"4":1,"5":1,"6":1,"7":1,"8":1,"9":1,"10":1,"11":1,"12":1,"13":1,"14":1,"15":1,"16":1},"f":{},"b":{},"_coverageSchema":"1a1c01bbd47fc00a2c39e90264f33305004495a9","hash":"d1b8b1e8f55659f81c6e46a1b478e058197dcd9a","contentHash":"860e5cdf984307208abd6fe29308e9fc8c15d17ffb8f029aff95e4b7b501c6dc"},"/Users/macbookpro/Desktop/Study/Projects/Node.js Projects/Test_Node.js_project/src/api/models/Order.js":{"path":"/Users/macbookpro/Desktop/Study/Projects/Node.js Projects/Test_Node.js_project/src/api/models/Order.js","statementMap":{"0":{"start":{"line":1,"column":17},"end":{"line":1,"column":36}},"1":{"start":{"line":2,"column":0},"end":{"line":2,"column":27}},"2":{"start":{"line":4,"column":20},"end":{"line":26,"column":1}},"3":{"start":{"line":28,"column":13},"end":{"line":30,"column":1}},"4":{"start":{"line":31,"column":0},"end":{"line":31,"column":70}}},"fnMap":{},"branchMap":{},"s":{"0":1,"1":1,"2":1,"3":1,"4":1},"f":{},"b":{},"_coverageSchema":"1a1c01bbd47fc00a2c39e90264f33305004495a9","hash":"a7cb5ec2b644989e2987e810ef6bb2acdfe4f520","contentHash":"7a4727f034b529e525879a838e1ef70c3bbf436bbd50ae906a8fff337b9ab062"},"/Users/macbookpro/Desktop/Study/Projects/Node.js Projects/Test_Node.js_project/src/api/models/User.js":{"path":"/Users/macbookpro/Desktop/Study/Projects/Node.js Projects/Test_Node.js_project/src/api/models/User.js","statementMap":{"0":{"start":{"line":1,"column":17},"end":{"line":1,"column":36}},"1":{"start":{"line":2,"column":0},"end":{"line":2,"column":27}},"2":{"start":{"line":4,"column":19},"end":{"line":26,"column":1}},"3":{"start":{"line":28,"column":13},"end":{"line":30,"column":1}},"4":{"start":{"line":31,"column":0},"end":{"line":31,"column":58}}},"fnMap":{},"branchMap":{},"s":{"0":1,"1":1,"2":1,"3":1,"4":1},"f":{},"b":{},"_coverageSchema":"1a1c01bbd47fc00a2c39e90264f33305004495a9","hash":"906e392efa91b20529fd501705ac172a700a3c31","contentHash":"0a65a9d480943a43118340c2a25846cc600a1027e42c35c14fe1066e1efb5946"},"/Users/macbookpro/Desktop/Study/Projects/Node.js Projects/Test_Node.js_project/src/api/controllers/userController.js":{"path":"/Users/macbookpro/Desktop/Study/Projects/Node.js Projects/Test_Node.js_project/src/api/controllers/userController.js","statementMap":{"0":{"start":{"line":1,"column":16},"end":{"line":1,"column":34}},"1":{"start":{"line":5,"column":13},"end":{"line":5,"column":38}},"2":{"start":{"line":14,"column":1},"end":{"line":19,"column":2}},"3":{"start":{"line":15,"column":19},"end":{"line":15,"column":38}},"4":{"start":{"line":16,"column":2},"end":{"line":16,"column":33}},"5":{"start":{"line":18,"column":2},"end":{"line":18,"column":14}},"6":{"start":{"line":23,"column":1},"end":{"line":35,"column":2}},"7":{"start":{"line":24,"column":19},"end":{"line":24,"column":42}},"8":{"start":{"line":31,"column":17},"end":{"line":31,"column":59}},"9":{"start":{"line":32,"column":2},"end":{"line":32,"column":31}},"10":{"start":{"line":34,"column":2},"end":{"line":34,"column":14}},"11":{"start":{"line":39,"column":1},"end":{"line":61,"column":2}},"12":{"start":{"line":40,"column":15},"end":{"line":40,"column":29}},"13":{"start":{"line":41,"column":21},"end":{"line":43,"column":4}},"14":{"start":{"line":44,"column":2},"end":{"line":58,"column":3}},"15":{"start":{"line":45,"column":19},"end":{"line":45,"column":39}},"16":{"start":{"line":52,"column":21},"end":{"line":52,"column":41}},"17":{"start":{"line":53,"column":3},"end":{"line":53,"column":33}},"18":{"start":{"line":55,"column":3},"end":{"line":57,"column":6}},"19":{"start":{"line":60,"column":2},"end":{"line":60,"column":14}},"20":{"start":{"line":65,"column":1},"end":{"line":80,"column":2}},"21":{"start":{"line":66,"column":19},"end":{"line":66,"column":44}},"22":{"start":{"line":67,"column":15},"end":{"line":67,"column":29}},"23":{"start":{"line":68,"column":22},"end":{"line":76,"column":3}},"24":{"start":{"line":77,"column":2},"end":{"line":77,"column":24}},"25":{"start":{"line":79,"column":2},"end":{"line":79,"column":14}},"26":{"start":{"line":84,"column":1},"end":{"line":92,"column":2}},"27":{"start":{"line":85,"column":19},"end":{"line":85,"column":38}},"28":{"start":{"line":86,"column":22},"end":{"line":88,"column":4}},"29":{"start":{"line":89,"column":2},"end":{"line":89,"column":24}},"30":{"start":{"line":91,"column":2},"end":{"line":91,"column":14}},"31":{"start":{"line":95,"column":0},"end":{"line":101,"column":2}}},"fnMap":{"0":{"name":"getAllUsers","decl":{"start":{"line":13,"column":15},"end":{"line":13,"column":26}},"loc":{"start":{"line":13,"column":43},"end":{"line":20,"column":1}},"line":13},"1":{"name":"getOneUser","decl":{"start":{"line":22,"column":15},"end":{"line":22,"column":25}},"loc":{"start":{"line":22,"column":42},"end":{"line":36,"column":1}},"line":22},"2":{"name":"postOneUser","decl":{"start":{"line":38,"column":15},"end":{"line":38,"column":26}},"loc":{"start":{"line":38,"column":43},"end":{"line":62,"column":1}},"line":38},"3":{"name":"putOneUser","decl":{"start":{"line":64,"column":15},"end":{"line":64,"column":25}},"loc":{"start":{"line":64,"column":42},"end":{"line":81,"column":1}},"line":64},"4":{"name":"deleteOneUser","decl":{"start":{"line":83,"column":15},"end":{"line":83,"column":28}},"loc":{"start":{"line":83,"column":45},"end":{"line":93,"column":1}},"line":83}},"branchMap":{"0":{"loc":{"start":{"line":44,"column":2},"end":{"line":58,"column":3}},"type":"if","locations":[{"start":{"line":44,"column":2},"end":{"line":58,"column":3}},{"start":{"line":44,"column":2},"end":{"line":58,"column":3}}],"line":44}},"s":{"0":1,"1":1,"2":2,"3":2,"4":1,"5":1,"6":2,"7":2,"8":2,"9":2,"10":2,"11":4,"12":4,"13":4,"14":4,"15":4,"16":2,"17":2,"18":0,"19":4,"20":2,"21":2,"22":2,"23":2,"24":2,"25":2,"26":2,"27":2,"28":2,"29":1,"30":2,"31":1},"f":{"0":2,"1":2,"2":4,"3":2,"4":2},"b":{"0":[4,0]},"_coverageSchema":"1a1c01bbd47fc00a2c39e90264f33305004495a9","hash":"6e2c69d2678f6c8ae68c3035bd2eea686172ec75","contentHash":"218877d05ed18339a28fe4ea3ac7ef2b032cf5317e796d5a0a657582e6883351"},"/Users/macbookpro/Desktop/Study/Projects/Node.js Projects/Test_Node.js_project/src/api/routes/orders.js":{"path":"/Users/macbookpro/Desktop/Study/Projects/Node.js Projects/Test_Node.js_project/src/api/routes/orders.js","statementMap":{"0":{"start":{"line":1,"column":16},"end":{"line":1,"column":34}},"1":{"start":{"line":2,"column":12},"end":{"line":2,"column":32}},"2":{"start":{"line":3,"column":17},"end":{"line":3,"column":36}},"3":{"start":{"line":4,"column":14},"end":{"line":4,"column":40}},"4":{"start":{"line":5,"column":16},"end":{"line":5,"column":44}},"5":{"start":{"line":6,"column":13},"end":{"line":6,"column":38}},"6":{"start":{"line":7,"column":45},"end":{"line":7,"column":65}},"7":{"start":{"line":15,"column":4},"end":{"line":15,"column":45}},"8":{"start":{"line":21,"column":4},"end":{"line":21,"column":32}},"9":{"start":{"line":23,"column":15},"end":{"line":23,"column":31}},"10":{"start":{"line":26,"column":0},"end":{"line":26,"column":30}},"11":{"start":{"line":28,"column":0},"end":{"line":28,"column":36}},"12":{"start":{"line":30,"column":0},"end":{"line":55,"column":2}},"13":{"start":{"line":57,"column":0},"end":{"line":80,"column":2}},"14":{"start":{"line":82,"column":0},"end":{"line":105,"column":2}},"15":{"start":{"line":124,"column":0},"end":{"line":124,"column":24}}},"fnMap":{},"branchMap":{},"s":{"0":1,"1":1,"2":1,"3":1,"4":1,"5":1,"6":1,"7":1,"8":1,"9":1,"10":1,"11":1,"12":1,"13":1,"14":1,"15":1},"f":{},"b":{},"_coverageSchema":"1a1c01bbd47fc00a2c39e90264f33305004495a9","hash":"c4bc4ed72a38b21bb3478bc5f9cd70ab6bd5d99f","contentHash":"9daf6e98657d1c5d8e4d3f3b9ba39e5690f43487f838a62d3a93b2e0c704a5bf"},"/Users/macbookpro/Desktop/Study/Projects/Node.js Projects/Test_Node.js_project/src/api/controllers/orderController.js":{"path":"/Users/macbookpro/Desktop/Study/Projects/Node.js Projects/Test_Node.js_project/src/api/controllers/orderController.js","statementMap":{"0":{"start":{"line":1,"column":16},"end":{"line":1,"column":34}},"1":{"start":{"line":3,"column":14},"end":{"line":3,"column":40}},"2":{"start":{"line":4,"column":16},"end":{"line":4,"column":44}},"3":{"start":{"line":5,"column":13},"end":{"line":5,"column":38}},"4":{"start":{"line":11,"column":4},"end":{"line":11,"column":32}},"5":{"start":{"line":14,"column":1},"end":{"line":30,"column":2}},"6":{"start":{"line":15,"column":16},"end":{"line":15,"column":25}},"7":{"start":{"line":16,"column":20},"end":{"line":16,"column":40}},"8":{"start":{"line":18,"column":23},"end":{"line":25,"column":3}},"9":{"start":{"line":27,"column":2},"end":{"line":27,"column":36}},"10":{"start":{"line":29,"column":2},"end":{"line":29,"column":14}},"11":{"start":{"line":34,"column":1},"end":{"line":50,"column":2}},"12":{"start":{"line":35,"column":22},"end":{"line":35,"column":39}},"13":{"start":{"line":36,"column":18},"end":{"line":36,"column":47}},"14":{"start":{"line":37,"column":15},"end":{"line":37,"column":56}},"15":{"start":{"line":38,"column":2},"end":{"line":44,"column":3}},"16":{"start":{"line":39,"column":3},"end":{"line":41,"column":6}},"17":{"start":{"line":43,"column":3},"end":{"line":43,"column":30}},"18":{"start":{"line":46,"column":2},"end":{"line":48,"column":5}},"19":{"start":{"line":49,"column":2},"end":{"line":49,"column":14}},"20":{"start":{"line":54,"column":1},"end":{"line":84,"column":2}},"21":{"start":{"line":55,"column":15},"end":{"line":55,"column":29}},"22":{"start":{"line":57,"column":22},"end":{"line":57,"column":72}},"23":{"start":{"line":58,"column":22},"end":{"line":58,"column":66}},"24":{"start":{"line":60,"column":22},"end":{"line":60,"column":58}},"25":{"start":{"line":61,"column":21},"end":{"line":61,"column":56}},"26":{"start":{"line":63,"column":2},"end":{"line":78,"column":3}},"27":{"start":{"line":64,"column":3},"end":{"line":64,"column":36}},"28":{"start":{"line":65,"column":9},"end":{"line":78,"column":3}},"29":{"start":{"line":66,"column":3},"end":{"line":68,"column":6}},"30":{"start":{"line":70,"column":3},"end":{"line":70,"column":34}},"31":{"start":{"line":71,"column":3},"end":{"line":71,"column":37}},"32":{"start":{"line":72,"column":21},"end":{"line":72,"column":55}},"33":{"start":{"line":73,"column":3},"end":{"line":77,"column":4}},"34":{"start":{"line":74,"column":4},"end":{"line":74,"column":47}},"35":{"start":{"line":75,"column":10},"end":{"line":77,"column":4}},"36":{"start":{"line":76,"column":4},"end":{"line":76,"column":11}},"37":{"start":{"line":82,"column":2},"end":{"line":82,"column":55}},"38":{"start":{"line":83,"column":2},"end":{"line":83,"column":14}},"39":{"start":{"line":88,"column":1},"end":{"line":103,"column":2}},"40":{"start":{"line":89,"column":15},"end":{"line":89,"column":29}},"41":{"start":{"line":90,"column":22},"end":{"line":90,"column":45}},"42":{"start":{"line":91,"column":18},"end":{"line":91,"column":47}},"43":{"start":{"line":92,"column":23},"end":{"line":98,"column":3}},"44":{"start":{"line":100,"column":2},"end":{"line":100,"column":37}},"45":{"start":{"line":102,"column":2},"end":{"line":102,"column":14}},"46":{"start":{"line":107,"column":1},"end":{"line":131,"column":2}},"47":{"start":{"line":108,"column":22},"end":{"line":108,"column":45}},"48":{"start":{"line":109,"column":18},"end":{"line":109,"column":47}},"49":{"start":{"line":110,"column":23},"end":{"line":110,"column":73}},"50":{"start":{"line":112,"column":22},"end":{"line":117,"column":3}},"51":{"start":{"line":118,"column":22},"end":{"line":123,"column":3}},"52":{"start":{"line":124,"column":18},"end":{"line":124,"column":60}},"53":{"start":{"line":130,"column":2},"end":{"line":130,"column":14}},"54":{"start":{"line":134,"column":0},"end":{"line":140,"column":2}}},"fnMap":{"0":{"name":"getAllOrders","decl":{"start":{"line":13,"column":15},"end":{"line":13,"column":27}},"loc":{"start":{"line":13,"column":44},"end":{"line":31,"column":1}},"line":13},"1":{"name":"getOneOrder","decl":{"start":{"line":33,"column":15},"end":{"line":33,"column":26}},"loc":{"start":{"line":33,"column":43},"end":{"line":51,"column":1}},"line":33},"2":{"name":"postOneOrder","decl":{"start":{"line":53,"column":15},"end":{"line":53,"column":27}},"loc":{"start":{"line":53,"column":44},"end":{"line":85,"column":1}},"line":53},"3":{"name":"putOneOrder","decl":{"start":{"line":87,"column":15},"end":{"line":87,"column":26}},"loc":{"start":{"line":87,"column":43},"end":{"line":104,"column":1}},"line":87},"4":{"name":"deleteOneOrder","decl":{"start":{"line":106,"column":15},"end":{"line":106,"column":29}},"loc":{"start":{"line":106,"column":46},"end":{"line":132,"column":1}},"line":106}},"branchMap":{"0":{"loc":{"start":{"line":38,"column":2},"end":{"line":44,"column":3}},"type":"if","locations":[{"start":{"line":38,"column":2},"end":{"line":44,"column":3}},{"start":{"line":38,"column":2},"end":{"line":44,"column":3}}],"line":38},"1":{"loc":{"start":{"line":63,"column":2},"end":{"line":78,"column":3}},"type":"if","locations":[{"start":{"line":63,"column":2},"end":{"line":78,"column":3}},{"start":{"line":63,"column":2},"end":{"line":78,"column":3}}],"line":63},"2":{"loc":{"start":{"line":65,"column":9},"end":{"line":78,"column":3}},"type":"if","locations":[{"start":{"line":65,"column":9},"end":{"line":78,"column":3}},{"start":{"line":65,"column":9},"end":{"line":78,"column":3}}],"line":65},"3":{"loc":{"start":{"line":73,"column":3},"end":{"line":77,"column":4}},"type":"if","locations":[{"start":{"line":73,"column":3},"end":{"line":77,"column":4}},{"start":{"line":73,"column":3},"end":{"line":77,"column":4}}],"line":73},"4":{"loc":{"start":{"line":75,"column":10},"end":{"line":77,"column":4}},"type":"if","locations":[{"start":{"line":75,"column":10},"end":{"line":77,"column":4}},{"start":{"line":75,"column":10},"end":{"line":77,"column":4}}],"line":75}},"s":{"0":1,"1":1,"2":1,"3":1,"4":1,"5":16,"6":16,"7":16,"8":15,"9":15,"10":1,"11":4,"12":4,"13":4,"14":4,"15":4,"16":4,"17":0,"18":2,"19":0,"20":6,"21":6,"22":6,"23":6,"24":6,"25":6,"26":0,"27":0,"28":0,"29":0,"30":0,"31":0,"32":0,"33":0,"34":0,"35":0,"36":0,"37":6,"38":3,"39":2,"40":2,"41":2,"42":2,"43":2,"44":2,"45":1,"46":2,"47":2,"48":2,"49":2,"50":2,"51":2,"52":2,"53":2,"54":1},"f":{"0":16,"1":4,"2":6,"3":2,"4":2},"b":{"0":[4,0],"1":[0,0],"2":[0,0],"3":[0,0],"4":[0,0]},"_coverageSchema":"1a1c01bbd47fc00a2c39e90264f33305004495a9","hash":"9fbd8a8d920fad11f989f773ecf774871842bfc4","contentHash":"c9355cc2b156ce7bc417d0702b8d1eb42073748ddc7efc154713c45780654683"}}