{"/Users/macbookpro/Desktop/Study/Projects/Node.js Projects/Test_Node.js_project/src/api/controllers/orderController.js":{"path":"/Users/macbookpro/Desktop/Study/Projects/Node.js Projects/Test_Node.js_project/src/api/controllers/orderController.js","statementMap":{"0":{"start":{"line":1,"column":16},"end":{"line":1,"column":34}},"1":{"start":{"line":3,"column":14},"end":{"line":3,"column":40}},"2":{"start":{"line":4,"column":16},"end":{"line":4,"column":44}},"3":{"start":{"line":5,"column":13},"end":{"line":5,"column":38}},"4":{"start":{"line":11,"column":4},"end":{"line":11,"column":32}},"5":{"start":{"line":14,"column":1},"end":{"line":30,"column":2}},"6":{"start":{"line":15,"column":16},"end":{"line":15,"column":25}},"7":{"start":{"line":16,"column":20},"end":{"line":16,"column":40}},"8":{"start":{"line":18,"column":23},"end":{"line":25,"column":3}},"9":{"start":{"line":27,"column":2},"end":{"line":27,"column":36}},"10":{"start":{"line":29,"column":2},"end":{"line":29,"column":14}},"11":{"start":{"line":34,"column":1},"end":{"line":50,"column":2}},"12":{"start":{"line":35,"column":22},"end":{"line":35,"column":39}},"13":{"start":{"line":36,"column":18},"end":{"line":36,"column":47}},"14":{"start":{"line":37,"column":15},"end":{"line":37,"column":56}},"15":{"start":{"line":38,"column":2},"end":{"line":44,"column":3}},"16":{"start":{"line":39,"column":3},"end":{"line":41,"column":6}},"17":{"start":{"line":43,"column":3},"end":{"line":43,"column":30}},"18":{"start":{"line":46,"column":2},"end":{"line":48,"column":5}},"19":{"start":{"line":49,"column":2},"end":{"line":49,"column":14}},"20":{"start":{"line":54,"column":1},"end":{"line":84,"column":2}},"21":{"start":{"line":55,"column":15},"end":{"line":55,"column":29}},"22":{"start":{"line":57,"column":22},"end":{"line":57,"column":72}},"23":{"start":{"line":58,"column":22},"end":{"line":58,"column":66}},"24":{"start":{"line":60,"column":22},"end":{"line":60,"column":58}},"25":{"start":{"line":61,"column":21},"end":{"line":61,"column":56}},"26":{"start":{"line":63,"column":2},"end":{"line":78,"column":3}},"27":{"start":{"line":64,"column":3},"end":{"line":64,"column":36}},"28":{"start":{"line":65,"column":9},"end":{"line":78,"column":3}},"29":{"start":{"line":66,"column":3},"end":{"line":68,"column":6}},"30":{"start":{"line":70,"column":3},"end":{"line":70,"column":34}},"31":{"start":{"line":71,"column":3},"end":{"line":71,"column":37}},"32":{"start":{"line":72,"column":21},"end":{"line":72,"column":55}},"33":{"start":{"line":73,"column":3},"end":{"line":77,"column":4}},"34":{"start":{"line":74,"column":4},"end":{"line":74,"column":47}},"35":{"start":{"line":75,"column":10},"end":{"line":77,"column":4}},"36":{"start":{"line":76,"column":4},"end":{"line":76,"column":11}},"37":{"start":{"line":82,"column":2},"end":{"line":82,"column":55}},"38":{"start":{"line":83,"column":2},"end":{"line":83,"column":14}},"39":{"start":{"line":88,"column":1},"end":{"line":103,"column":2}},"40":{"start":{"line":89,"column":15},"end":{"line":89,"column":29}},"41":{"start":{"line":90,"column":22},"end":{"line":90,"column":45}},"42":{"start":{"line":91,"column":18},"end":{"line":91,"column":47}},"43":{"start":{"line":92,"column":23},"end":{"line":98,"column":3}},"44":{"start":{"line":100,"column":2},"end":{"line":100,"column":37}},"45":{"start":{"line":102,"column":2},"end":{"line":102,"column":14}},"46":{"start":{"line":107,"column":1},"end":{"line":131,"column":2}},"47":{"start":{"line":108,"column":22},"end":{"line":108,"column":45}},"48":{"start":{"line":109,"column":18},"end":{"line":109,"column":47}},"49":{"start":{"line":110,"column":23},"end":{"line":110,"column":73}},"50":{"start":{"line":112,"column":22},"end":{"line":117,"column":3}},"51":{"start":{"line":118,"column":22},"end":{"line":123,"column":3}},"52":{"start":{"line":124,"column":18},"end":{"line":124,"column":60}},"53":{"start":{"line":130,"column":2},"end":{"line":130,"column":14}},"54":{"start":{"line":134,"column":0},"end":{"line":140,"column":2}}},"fnMap":{"0":{"name":"getAllOrders","decl":{"start":{"line":13,"column":15},"end":{"line":13,"column":27}},"loc":{"start":{"line":13,"column":44},"end":{"line":31,"column":1}},"line":13},"1":{"name":"getOneOrder","decl":{"start":{"line":33,"column":15},"end":{"line":33,"column":26}},"loc":{"start":{"line":33,"column":43},"end":{"line":51,"column":1}},"line":33},"2":{"name":"postOneOrder","decl":{"start":{"line":53,"column":15},"end":{"line":53,"column":27}},"loc":{"start":{"line":53,"column":44},"end":{"line":85,"column":1}},"line":53},"3":{"name":"putOneOrder","decl":{"start":{"line":87,"column":15},"end":{"line":87,"column":26}},"loc":{"start":{"line":87,"column":43},"end":{"line":104,"column":1}},"line":87},"4":{"name":"deleteOneOrder","decl":{"start":{"line":106,"column":15},"end":{"line":106,"column":29}},"loc":{"start":{"line":106,"column":46},"end":{"line":132,"column":1}},"line":106}},"branchMap":{"0":{"loc":{"start":{"line":38,"column":2},"end":{"line":44,"column":3}},"type":"if","locations":[{"start":{"line":38,"column":2},"end":{"line":44,"column":3}},{"start":{"line":38,"column":2},"end":{"line":44,"column":3}}],"line":38},"1":{"loc":{"start":{"line":63,"column":2},"end":{"line":78,"column":3}},"type":"if","locations":[{"start":{"line":63,"column":2},"end":{"line":78,"column":3}},{"start":{"line":63,"column":2},"end":{"line":78,"column":3}}],"line":63},"2":{"loc":{"start":{"line":65,"column":9},"end":{"line":78,"column":3}},"type":"if","locations":[{"start":{"line":65,"column":9},"end":{"line":78,"column":3}},{"start":{"line":65,"column":9},"end":{"line":78,"column":3}}],"line":65},"3":{"loc":{"start":{"line":73,"column":3},"end":{"line":77,"column":4}},"type":"if","locations":[{"start":{"line":73,"column":3},"end":{"line":77,"column":4}},{"start":{"line":73,"column":3},"end":{"line":77,"column":4}}],"line":73},"4":{"loc":{"start":{"line":75,"column":10},"end":{"line":77,"column":4}},"type":"if","locations":[{"start":{"line":75,"column":10},"end":{"line":77,"column":4}},{"start":{"line":75,"column":10},"end":{"line":77,"column":4}}],"line":75}},"s":{"0":0,"1":0,"2":0,"3":0,"4":0,"5":0,"6":0,"7":0,"8":0,"9":0,"10":0,"11":0,"12":0,"13":0,"14":0,"15":0,"16":0,"17":0,"18":0,"19":0,"20":0,"21":0,"22":0,"23":0,"24":0,"25":0,"26":0,"27":0,"28":0,"29":0,"30":0,"31":0,"32":0,"33":0,"34":0,"35":0,"36":0,"37":0,"38":0,"39":0,"40":0,"41":0,"42":0,"43":0,"44":0,"45":0,"46":0,"47":0,"48":0,"49":0,"50":0,"51":0,"52":0,"53":0,"54":0},"f":{"0":0,"1":0,"2":0,"3":0,"4":0},"b":{"0":[0,0],"1":[0,0],"2":[0,0],"3":[0,0],"4":[0,0]},"all":true},"/Users/macbookpro/Desktop/Study/Projects/Node.js Projects/Test_Node.js_project/src/api/controllers/productController.js":{"path":"/Users/macbookpro/Desktop/Study/Projects/Node.js Projects/Test_Node.js_project/src/api/controllers/productController.js","statementMap":{"0":{"start":{"line":1,"column":16},"end":{"line":1,"column":34}},"1":{"start":{"line":4,"column":16},"end":{"line":4,"column":44}},"2":{"start":{"line":8,"column":1},"end":{"line":13,"column":2}},"3":{"start":{"line":9,"column":24},"end":{"line":9,"column":46}},"4":{"start":{"line":10,"column":2},"end":{"line":10,"column":38}},"5":{"start":{"line":12,"column":2},"end":{"line":12,"column":14}},"6":{"start":{"line":17,"column":1},"end":{"line":37,"column":2}},"7":{"start":{"line":18,"column":17},"end":{"line":18,"column":40}},"8":{"start":{"line":19,"column":16},"end":{"line":21,"column":5}},"9":{"start":{"line":23,"column":20},"end":{"line":23,"column":58}},"10":{"start":{"line":27,"column":2},"end":{"line":33,"column":3}},"11":{"start":{"line":28,"column":3},"end":{"line":30,"column":6}},"12":{"start":{"line":32,"column":3},"end":{"line":32,"column":35}},"13":{"start":{"line":36,"column":2},"end":{"line":36,"column":14}},"14":{"start":{"line":42,"column":1},"end":{"line":59,"column":2}},"15":{"start":{"line":43,"column":15},"end":{"line":43,"column":29}},"16":{"start":{"line":44,"column":24},"end":{"line":46,"column":4}},"17":{"start":{"line":47,"column":2},"end":{"line":55,"column":3}},"18":{"start":{"line":48,"column":22},"end":{"line":48,"column":45}},"19":{"start":{"line":49,"column":24},"end":{"line":49,"column":47}},"20":{"start":{"line":50,"column":3},"end":{"line":50,"column":36}},"21":{"start":{"line":52,"column":3},"end":{"line":54,"column":6}},"22":{"start":{"line":58,"column":2},"end":{"line":58,"column":14}},"23":{"start":{"line":63,"column":1},"end":{"line":79,"column":2}},"24":{"start":{"line":64,"column":15},"end":{"line":64,"column":29}},"25":{"start":{"line":65,"column":17},"end":{"line":65,"column":40}},"26":{"start":{"line":66,"column":16},"end":{"line":68,"column":5}},"27":{"start":{"line":69,"column":25},"end":{"line":75,"column":3}},"28":{"start":{"line":76,"column":2},"end":{"line":76,"column":39}},"29":{"start":{"line":78,"column":2},"end":{"line":78,"column":14}},"30":{"start":{"line":83,"column":1},"end":{"line":94,"column":2}},"31":{"start":{"line":84,"column":17},"end":{"line":84,"column":34}},"32":{"start":{"line":85,"column":16},"end":{"line":87,"column":5}},"33":{"start":{"line":88,"column":25},"end":{"line":90,"column":4}},"34":{"start":{"line":91,"column":2},"end":{"line":91,"column":39}},"35":{"start":{"line":93,"column":2},"end":{"line":93,"column":14}},"36":{"start":{"line":97,"column":0},"end":{"line":103,"column":2}}},"fnMap":{"0":{"name":"getAllProducts","decl":{"start":{"line":7,"column":15},"end":{"line":7,"column":29}},"loc":{"start":{"line":7,"column":46},"end":{"line":14,"column":1}},"line":7},"1":{"name":"getOneProduct","decl":{"start":{"line":16,"column":15},"end":{"line":16,"column":28}},"loc":{"start":{"line":16,"column":45},"end":{"line":38,"column":1}},"line":16},"2":{"name":"postOneProduct","decl":{"start":{"line":41,"column":15},"end":{"line":41,"column":29}},"loc":{"start":{"line":41,"column":46},"end":{"line":60,"column":1}},"line":41},"3":{"name":"putOneProduct","decl":{"start":{"line":62,"column":15},"end":{"line":62,"column":28}},"loc":{"start":{"line":62,"column":45},"end":{"line":80,"column":1}},"line":62},"4":{"name":"deleteOneProduct","decl":{"start":{"line":82,"column":15},"end":{"line":82,"column":31}},"loc":{"start":{"line":82,"column":48},"end":{"line":95,"column":1}},"line":82}},"branchMap":{"0":{"loc":{"start":{"line":27,"column":2},"end":{"line":33,"column":3}},"type":"if","locations":[{"start":{"line":27,"column":2},"end":{"line":33,"column":3}},{"start":{"line":27,"column":2},"end":{"line":33,"column":3}}],"line":27},"1":{"loc":{"start":{"line":47,"column":2},"end":{"line":55,"column":3}},"type":"if","locations":[{"start":{"line":47,"column":2},"end":{"line":55,"column":3}},{"start":{"line":47,"column":2},"end":{"line":55,"column":3}}],"line":47}},"s":{"0":0,"1":0,"2":0,"3":0,"4":0,"5":0,"6":0,"7":0,"8":0,"9":0,"10":0,"11":0,"12":0,"13":0,"14":0,"15":0,"16":0,"17":0,"18":0,"19":0,"20":0,"21":0,"22":0,"23":0,"24":0,"25":0,"26":0,"27":0,"28":0,"29":0,"30":0,"31":0,"32":0,"33":0,"34":0,"35":0,"36":0},"f":{"0":0,"1":0,"2":0,"3":0,"4":0},"b":{"0":[0,0],"1":[0,0]},"all":true},"/Users/macbookpro/Desktop/Study/Projects/Node.js Projects/Test_Node.js_project/src/api/controllers/userController.js":{"path":"/Users/macbookpro/Desktop/Study/Projects/Node.js Projects/Test_Node.js_project/src/api/controllers/userController.js","statementMap":{"0":{"start":{"line":1,"column":16},"end":{"line":1,"column":34}},"1":{"start":{"line":5,"column":13},"end":{"line":5,"column":38}},"2":{"start":{"line":14,"column":1},"end":{"line":19,"column":2}},"3":{"start":{"line":15,"column":19},"end":{"line":15,"column":38}},"4":{"start":{"line":16,"column":2},"end":{"line":16,"column":33}},"5":{"start":{"line":18,"column":2},"end":{"line":18,"column":14}},"6":{"start":{"line":23,"column":1},"end":{"line":35,"column":2}},"7":{"start":{"line":24,"column":19},"end":{"line":24,"column":42}},"8":{"start":{"line":31,"column":17},"end":{"line":31,"column":59}},"9":{"start":{"line":32,"column":2},"end":{"line":32,"column":31}},"10":{"start":{"line":34,"column":2},"end":{"line":34,"column":14}},"11":{"start":{"line":39,"column":1},"end":{"line":61,"column":2}},"12":{"start":{"line":40,"column":15},"end":{"line":40,"column":29}},"13":{"start":{"line":41,"column":21},"end":{"line":43,"column":4}},"14":{"start":{"line":44,"column":2},"end":{"line":58,"column":3}},"15":{"start":{"line":45,"column":19},"end":{"line":45,"column":39}},"16":{"start":{"line":52,"column":21},"end":{"line":52,"column":41}},"17":{"start":{"line":53,"column":3},"end":{"line":53,"column":33}},"18":{"start":{"line":55,"column":3},"end":{"line":57,"column":6}},"19":{"start":{"line":60,"column":2},"end":{"line":60,"column":14}},"20":{"start":{"line":65,"column":1},"end":{"line":80,"column":2}},"21":{"start":{"line":66,"column":19},"end":{"line":66,"column":44}},"22":{"start":{"line":67,"column":15},"end":{"line":67,"column":29}},"23":{"start":{"line":68,"column":22},"end":{"line":76,"column":3}},"24":{"start":{"line":77,"column":2},"end":{"line":77,"column":24}},"25":{"start":{"line":79,"column":2},"end":{"line":79,"column":14}},"26":{"start":{"line":84,"column":1},"end":{"line":92,"column":2}},"27":{"start":{"line":85,"column":19},"end":{"line":85,"column":38}},"28":{"start":{"line":86,"column":22},"end":{"line":88,"column":4}},"29":{"start":{"line":89,"column":2},"end":{"line":89,"column":24}},"30":{"start":{"line":91,"column":2},"end":{"line":91,"column":14}},"31":{"start":{"line":95,"column":0},"end":{"line":101,"column":2}}},"fnMap":{"0":{"name":"getAllUsers","decl":{"start":{"line":13,"column":15},"end":{"line":13,"column":26}},"loc":{"start":{"line":13,"column":43},"end":{"line":20,"column":1}},"line":13},"1":{"name":"getOneUser","decl":{"start":{"line":22,"column":15},"end":{"line":22,"column":25}},"loc":{"start":{"line":22,"column":42},"end":{"line":36,"column":1}},"line":22},"2":{"name":"postOneUser","decl":{"start":{"line":38,"column":15},"end":{"line":38,"column":26}},"loc":{"start":{"line":38,"column":43},"end":{"line":62,"column":1}},"line":38},"3":{"name":"putOneUser","decl":{"start":{"line":64,"column":15},"end":{"line":64,"column":25}},"loc":{"start":{"line":64,"column":42},"end":{"line":81,"column":1}},"line":64},"4":{"name":"deleteOneUser","decl":{"start":{"line":83,"column":15},"end":{"line":83,"column":28}},"loc":{"start":{"line":83,"column":45},"end":{"line":93,"column":1}},"line":83}},"branchMap":{"0":{"loc":{"start":{"line":44,"column":2},"end":{"line":58,"column":3}},"type":"if","locations":[{"start":{"line":44,"column":2},"end":{"line":58,"column":3}},{"start":{"line":44,"column":2},"end":{"line":58,"column":3}}],"line":44}},"s":{"0":0,"1":0,"2":0,"3":0,"4":0,"5":0,"6":0,"7":0,"8":0,"9":0,"10":0,"11":0,"12":0,"13":0,"14":0,"15":0,"16":0,"17":0,"18":0,"19":0,"20":0,"21":0,"22":0,"23":0,"24":0,"25":0,"26":0,"27":0,"28":0,"29":0,"30":0,"31":0},"f":{"0":0,"1":0,"2":0,"3":0,"4":0},"b":{"0":[0,0]},"all":true},"/Users/macbookpro/Desktop/Study/Projects/Node.js Projects/Test_Node.js_project/src/api/index.js":{"path":"/Users/macbookpro/Desktop/Study/Projects/Node.js Projects/Test_Node.js_project/src/api/index.js","statementMap":{"0":{"start":{"line":1,"column":16},"end":{"line":1,"column":34}},"1":{"start":{"line":2,"column":19},"end":{"line":2,"column":41}},"2":{"start":{"line":3,"column":17},"end":{"line":3,"column":45}},"3":{"start":{"line":4,"column":14},"end":{"line":4,"column":39}},"4":{"start":{"line":5,"column":15},"end":{"line":5,"column":41}},"5":{"start":{"line":7,"column":15},"end":{"line":7,"column":31}},"6":{"start":{"line":8,"column":0},"end":{"line":12,"column":3}},"7":{"start":{"line":9,"column":1},"end":{"line":11,"column":4}},"8":{"start":{"line":14,"column":0},"end":{"line":14,"column":30}},"9":{"start":{"line":15,"column":0},"end":{"line":15,"column":42}},"10":{"start":{"line":16,"column":0},"end":{"line":16,"column":28}},"11":{"start":{"line":17,"column":0},"end":{"line":17,"column":39}},"12":{"start":{"line":19,"column":0},"end":{"line":19,"column":24}}},"fnMap":{"0":{"name":"(anonymous_0)","decl":{"start":{"line":8,"column":16},"end":{"line":8,"column":17}},"loc":{"start":{"line":8,"column":30},"end":{"line":12,"column":1}},"line":8}},"branchMap":{},"s":{"0":0,"1":0,"2":0,"3":0,"4":0,"5":0,"6":0,"7":0,"8":0,"9":0,"10":0,"11":0,"12":0},"f":{"0":0},"b":{},"all":true},"/Users/macbookpro/Desktop/Study/Projects/Node.js Projects/Test_Node.js_project/src/api/models/Order.js":{"path":"/Users/macbookpro/Desktop/Study/Projects/Node.js Projects/Test_Node.js_project/src/api/models/Order.js","statementMap":{"0":{"start":{"line":1,"column":17},"end":{"line":1,"column":36}},"1":{"start":{"line":2,"column":0},"end":{"line":2,"column":27}},"2":{"start":{"line":4,"column":20},"end":{"line":26,"column":1}},"3":{"start":{"line":28,"column":13},"end":{"line":30,"column":1}},"4":{"start":{"line":31,"column":0},"end":{"line":31,"column":70}}},"fnMap":{},"branchMap":{},"s":{"0":0,"1":0,"2":0,"3":0,"4":0},"f":{},"b":{},"all":true},"/Users/macbookpro/Desktop/Study/Projects/Node.js Projects/Test_Node.js_project/src/api/models/Product.js":{"path":"/Users/macbookpro/Desktop/Study/Projects/Node.js Projects/Test_Node.js_project/src/api/models/Product.js","statementMap":{"0":{"start":{"line":1,"column":17},"end":{"line":1,"column":36}},"1":{"start":{"line":2,"column":0},"end":{"line":2,"column":27}},"2":{"start":{"line":4,"column":22},"end":{"line":14,"column":1}},"3":{"start":{"line":16,"column":13},"end":{"line":18,"column":1}},"4":{"start":{"line":19,"column":0},"end":{"line":19,"column":75}}},"fnMap":{},"branchMap":{},"s":{"0":0,"1":0,"2":0,"3":0,"4":0},"f":{},"b":{},"all":true},"/Users/macbookpro/Desktop/Study/Projects/Node.js Projects/Test_Node.js_project/src/api/models/User.js":{"path":"/Users/macbookpro/Desktop/Study/Projects/Node.js Projects/Test_Node.js_project/src/api/models/User.js","statementMap":{"0":{"start":{"line":1,"column":17},"end":{"line":1,"column":36}},"1":{"start":{"line":2,"column":0},"end":{"line":2,"column":27}},"2":{"start":{"line":4,"column":19},"end":{"line":26,"column":1}},"3":{"start":{"line":28,"column":13},"end":{"line":30,"column":1}},"4":{"start":{"line":31,"column":0},"end":{"line":31,"column":58}}},"fnMap":{},"branchMap":{},"s":{"0":0,"1":0,"2":0,"3":0,"4":0},"f":{},"b":{},"all":true},"/Users/macbookpro/Desktop/Study/Projects/Node.js Projects/Test_Node.js_project/src/api/routes/classes.js":{"path":"/Users/macbookpro/Desktop/Study/Projects/Node.js Projects/Test_Node.js_project/src/api/routes/classes.js","statementMap":{"0":{"start":{"line":10,"column":2},"end":{"line":10,"column":22}},"1":{"start":{"line":11,"column":2},"end":{"line":11,"column":19}},"2":{"start":{"line":12,"column":2},"end":{"line":12,"column":33}},"3":{"start":{"line":13,"column":2},"end":{"line":13,"column":31}},"4":{"start":{"line":14,"column":2},"end":{"line":14,"column":35}},"5":{"start":{"line":15,"column":2},"end":{"line":15,"column":29}},"6":{"start":{"line":16,"column":2},"end":{"line":16,"column":20}},"7":{"start":{"line":17,"column":2},"end":{"line":17,"column":13}},"8":{"start":{"line":20,"column":2},"end":{"line":22,"column":5}},"9":{"start":{"line":26,"column":2},"end":{"line":91,"column":3}},"10":{"start":{"line":27,"column":3},"end":{"line":29,"column":6}},"11":{"start":{"line":28,"column":4},"end":{"line":28,"column":40}},"12":{"start":{"line":30,"column":3},"end":{"line":41,"column":4}},"13":{"start":{"line":31,"column":4},"end":{"line":40,"column":5}},"14":{"start":{"line":31,"column":17},"end":{"line":31,"column":18}},"15":{"start":{"line":32,"column":5},"end":{"line":39,"column":6}},"16":{"start":{"line":38,"column":6},"end":{"line":38,"column":61}},"17":{"start":{"line":42,"column":3},"end":{"line":42,"column":23}},"18":{"start":{"line":43,"column":9},"end":{"line":91,"column":3}},"19":{"start":{"line":47,"column":3},"end":{"line":49,"column":6}},"20":{"start":{"line":48,"column":4},"end":{"line":48,"column":28}},"21":{"start":{"line":50,"column":3},"end":{"line":54,"column":4}},"22":{"start":{"line":51,"column":4},"end":{"line":53,"column":5}},"23":{"start":{"line":52,"column":5},"end":{"line":52,"column":60}},"24":{"start":{"line":55,"column":9},"end":{"line":91,"column":3}},"25":{"start":{"line":56,"column":3},"end":{"line":62,"column":6}},"26":{"start":{"line":57,"column":4},"end":{"line":61,"column":5}},"27":{"start":{"line":58,"column":5},"end":{"line":58,"column":17}},"28":{"start":{"line":60,"column":5},"end":{"line":60,"column":18}},"29":{"start":{"line":63,"column":3},"end":{"line":63,"column":23}},"30":{"start":{"line":64,"column":9},"end":{"line":91,"column":3}},"31":{"start":{"line":65,"column":3},"end":{"line":71,"column":6}},"32":{"start":{"line":66,"column":4},"end":{"line":70,"column":5}},"33":{"start":{"line":67,"column":5},"end":{"line":67,"column":17}},"34":{"start":{"line":69,"column":5},"end":{"line":69,"column":18}},"35":{"start":{"line":72,"column":3},"end":{"line":72,"column":23}},"36":{"start":{"line":73,"column":9},"end":{"line":91,"column":3}},"37":{"start":{"line":74,"column":3},"end":{"line":87,"column":6}},"38":{"start":{"line":75,"column":4},"end":{"line":86,"column":5}},"39":{"start":{"line":83,"column":5},"end":{"line":83,"column":17}},"40":{"start":{"line":85,"column":5},"end":{"line":85,"column":18}},"41":{"start":{"line":88,"column":3},"end":{"line":88,"column":23}},"42":{"start":{"line":89,"column":9},"end":{"line":91,"column":3}},"43":{"start":{"line":90,"column":3},"end":{"line":90,"column":37}},"44":{"start":{"line":95,"column":2},"end":{"line":95,"column":17}},"45":{"start":{"line":96,"column":2},"end":{"line":118,"column":3}},"46":{"start":{"line":97,"column":3},"end":{"line":103,"column":7}},"47":{"start":{"line":98,"column":4},"end":{"line":102,"column":5}},"48":{"start":{"line":99,"column":5},"end":{"line":99,"column":15}},"49":{"start":{"line":100,"column":11},"end":{"line":102,"column":5}},"50":{"start":{"line":101,"column":5},"end":{"line":101,"column":14}},"51":{"start":{"line":104,"column":9},"end":{"line":118,"column":3}},"52":{"start":{"line":105,"column":3},"end":{"line":111,"column":7}},"53":{"start":{"line":106,"column":4},"end":{"line":110,"column":5}},"54":{"start":{"line":107,"column":5},"end":{"line":107,"column":14}},"55":{"start":{"line":108,"column":11},"end":{"line":110,"column":5}},"56":{"start":{"line":109,"column":5},"end":{"line":109,"column":15}},"57":{"start":{"line":112,"column":9},"end":{"line":118,"column":3}},"58":{"start":{"line":113,"column":3},"end":{"line":115,"column":6}},"59":{"start":{"line":117,"column":3},"end":{"line":117,"column":19}},"60":{"start":{"line":122,"column":2},"end":{"line":122,"column":33}},"61":{"start":{"line":126,"column":2},"end":{"line":128,"column":5}},"62":{"start":{"line":132,"column":2},"end":{"line":158,"column":3}},"63":{"start":{"line":133,"column":3},"end":{"line":133,"column":30}},"64":{"start":{"line":134,"column":9},"end":{"line":158,"column":3}},"65":{"start":{"line":135,"column":3},"end":{"line":135,"column":29}},"66":{"start":{"line":136,"column":9},"end":{"line":158,"column":3}},"67":{"start":{"line":137,"column":3},"end":{"line":137,"column":31}},"68":{"start":{"line":138,"column":9},"end":{"line":158,"column":3}},"69":{"start":{"line":139,"column":3},"end":{"line":139,"column":32}},"70":{"start":{"line":140,"column":9},"end":{"line":158,"column":3}},"71":{"start":{"line":144,"column":3},"end":{"line":144,"column":50}},"72":{"start":{"line":145,"column":3},"end":{"line":150,"column":4}},"73":{"start":{"line":146,"column":4},"end":{"line":146,"column":28}},"74":{"start":{"line":148,"column":4},"end":{"line":148,"column":45}},"75":{"start":{"line":149,"column":4},"end":{"line":149,"column":51}},"76":{"start":{"line":151,"column":9},"end":{"line":158,"column":3}},"77":{"start":{"line":157,"column":3},"end":{"line":157,"column":34}},"78":{"start":{"line":164,"column":2},"end":{"line":164,"column":19}},"79":{"start":{"line":165,"column":2},"end":{"line":165,"column":35}},"80":{"start":{"line":166,"column":2},"end":{"line":166,"column":31}},"81":{"start":{"line":167,"column":2},"end":{"line":167,"column":27}},"82":{"start":{"line":171,"column":2},"end":{"line":173,"column":5}},"83":{"start":{"line":177,"column":2},"end":{"line":177,"column":24}},"84":{"start":{"line":178,"column":2},"end":{"line":201,"column":3}},"85":{"start":{"line":179,"column":3},"end":{"line":200,"column":4}},"86":{"start":{"line":180,"column":4},"end":{"line":182,"column":7}},"87":{"start":{"line":183,"column":4},"end":{"line":199,"column":5}},"88":{"start":{"line":183,"column":17},"end":{"line":183,"column":18}},"89":{"start":{"line":184,"column":5},"end":{"line":198,"column":6}},"90":{"start":{"line":185,"column":6},"end":{"line":191,"column":9}},"91":{"start":{"line":193,"column":6},"end":{"line":197,"column":9}},"92":{"start":{"line":204,"column":2},"end":{"line":204,"column":26}},"93":{"start":{"line":207,"column":2},"end":{"line":207,"column":53}},"94":{"start":{"line":208,"column":2},"end":{"line":208,"column":24}},"95":{"start":{"line":209,"column":2},"end":{"line":209,"column":22}},"96":{"start":{"line":210,"column":2},"end":{"line":240,"column":3}},"97":{"start":{"line":211,"column":3},"end":{"line":239,"column":4}},"98":{"start":{"line":212,"column":4},"end":{"line":214,"column":7}},"99":{"start":{"line":215,"column":10},"end":{"line":239,"column":4}},"100":{"start":{"line":216,"column":4},"end":{"line":218,"column":7}},"101":{"start":{"line":219,"column":4},"end":{"line":220,"column":72}},"102":{"start":{"line":222,"column":4},"end":{"line":237,"column":6}},"103":{"start":{"line":230,"column":6},"end":{"line":235,"column":7}},"104":{"start":{"line":234,"column":7},"end":{"line":234,"column":49}},"105":{"start":{"line":244,"column":2},"end":{"line":276,"column":3}},"106":{"start":{"line":245,"column":3},"end":{"line":245,"column":50}},"107":{"start":{"line":246,"column":3},"end":{"line":258,"column":4}},"108":{"start":{"line":247,"column":4},"end":{"line":247,"column":23}},"109":{"start":{"line":248,"column":4},"end":{"line":257,"column":5}},"110":{"start":{"line":249,"column":5},"end":{"line":251,"column":8}},"111":{"start":{"line":252,"column":5},"end":{"line":252,"column":61}},"112":{"start":{"line":253,"column":5},"end":{"line":253,"column":55}},"113":{"start":{"line":255,"column":5},"end":{"line":255,"column":51}},"114":{"start":{"line":256,"column":5},"end":{"line":256,"column":25}},"115":{"start":{"line":259,"column":3},"end":{"line":259,"column":64}},"116":{"start":{"line":267,"column":3},"end":{"line":267,"column":47}},"117":{"start":{"line":268,"column":3},"end":{"line":268,"column":50}},"118":{"start":{"line":269,"column":9},"end":{"line":276,"column":3}},"119":{"start":{"line":270,"column":3},"end":{"line":270,"column":21}},"120":{"start":{"line":271,"column":3},"end":{"line":274,"column":6}},"121":{"start":{"line":272,"column":4},"end":{"line":273,"column":21}},"122":{"start":{"line":275,"column":3},"end":{"line":275,"column":48}},"123":{"start":{"line":277,"column":2},"end":{"line":277,"column":33}},"124":{"start":{"line":281,"column":2},"end":{"line":295,"column":3}},"125":{"start":{"line":282,"column":3},"end":{"line":294,"column":4}},"126":{"start":{"line":283,"column":4},"end":{"line":285,"column":7}},"127":{"start":{"line":286,"column":4},"end":{"line":293,"column":6}},"128":{"start":{"line":301,"column":2},"end":{"line":301,"column":19}},"129":{"start":{"line":302,"column":2},"end":{"line":302,"column":29}},"130":{"start":{"line":303,"column":2},"end":{"line":303,"column":31}},"131":{"start":{"line":304,"column":2},"end":{"line":304,"column":27}},"132":{"start":{"line":308,"column":2},"end":{"line":308,"column":21}},"133":{"start":{"line":310,"column":2},"end":{"line":324,"column":3}},"134":{"start":{"line":311,"column":3},"end":{"line":323,"column":4}},"135":{"start":{"line":312,"column":4},"end":{"line":317,"column":7}},"136":{"start":{"line":319,"column":4},"end":{"line":322,"column":7}},"137":{"start":{"line":325,"column":2},"end":{"line":325,"column":23}},"138":{"start":{"line":329,"column":2},"end":{"line":329,"column":42}},"139":{"start":{"line":330,"column":2},"end":{"line":330,"column":20}},"140":{"start":{"line":331,"column":2},"end":{"line":337,"column":3}},"141":{"start":{"line":332,"column":3},"end":{"line":336,"column":4}},"142":{"start":{"line":333,"column":4},"end":{"line":335,"column":37}},"143":{"start":{"line":338,"column":2},"end":{"line":338,"column":22}},"144":{"start":{"line":342,"column":2},"end":{"line":344,"column":5}},"145":{"start":{"line":343,"column":3},"end":{"line":343,"column":27}},"146":{"start":{"line":345,"column":2},"end":{"line":363,"column":5}},"147":{"start":{"line":346,"column":3},"end":{"line":348,"column":6}},"148":{"start":{"line":349,"column":3},"end":{"line":354,"column":6}},"149":{"start":{"line":355,"column":3},"end":{"line":362,"column":5}},"150":{"start":{"line":367,"column":2},"end":{"line":369,"column":5}},"151":{"start":{"line":368,"column":3},"end":{"line":368,"column":27}},"152":{"start":{"line":370,"column":2},"end":{"line":374,"column":5}},"153":{"start":{"line":371,"column":3},"end":{"line":373,"column":6}},"154":{"start":{"line":375,"column":2},"end":{"line":375,"column":61}},"155":{"start":{"line":376,"column":2},"end":{"line":378,"column":5}},"156":{"start":{"line":377,"column":3},"end":{"line":377,"column":25}},"157":{"start":{"line":380,"column":2},"end":{"line":393,"column":3}},"158":{"start":{"line":381,"column":3},"end":{"line":383,"column":6}},"159":{"start":{"line":382,"column":4},"end":{"line":382,"column":52}},"160":{"start":{"line":384,"column":3},"end":{"line":392,"column":5}},"161":{"start":{"line":397,"column":0},"end":{"line":397,"column":78}}},"fnMap":{"0":{"name":"(anonymous_0)","decl":{"start":{"line":2,"column":1},"end":{"line":2,"column":2}},"loc":{"start":{"line":9,"column":3},"end":{"line":18,"column":2}},"line":9},"1":{"name":"(anonymous_1)","decl":{"start":{"line":19,"column":1},"end":{"line":19,"column":2}},"loc":{"start":{"line":19,"column":28},"end":{"line":23,"column":2}},"line":19},"2":{"name":"(anonymous_2)","decl":{"start":{"line":25,"column":1},"end":{"line":25,"column":2}},"loc":{"start":{"line":25,"column":21},"end":{"line":92,"column":2}},"line":25},"3":{"name":"(anonymous_3)","decl":{"start":{"line":27,"column":36},"end":{"line":27,"column":37}},"loc":{"start":{"line":27,"column":46},"end":{"line":29,"column":4}},"line":27},"4":{"name":"(anonymous_4)","decl":{"start":{"line":47,"column":36},"end":{"line":47,"column":37}},"loc":{"start":{"line":47,"column":46},"end":{"line":49,"column":4}},"line":47},"5":{"name":"(anonymous_5)","decl":{"start":{"line":56,"column":35},"end":{"line":56,"column":36}},"loc":{"start":{"line":56,"column":45},"end":{"line":62,"column":4}},"line":56},"6":{"name":"(anonymous_6)","decl":{"start":{"line":65,"column":35},"end":{"line":65,"column":36}},"loc":{"start":{"line":65,"column":45},"end":{"line":71,"column":4}},"line":65},"7":{"name":"(anonymous_7)","decl":{"start":{"line":74,"column":35},"end":{"line":74,"column":36}},"loc":{"start":{"line":74,"column":45},"end":{"line":87,"column":4}},"line":74},"8":{"name":"(anonymous_8)","decl":{"start":{"line":94,"column":1},"end":{"line":94,"column":2}},"loc":{"start":{"line":94,"column":21},"end":{"line":119,"column":2}},"line":94},"9":{"name":"(anonymous_9)","decl":{"start":{"line":97,"column":36},"end":{"line":97,"column":37}},"loc":{"start":{"line":97,"column":46},"end":{"line":103,"column":4}},"line":97},"10":{"name":"(anonymous_10)","decl":{"start":{"line":105,"column":36},"end":{"line":105,"column":37}},"loc":{"start":{"line":105,"column":46},"end":{"line":111,"column":4}},"line":105},"11":{"name":"(anonymous_11)","decl":{"start":{"line":121,"column":1},"end":{"line":121,"column":2}},"loc":{"start":{"line":121,"column":27},"end":{"line":123,"column":2}},"line":121},"12":{"name":"(anonymous_12)","decl":{"start":{"line":125,"column":1},"end":{"line":125,"column":2}},"loc":{"start":{"line":125,"column":20},"end":{"line":129,"column":2}},"line":125},"13":{"name":"(anonymous_13)","decl":{"start":{"line":131,"column":1},"end":{"line":131,"column":2}},"loc":{"start":{"line":131,"column":28},"end":{"line":159,"column":2}},"line":131},"14":{"name":"(anonymous_14)","decl":{"start":{"line":163,"column":1},"end":{"line":163,"column":2}},"loc":{"start":{"line":163,"column":55},"end":{"line":168,"column":2}},"line":163},"15":{"name":"(anonymous_15)","decl":{"start":{"line":170,"column":1},"end":{"line":170,"column":2}},"loc":{"start":{"line":170,"column":26},"end":{"line":174,"column":2}},"line":170},"16":{"name":"(anonymous_16)","decl":{"start":{"line":176,"column":1},"end":{"line":176,"column":2}},"loc":{"start":{"line":176,"column":20},"end":{"line":205,"column":2}},"line":176},"17":{"name":"(anonymous_17)","decl":{"start":{"line":206,"column":1},"end":{"line":206,"column":2}},"loc":{"start":{"line":206,"column":23},"end":{"line":241,"column":2}},"line":206},"18":{"name":"(anonymous_18)","decl":{"start":{"line":229,"column":5},"end":{"line":229,"column":6}},"loc":{"start":{"line":229,"column":20},"end":{"line":236,"column":6}},"line":229},"19":{"name":"(anonymous_19)","decl":{"start":{"line":242,"column":1},"end":{"line":242,"column":2}},"loc":{"start":{"line":242,"column":24},"end":{"line":278,"column":2}},"line":242},"20":{"name":"(anonymous_20)","decl":{"start":{"line":271,"column":24},"end":{"line":271,"column":25}},"loc":{"start":{"line":271,"column":34},"end":{"line":274,"column":4}},"line":271},"21":{"name":"(anonymous_21)","decl":{"start":{"line":280,"column":1},"end":{"line":280,"column":2}},"loc":{"start":{"line":280,"column":27},"end":{"line":296,"column":2}},"line":280},"22":{"name":"(anonymous_22)","decl":{"start":{"line":300,"column":1},"end":{"line":300,"column":2}},"loc":{"start":{"line":300,"column":52},"end":{"line":305,"column":2}},"line":300},"23":{"name":"(anonymous_23)","decl":{"start":{"line":307,"column":1},"end":{"line":307,"column":2}},"loc":{"start":{"line":307,"column":18},"end":{"line":326,"column":2}},"line":307},"24":{"name":"(anonymous_24)","decl":{"start":{"line":328,"column":1},"end":{"line":328,"column":2}},"loc":{"start":{"line":328,"column":25},"end":{"line":339,"column":2}},"line":328},"25":{"name":"(anonymous_25)","decl":{"start":{"line":341,"column":1},"end":{"line":341,"column":2}},"loc":{"start":{"line":341,"column":32},"end":{"line":364,"column":2}},"line":341},"26":{"name":"(anonymous_26)","decl":{"start":{"line":342,"column":40},"end":{"line":342,"column":41}},"loc":{"start":{"line":342,"column":50},"end":{"line":344,"column":3}},"line":342},"27":{"name":"(anonymous_27)","decl":{"start":{"line":345,"column":19},"end":{"line":345,"column":20}},"loc":{"start":{"line":345,"column":35},"end":{"line":363,"column":3}},"line":345},"28":{"name":"(anonymous_28)","decl":{"start":{"line":366,"column":1},"end":{"line":366,"column":2}},"loc":{"start":{"line":366,"column":32},"end":{"line":394,"column":2}},"line":366},"29":{"name":"(anonymous_29)","decl":{"start":{"line":367,"column":38},"end":{"line":367,"column":39}},"loc":{"start":{"line":367,"column":48},"end":{"line":369,"column":3}},"line":367},"30":{"name":"(anonymous_30)","decl":{"start":{"line":370,"column":38},"end":{"line":370,"column":39}},"loc":{"start":{"line":370,"column":54},"end":{"line":374,"column":3}},"line":370},"31":{"name":"(anonymous_31)","decl":{"start":{"line":376,"column":47},"end":{"line":376,"column":48}},"loc":{"start":{"line":376,"column":57},"end":{"line":378,"column":3}},"line":376},"32":{"name":"(anonymous_32)","decl":{"start":{"line":381,"column":42},"end":{"line":381,"column":43}},"loc":{"start":{"line":381,"column":52},"end":{"line":383,"column":4}},"line":381}},"branchMap":{"0":{"loc":{"start":{"line":26,"column":2},"end":{"line":91,"column":3}},"type":"if","locations":[{"start":{"line":26,"column":2},"end":{"line":91,"column":3}},{"start":{"line":26,"column":2},"end":{"line":91,"column":3}}],"line":26},"1":{"loc":{"start":{"line":32,"column":5},"end":{"line":39,"column":6}},"type":"if","locations":[{"start":{"line":32,"column":5},"end":{"line":39,"column":6}},{"start":{"line":32,"column":5},"end":{"line":39,"column":6}}],"line":32},"2":{"loc":{"start":{"line":43,"column":9},"end":{"line":91,"column":3}},"type":"if","locations":[{"start":{"line":43,"column":9},"end":{"line":91,"column":3}},{"start":{"line":43,"column":9},"end":{"line":91,"column":3}}],"line":43},"3":{"loc":{"start":{"line":44,"column":3},"end":{"line":45,"column":33}},"type":"binary-expr","locations":[{"start":{"line":44,"column":3},"end":{"line":44,"column":33}},{"start":{"line":45,"column":3},"end":{"line":45,"column":33}}],"line":44},"4":{"loc":{"start":{"line":51,"column":4},"end":{"line":53,"column":5}},"type":"if","locations":[{"start":{"line":51,"column":4},"end":{"line":53,"column":5}},{"start":{"line":51,"column":4},"end":{"line":53,"column":5}}],"line":51},"5":{"loc":{"start":{"line":55,"column":9},"end":{"line":91,"column":3}},"type":"if","locations":[{"start":{"line":55,"column":9},"end":{"line":91,"column":3}},{"start":{"line":55,"column":9},"end":{"line":91,"column":3}}],"line":55},"6":{"loc":{"start":{"line":57,"column":4},"end":{"line":61,"column":5}},"type":"if","locations":[{"start":{"line":57,"column":4},"end":{"line":61,"column":5}},{"start":{"line":57,"column":4},"end":{"line":61,"column":5}}],"line":57},"7":{"loc":{"start":{"line":64,"column":9},"end":{"line":91,"column":3}},"type":"if","locations":[{"start":{"line":64,"column":9},"end":{"line":91,"column":3}},{"start":{"line":64,"column":9},"end":{"line":91,"column":3}}],"line":64},"8":{"loc":{"start":{"line":64,"column":13},"end":{"line":64,"column":71}},"type":"binary-expr","locations":[{"start":{"line":64,"column":13},"end":{"line":64,"column":38}},{"start":{"line":64,"column":42},"end":{"line":64,"column":71}}],"line":64},"9":{"loc":{"start":{"line":66,"column":4},"end":{"line":70,"column":5}},"type":"if","locations":[{"start":{"line":66,"column":4},"end":{"line":70,"column":5}},{"start":{"line":66,"column":4},"end":{"line":70,"column":5}}],"line":66},"10":{"loc":{"start":{"line":73,"column":9},"end":{"line":91,"column":3}},"type":"if","locations":[{"start":{"line":73,"column":9},"end":{"line":91,"column":3}},{"start":{"line":73,"column":9},"end":{"line":91,"column":3}}],"line":73},"11":{"loc":{"start":{"line":75,"column":4},"end":{"line":86,"column":5}},"type":"if","locations":[{"start":{"line":75,"column":4},"end":{"line":86,"column":5}},{"start":{"line":75,"column":4},"end":{"line":86,"column":5}}],"line":75},"12":{"loc":{"start":{"line":76,"column":5},"end":{"line":81,"column":44}},"type":"binary-expr","locations":[{"start":{"line":76,"column":5},"end":{"line":77,"column":48}},{"start":{"line":78,"column":5},"end":{"line":79,"column":45}},{"start":{"line":80,"column":5},"end":{"line":81,"column":44}}],"line":76},"13":{"loc":{"start":{"line":89,"column":9},"end":{"line":91,"column":3}},"type":"if","locations":[{"start":{"line":89,"column":9},"end":{"line":91,"column":3}},{"start":{"line":89,"column":9},"end":{"line":91,"column":3}}],"line":89},"14":{"loc":{"start":{"line":89,"column":13},"end":{"line":89,"column":74}},"type":"binary-expr","locations":[{"start":{"line":89,"column":13},"end":{"line":89,"column":42}},{"start":{"line":89,"column":46},"end":{"line":89,"column":74}}],"line":89},"15":{"loc":{"start":{"line":96,"column":2},"end":{"line":118,"column":3}},"type":"if","locations":[{"start":{"line":96,"column":2},"end":{"line":118,"column":3}},{"start":{"line":96,"column":2},"end":{"line":118,"column":3}}],"line":96},"16":{"loc":{"start":{"line":96,"column":6},"end":{"line":96,"column":59}},"type":"binary-expr","locations":[{"start":{"line":96,"column":6},"end":{"line":96,"column":36}},{"start":{"line":96,"column":40},"end":{"line":96,"column":59}}],"line":96},"17":{"loc":{"start":{"line":98,"column":4},"end":{"line":102,"column":5}},"type":"if","locations":[{"start":{"line":98,"column":4},"end":{"line":102,"column":5}},{"start":{"line":98,"column":4},"end":{"line":102,"column":5}}],"line":98},"18":{"loc":{"start":{"line":100,"column":11},"end":{"line":102,"column":5}},"type":"if","locations":[{"start":{"line":100,"column":11},"end":{"line":102,"column":5}},{"start":{"line":100,"column":11},"end":{"line":102,"column":5}}],"line":100},"19":{"loc":{"start":{"line":104,"column":9},"end":{"line":118,"column":3}},"type":"if","locations":[{"start":{"line":104,"column":9},"end":{"line":118,"column":3}},{"start":{"line":104,"column":9},"end":{"line":118,"column":3}}],"line":104},"20":{"loc":{"start":{"line":104,"column":13},"end":{"line":104,"column":66}},"type":"binary-expr","locations":[{"start":{"line":104,"column":13},"end":{"line":104,"column":43}},{"start":{"line":104,"column":47},"end":{"line":104,"column":66}}],"line":104},"21":{"loc":{"start":{"line":106,"column":4},"end":{"line":110,"column":5}},"type":"if","locations":[{"start":{"line":106,"column":4},"end":{"line":110,"column":5}},{"start":{"line":106,"column":4},"end":{"line":110,"column":5}}],"line":106},"22":{"loc":{"start":{"line":108,"column":11},"end":{"line":110,"column":5}},"type":"if","locations":[{"start":{"line":108,"column":11},"end":{"line":110,"column":5}},{"start":{"line":108,"column":11},"end":{"line":110,"column":5}}],"line":108},"23":{"loc":{"start":{"line":112,"column":9},"end":{"line":118,"column":3}},"type":"if","locations":[{"start":{"line":112,"column":9},"end":{"line":118,"column":3}},{"start":{"line":112,"column":9},"end":{"line":118,"column":3}}],"line":112},"24":{"loc":{"start":{"line":132,"column":2},"end":{"line":158,"column":3}},"type":"if","locations":[{"start":{"line":132,"column":2},"end":{"line":158,"column":3}},{"start":{"line":132,"column":2},"end":{"line":158,"column":3}}],"line":132},"25":{"loc":{"start":{"line":132,"column":6},"end":{"line":132,"column":54}},"type":"binary-expr","locations":[{"start":{"line":132,"column":6},"end":{"line":132,"column":22}},{"start":{"line":132,"column":26},"end":{"line":132,"column":54}}],"line":132},"26":{"loc":{"start":{"line":134,"column":9},"end":{"line":158,"column":3}},"type":"if","locations":[{"start":{"line":134,"column":9},"end":{"line":158,"column":3}},{"start":{"line":134,"column":9},"end":{"line":158,"column":3}}],"line":134},"27":{"loc":{"start":{"line":134,"column":13},"end":{"line":134,"column":61}},"type":"binary-expr","locations":[{"start":{"line":134,"column":13},"end":{"line":134,"column":30}},{"start":{"line":134,"column":34},"end":{"line":134,"column":61}}],"line":134},"28":{"loc":{"start":{"line":136,"column":9},"end":{"line":158,"column":3}},"type":"if","locations":[{"start":{"line":136,"column":9},"end":{"line":158,"column":3}},{"start":{"line":136,"column":9},"end":{"line":158,"column":3}}],"line":136},"29":{"loc":{"start":{"line":136,"column":13},"end":{"line":136,"column":61}},"type":"binary-expr","locations":[{"start":{"line":136,"column":13},"end":{"line":136,"column":42}},{"start":{"line":136,"column":46},"end":{"line":136,"column":61}}],"line":136},"30":{"loc":{"start":{"line":138,"column":9},"end":{"line":158,"column":3}},"type":"if","locations":[{"start":{"line":138,"column":9},"end":{"line":158,"column":3}},{"start":{"line":138,"column":9},"end":{"line":158,"column":3}}],"line":138},"31":{"loc":{"start":{"line":138,"column":13},"end":{"line":138,"column":61}},"type":"binary-expr","locations":[{"start":{"line":138,"column":13},"end":{"line":138,"column":43}},{"start":{"line":138,"column":47},"end":{"line":138,"column":61}}],"line":138},"32":{"loc":{"start":{"line":140,"column":9},"end":{"line":158,"column":3}},"type":"if","locations":[{"start":{"line":140,"column":9},"end":{"line":158,"column":3}},{"start":{"line":140,"column":9},"end":{"line":158,"column":3}}],"line":140},"33":{"loc":{"start":{"line":141,"column":3},"end":{"line":142,"column":40}},"type":"binary-expr","locations":[{"start":{"line":141,"column":4},"end":{"line":141,"column":20}},{"start":{"line":141,"column":24},"end":{"line":141,"column":39}},{"start":{"line":142,"column":4},"end":{"line":142,"column":21}},{"start":{"line":142,"column":25},"end":{"line":142,"column":39}}],"line":141},"34":{"loc":{"start":{"line":145,"column":3},"end":{"line":150,"column":4}},"type":"if","locations":[{"start":{"line":145,"column":3},"end":{"line":150,"column":4}},{"start":{"line":145,"column":3},"end":{"line":150,"column":4}}],"line":145},"35":{"loc":{"start":{"line":151,"column":9},"end":{"line":158,"column":3}},"type":"if","locations":[{"start":{"line":151,"column":9},"end":{"line":158,"column":3}},{"start":{"line":151,"column":9},"end":{"line":158,"column":3}}],"line":151},"36":{"loc":{"start":{"line":152,"column":3},"end":{"line":155,"column":30}},"type":"binary-expr","locations":[{"start":{"line":152,"column":3},"end":{"line":152,"column":32}},{"start":{"line":153,"column":3},"end":{"line":153,"column":31}},{"start":{"line":154,"column":3},"end":{"line":154,"column":33}},{"start":{"line":155,"column":3},"end":{"line":155,"column":30}}],"line":152},"37":{"loc":{"start":{"line":184,"column":5},"end":{"line":198,"column":6}},"type":"if","locations":[{"start":{"line":184,"column":5},"end":{"line":198,"column":6}},{"start":{"line":184,"column":5},"end":{"line":198,"column":6}}],"line":184},"38":{"loc":{"start":{"line":211,"column":3},"end":{"line":239,"column":4}},"type":"if","locations":[{"start":{"line":211,"column":3},"end":{"line":239,"column":4}},{"start":{"line":211,"column":3},"end":{"line":239,"column":4}}],"line":211},"39":{"loc":{"start":{"line":215,"column":10},"end":{"line":239,"column":4}},"type":"if","locations":[{"start":{"line":215,"column":10},"end":{"line":239,"column":4}},{"start":{"line":215,"column":10},"end":{"line":239,"column":4}}],"line":215},"40":{"loc":{"start":{"line":230,"column":6},"end":{"line":235,"column":7}},"type":"if","locations":[{"start":{"line":230,"column":6},"end":{"line":235,"column":7}},{"start":{"line":230,"column":6},"end":{"line":235,"column":7}}],"line":230},"41":{"loc":{"start":{"line":244,"column":2},"end":{"line":276,"column":3}},"type":"if","locations":[{"start":{"line":244,"column":2},"end":{"line":276,"column":3}},{"start":{"line":244,"column":2},"end":{"line":276,"column":3}}],"line":244},"42":{"loc":{"start":{"line":269,"column":9},"end":{"line":276,"column":3}},"type":"if","locations":[{"start":{"line":269,"column":9},"end":{"line":276,"column":3}},{"start":{"line":269,"column":9},"end":{"line":276,"column":3}}],"line":269},"43":{"loc":{"start":{"line":332,"column":3},"end":{"line":336,"column":4}},"type":"if","locations":[{"start":{"line":332,"column":3},"end":{"line":336,"column":4}},{"start":{"line":332,"column":3},"end":{"line":336,"column":4}}],"line":332}},"s":{"0":0,"1":0,"2":0,"3":0,"4":0,"5":0,"6":0,"7":0,"8":0,"9":0,"10":0,"11":0,"12":0,"13":0,"14":0,"15":0,"16":0,"17":0,"18":0,"19":0,"20":0,"21":0,"22":0,"23":0,"24":0,"25":0,"26":0,"27":0,"28":0,"29":0,"30":0,"31":0,"32":0,"33":0,"34":0,"35":0,"36":0,"37":0,"38":0,"39":0,"40":0,"41":0,"42":0,"43":0,"44":0,"45":0,"46":0,"47":0,"48":0,"49":0,"50":0,"51":0,"52":0,"53":0,"54":0,"55":0,"56":0,"57":0,"58":0,"59":0,"60":0,"61":0,"62":0,"63":0,"64":0,"65":0,"66":0,"67":0,"68":0,"69":0,"70":0,"71":0,"72":0,"73":0,"74":0,"75":0,"76":0,"77":0,"78":0,"79":0,"80":0,"81":0,"82":0,"83":0,"84":0,"85":0,"86":0,"87":0,"88":0,"89":0,"90":0,"91":0,"92":0,"93":0,"94":0,"95":0,"96":0,"97":0,"98":0,"99":0,"100":0,"101":0,"102":0,"103":0,"104":0,"105":0,"106":0,"107":0,"108":0,"109":0,"110":0,"111":0,"112":0,"113":0,"114":0,"115":0,"116":0,"117":0,"118":0,"119":0,"120":0,"121":0,"122":0,"123":0,"124":0,"125":0,"126":0,"127":0,"128":0,"129":0,"130":0,"131":0,"132":0,"133":0,"134":0,"135":0,"136":0,"137":0,"138":0,"139":0,"140":0,"141":0,"142":0,"143":0,"144":0,"145":0,"146":0,"147":0,"148":0,"149":0,"150":0,"151":0,"152":0,"153":0,"154":0,"155":0,"156":0,"157":0,"158":0,"159":0,"160":0,"161":0},"f":{"0":0,"1":0,"2":0,"3":0,"4":0,"5":0,"6":0,"7":0,"8":0,"9":0,"10":0,"11":0,"12":0,"13":0,"14":0,"15":0,"16":0,"17":0,"18":0,"19":0,"20":0,"21":0,"22":0,"23":0,"24":0,"25":0,"26":0,"27":0,"28":0,"29":0,"30":0,"31":0,"32":0},"b":{"0":[0,0],"1":[0,0],"2":[0,0],"3":[0,0],"4":[0,0],"5":[0,0],"6":[0,0],"7":[0,0],"8":[0,0],"9":[0,0],"10":[0,0],"11":[0,0],"12":[0,0,0],"13":[0,0],"14":[0,0],"15":[0,0],"16":[0,0],"17":[0,0],"18":[0,0],"19":[0,0],"20":[0,0],"21":[0,0],"22":[0,0],"23":[0,0],"24":[0,0],"25":[0,0],"26":[0,0],"27":[0,0],"28":[0,0],"29":[0,0],"30":[0,0],"31":[0,0],"32":[0,0],"33":[0,0,0,0],"34":[0,0],"35":[0,0],"36":[0,0,0,0],"37":[0,0],"38":[0,0],"39":[0,0],"40":[0,0],"41":[0,0],"42":[0,0],"43":[0,0]},"all":true},"/Users/macbookpro/Desktop/Study/Projects/Node.js Projects/Test_Node.js_project/src/api/routes/orders.js":{"path":"/Users/macbookpro/Desktop/Study/Projects/Node.js Projects/Test_Node.js_project/src/api/routes/orders.js","statementMap":{"0":{"start":{"line":1,"column":16},"end":{"line":1,"column":34}},"1":{"start":{"line":2,"column":12},"end":{"line":2,"column":32}},"2":{"start":{"line":3,"column":17},"end":{"line":3,"column":36}},"3":{"start":{"line":4,"column":14},"end":{"line":4,"column":40}},"4":{"start":{"line":5,"column":16},"end":{"line":5,"column":44}},"5":{"start":{"line":6,"column":13},"end":{"line":6,"column":38}},"6":{"start":{"line":7,"column":45},"end":{"line":7,"column":65}},"7":{"start":{"line":15,"column":4},"end":{"line":15,"column":45}},"8":{"start":{"line":21,"column":4},"end":{"line":21,"column":32}},"9":{"start":{"line":23,"column":15},"end":{"line":23,"column":31}},"10":{"start":{"line":26,"column":0},"end":{"line":26,"column":30}},"11":{"start":{"line":28,"column":0},"end":{"line":28,"column":36}},"12":{"start":{"line":30,"column":0},"end":{"line":55,"column":2}},"13":{"start":{"line":57,"column":0},"end":{"line":80,"column":2}},"14":{"start":{"line":82,"column":0},"end":{"line":105,"column":2}},"15":{"start":{"line":124,"column":0},"end":{"line":124,"column":24}}},"fnMap":{},"branchMap":{},"s":{"0":0,"1":0,"2":0,"3":0,"4":0,"5":0,"6":0,"7":0,"8":0,"9":0,"10":0,"11":0,"12":0,"13":0,"14":0,"15":0},"f":{},"b":{},"all":true},"/Users/macbookpro/Desktop/Study/Projects/Node.js Projects/Test_Node.js_project/src/api/routes/products.js":{"path":"/Users/macbookpro/Desktop/Study/Projects/Node.js Projects/Test_Node.js_project/src/api/routes/products.js","statementMap":{"0":{"start":{"line":1,"column":16},"end":{"line":1,"column":34}},"1":{"start":{"line":2,"column":12},"end":{"line":2,"column":32}},"2":{"start":{"line":3,"column":17},"end":{"line":3,"column":36}},"3":{"start":{"line":4,"column":16},"end":{"line":4,"column":44}},"4":{"start":{"line":5,"column":45},"end":{"line":5,"column":65}},"5":{"start":{"line":13,"column":4},"end":{"line":13,"column":47}},"6":{"start":{"line":19,"column":4},"end":{"line":19,"column":32}},"7":{"start":{"line":21,"column":15},"end":{"line":21,"column":31}},"8":{"start":{"line":34,"column":0},"end":{"line":34,"column":32}},"9":{"start":{"line":36,"column":0},"end":{"line":36,"column":38}},"10":{"start":{"line":38,"column":0},"end":{"line":49,"column":2}},"11":{"start":{"line":51,"column":0},"end":{"line":61,"column":2}},"12":{"start":{"line":63,"column":0},"end":{"line":73,"column":2}},"13":{"start":{"line":92,"column":0},"end":{"line":92,"column":24}}},"fnMap":{},"branchMap":{},"s":{"0":0,"1":0,"2":0,"3":0,"4":0,"5":0,"6":0,"7":0,"8":0,"9":0,"10":0,"11":0,"12":0,"13":0},"f":{},"b":{},"all":true},"/Users/macbookpro/Desktop/Study/Projects/Node.js Projects/Test_Node.js_project/src/api/routes/users.js":{"path":"/Users/macbookpro/Desktop/Study/Projects/Node.js Projects/Test_Node.js_project/src/api/routes/users.js","statementMap":{"0":{"start":{"line":1,"column":16},"end":{"line":1,"column":34}},"1":{"start":{"line":2,"column":12},"end":{"line":2,"column":32}},"2":{"start":{"line":3,"column":13},"end":{"line":3,"column":28}},"3":{"start":{"line":4,"column":17},"end":{"line":4,"column":36}},"4":{"start":{"line":6,"column":45},"end":{"line":6,"column":65}},"5":{"start":{"line":7,"column":15},"end":{"line":7,"column":31}},"6":{"start":{"line":10,"column":14},"end":{"line":10,"column":40}},"7":{"start":{"line":11,"column":16},"end":{"line":11,"column":44}},"8":{"start":{"line":12,"column":13},"end":{"line":12,"column":38}},"9":{"start":{"line":28,"column":4},"end":{"line":28,"column":32}},"10":{"start":{"line":36,"column":4},"end":{"line":36,"column":44}},"11":{"start":{"line":38,"column":0},"end":{"line":38,"column":29}},"12":{"start":{"line":40,"column":0},"end":{"line":40,"column":35}},"13":{"start":{"line":42,"column":0},"end":{"line":62,"column":2}},"14":{"start":{"line":64,"column":0},"end":{"line":82,"column":2}},"15":{"start":{"line":84,"column":0},"end":{"line":101,"column":2}},"16":{"start":{"line":120,"column":0},"end":{"line":120,"column":24}}},"fnMap":{},"branchMap":{},"s":{"0":0,"1":0,"2":0,"3":0,"4":0,"5":0,"6":0,"7":0,"8":0,"9":0,"10":0,"11":0,"12":0,"13":0,"14":0,"15":0,"16":0},"f":{},"b":{},"all":true},"/Users/macbookpro/Desktop/Study/Projects/Node.js Projects/Test_Node.js_project/test/index.js":{"path":"/Users/macbookpro/Desktop/Study/Projects/Node.js Projects/Test_Node.js_project/test/index.js","statementMap":{"0":{"start":{"line":1,"column":15},"end":{"line":1,"column":42}},"1":{"start":{"line":2,"column":14},"end":{"line":2,"column":30}},"2":{"start":{"line":3,"column":0},"end":{"line":3,"column":28}},"3":{"start":{"line":4,"column":16},"end":{"line":4,"column":43}},"4":{"start":{"line":5,"column":15},"end":{"line":5,"column":29}},"5":{"start":{"line":6,"column":19},"end":{"line":6,"column":34}},"6":{"start":{"line":7,"column":29},"end":{"line":7,"column":58}},"7":{"start":{"line":9,"column":17},"end":{"line":9,"column":36}},"8":{"start":{"line":10,"column":16},"end":{"line":10,"column":34}},"9":{"start":{"line":12,"column":14},"end":{"line":12,"column":48}},"10":{"start":{"line":13,"column":16},"end":{"line":13,"column":52}},"11":{"start":{"line":14,"column":13},"end":{"line":14,"column":46}},"12":{"start":{"line":20,"column":4},"end":{"line":20,"column":40}},"13":{"start":{"line":28,"column":4},"end":{"line":28,"column":53}},"14":{"start":{"line":36,"column":4},"end":{"line":36,"column":55}},"15":{"start":{"line":44,"column":4},"end":{"line":44,"column":52}},"16":{"start":{"line":46,"column":0},"end":{"line":88,"column":3}},"17":{"start":{"line":47,"column":1},"end":{"line":51,"column":4}},"18":{"start":{"line":48,"column":15},"end":{"line":50,"column":4}},"19":{"start":{"line":52,"column":1},"end":{"line":75,"column":4}},"20":{"start":{"line":53,"column":2},"end":{"line":74,"column":5}},"21":{"start":{"line":59,"column":19},"end":{"line":59,"column":31}},"22":{"start":{"line":60,"column":19},"end":{"line":60,"column":31}},"23":{"start":{"line":64,"column":3},"end":{"line":66,"column":6}},"24":{"start":{"line":67,"column":3},"end":{"line":67,"column":34}},"25":{"start":{"line":68,"column":3},"end":{"line":68,"column":15}},"26":{"start":{"line":70,"column":3},"end":{"line":70,"column":44}},"27":{"start":{"line":71,"column":3},"end":{"line":73,"column":6}},"28":{"start":{"line":76,"column":1},"end":{"line":83,"column":4}},"29":{"start":{"line":77,"column":2},"end":{"line":82,"column":5}},"30":{"start":{"line":78,"column":3},"end":{"line":78,"column":15}},"31":{"start":{"line":85,"column":1},"end":{"line":87,"column":4}},"32":{"start":{"line":86,"column":2},"end":{"line":86,"column":23}},"33":{"start":{"line":96,"column":0},"end":{"line":173,"column":3}},"34":{"start":{"line":97,"column":1},"end":{"line":124,"column":4}},"35":{"start":{"line":98,"column":15},"end":{"line":123,"column":3}},"36":{"start":{"line":125,"column":1},"end":{"line":160,"column":4}},"37":{"start":{"line":126,"column":2},"end":{"line":159,"column":5}},"38":{"start":{"line":127,"column":3},"end":{"line":127,"column":34}},"39":{"start":{"line":128,"column":3},"end":{"line":128,"column":15}},"40":{"start":{"line":130,"column":3},"end":{"line":130,"column":61}},"41":{"start":{"line":132,"column":19},"end":{"line":132,"column":31}},"42":{"start":{"line":133,"column":19},"end":{"line":133,"column":31}},"43":{"start":{"line":134,"column":22},"end":{"line":134,"column":48}},"44":{"start":{"line":135,"column":3},"end":{"line":135,"column":38}},"45":{"start":{"line":146,"column":3},"end":{"line":146,"column":38}},"46":{"start":{"line":150,"column":3},"end":{"line":150,"column":32}},"47":{"start":{"line":152,"column":20},"end":{"line":152,"column":28}},"48":{"start":{"line":153,"column":3},"end":{"line":158,"column":6}},"49":{"start":{"line":154,"column":4},"end":{"line":154,"column":42}},"50":{"start":{"line":155,"column":4},"end":{"line":155,"column":46}},"51":{"start":{"line":156,"column":4},"end":{"line":156,"column":44}},"52":{"start":{"line":157,"column":4},"end":{"line":157,"column":43}},"53":{"start":{"line":161,"column":1},"end":{"line":168,"column":4}},"54":{"start":{"line":162,"column":2},"end":{"line":167,"column":5}},"55":{"start":{"line":163,"column":3},"end":{"line":163,"column":15}},"56":{"start":{"line":164,"column":19},"end":{"line":164,"column":31}},"57":{"start":{"line":165,"column":19},"end":{"line":165,"column":30}},"58":{"start":{"line":166,"column":3},"end":{"line":166,"column":42}},"59":{"start":{"line":170,"column":1},"end":{"line":172,"column":4}},"60":{"start":{"line":171,"column":2},"end":{"line":171,"column":23}},"61":{"start":{"line":175,"column":27},"end":{"line":175,"column":57}},"62":{"start":{"line":176,"column":26},"end":{"line":176,"column":51}},"63":{"start":{"line":177,"column":21},"end":{"line":177,"column":58}},"64":{"start":{"line":178,"column":27},"end":{"line":178,"column":53}},"65":{"start":{"line":180,"column":0},"end":{"line":248,"column":3}},"66":{"start":{"line":181,"column":21},"end":{"line":181,"column":35}},"67":{"start":{"line":182,"column":1},"end":{"line":193,"column":4}},"68":{"start":{"line":183,"column":15},"end":{"line":192,"column":3}},"69":{"start":{"line":194,"column":1},"end":{"line":235,"column":4}},"70":{"start":{"line":195,"column":2},"end":{"line":234,"column":5}},"71":{"start":{"line":196,"column":3},"end":{"line":196,"column":34}},"72":{"start":{"line":197,"column":3},"end":{"line":197,"column":15}},"73":{"start":{"line":199,"column":3},"end":{"line":199,"column":75}},"74":{"start":{"line":201,"column":19},"end":{"line":201,"column":31}},"75":{"start":{"line":202,"column":19},"end":{"line":202,"column":31}},"76":{"start":{"line":203,"column":3},"end":{"line":203,"column":45}},"77":{"start":{"line":205,"column":17},"end":{"line":207,"column":15}},"78":{"start":{"line":209,"column":3},"end":{"line":214,"column":6}},"79":{"start":{"line":215,"column":21},"end":{"line":215,"column":62}},"80":{"start":{"line":218,"column":3},"end":{"line":218,"column":39}},"81":{"start":{"line":221,"column":3},"end":{"line":226,"column":6}},"82":{"start":{"line":236,"column":1},"end":{"line":244,"column":4}},"83":{"start":{"line":237,"column":2},"end":{"line":243,"column":5}},"84":{"start":{"line":238,"column":3},"end":{"line":238,"column":15}},"85":{"start":{"line":239,"column":19},"end":{"line":239,"column":31}},"86":{"start":{"line":240,"column":19},"end":{"line":240,"column":30}},"87":{"start":{"line":241,"column":3},"end":{"line":241,"column":41}},"88":{"start":{"line":245,"column":1},"end":{"line":247,"column":4}},"89":{"start":{"line":246,"column":2},"end":{"line":246,"column":23}},"90":{"start":{"line":250,"column":0},"end":{"line":313,"column":3}},"91":{"start":{"line":251,"column":21},"end":{"line":251,"column":35}},"92":{"start":{"line":252,"column":1},"end":{"line":260,"column":4}},"93":{"start":{"line":253,"column":15},"end":{"line":259,"column":3}},"94":{"start":{"line":261,"column":1},"end":{"line":300,"column":4}},"95":{"start":{"line":262,"column":2},"end":{"line":299,"column":5}},"96":{"start":{"line":263,"column":3},"end":{"line":263,"column":34}},"97":{"start":{"line":264,"column":3},"end":{"line":264,"column":15}},"98":{"start":{"line":266,"column":3},"end":{"line":266,"column":75}},"99":{"start":{"line":268,"column":19},"end":{"line":268,"column":31}},"100":{"start":{"line":269,"column":19},"end":{"line":269,"column":31}},"101":{"start":{"line":271,"column":3},"end":{"line":271,"column":45}},"102":{"start":{"line":274,"column":17},"end":{"line":276,"column":15}},"103":{"start":{"line":278,"column":3},"end":{"line":278,"column":62}},"104":{"start":{"line":279,"column":21},"end":{"line":279,"column":62}},"105":{"start":{"line":281,"column":3},"end":{"line":285,"column":4}},"106":{"start":{"line":282,"column":4},"end":{"line":284,"column":7}},"107":{"start":{"line":289,"column":3},"end":{"line":291,"column":6}},"108":{"start":{"line":295,"column":3},"end":{"line":295,"column":59}},"109":{"start":{"line":301,"column":1},"end":{"line":309,"column":4}},"110":{"start":{"line":302,"column":2},"end":{"line":308,"column":5}},"111":{"start":{"line":303,"column":3},"end":{"line":303,"column":15}},"112":{"start":{"line":304,"column":19},"end":{"line":304,"column":31}},"113":{"start":{"line":305,"column":19},"end":{"line":305,"column":30}},"114":{"start":{"line":306,"column":3},"end":{"line":306,"column":41}},"115":{"start":{"line":310,"column":1},"end":{"line":312,"column":4}},"116":{"start":{"line":311,"column":2},"end":{"line":311,"column":23}},"117":{"start":{"line":315,"column":0},"end":{"line":412,"column":3}},"118":{"start":{"line":316,"column":1},"end":{"line":334,"column":4}},"119":{"start":{"line":317,"column":15},"end":{"line":333,"column":3}},"120":{"start":{"line":335,"column":1},"end":{"line":366,"column":4}},"121":{"start":{"line":336,"column":2},"end":{"line":365,"column":5}},"122":{"start":{"line":337,"column":3},"end":{"line":337,"column":62}},"123":{"start":{"line":338,"column":3},"end":{"line":338,"column":34}},"124":{"start":{"line":339,"column":3},"end":{"line":339,"column":15}},"125":{"start":{"line":341,"column":19},"end":{"line":341,"column":31}},"126":{"start":{"line":342,"column":19},"end":{"line":342,"column":31}},"127":{"start":{"line":343,"column":3},"end":{"line":343,"column":46}},"128":{"start":{"line":345,"column":3},"end":{"line":345,"column":71}},"129":{"start":{"line":346,"column":21},"end":{"line":346,"column":62}},"130":{"start":{"line":348,"column":3},"end":{"line":348,"column":30}},"131":{"start":{"line":351,"column":22},"end":{"line":351,"column":47}},"132":{"start":{"line":354,"column":18},"end":{"line":354,"column":41}},"133":{"start":{"line":355,"column":3},"end":{"line":355,"column":40}},"134":{"start":{"line":356,"column":3},"end":{"line":356,"column":46}},"135":{"start":{"line":357,"column":3},"end":{"line":357,"column":74}},"136":{"start":{"line":368,"column":1},"end":{"line":400,"column":4}},"137":{"start":{"line":369,"column":2},"end":{"line":399,"column":5}},"138":{"start":{"line":370,"column":3},"end":{"line":398,"column":4}},"139":{"start":{"line":371,"column":4},"end":{"line":371,"column":63}},"140":{"start":{"line":373,"column":20},"end":{"line":373,"column":32}},"141":{"start":{"line":374,"column":20},"end":{"line":374,"column":32}},"142":{"start":{"line":376,"column":4},"end":{"line":376,"column":47}},"143":{"start":{"line":380,"column":4},"end":{"line":380,"column":72}},"144":{"start":{"line":381,"column":22},"end":{"line":381,"column":63}},"145":{"start":{"line":383,"column":4},"end":{"line":383,"column":64}},"146":{"start":{"line":386,"column":23},"end":{"line":386,"column":48}},"147":{"start":{"line":387,"column":19},"end":{"line":387,"column":36}},"148":{"start":{"line":388,"column":4},"end":{"line":388,"column":24}},"149":{"start":{"line":395,"column":4},"end":{"line":395,"column":76}},"150":{"start":{"line":396,"column":4},"end":{"line":396,"column":30}},"151":{"start":{"line":401,"column":1},"end":{"line":408,"column":4}},"152":{"start":{"line":402,"column":2},"end":{"line":407,"column":5}},"153":{"start":{"line":403,"column":3},"end":{"line":403,"column":15}},"154":{"start":{"line":404,"column":19},"end":{"line":404,"column":31}},"155":{"start":{"line":405,"column":19},"end":{"line":405,"column":30}},"156":{"start":{"line":406,"column":3},"end":{"line":406,"column":46}},"157":{"start":{"line":409,"column":1},"end":{"line":411,"column":4}},"158":{"start":{"line":410,"column":2},"end":{"line":410,"column":24}},"159":{"start":{"line":414,"column":0},"end":{"line":481,"column":3}},"160":{"start":{"line":415,"column":1},"end":{"line":430,"column":4}},"161":{"start":{"line":416,"column":15},"end":{"line":429,"column":3}},"162":{"start":{"line":431,"column":1},"end":{"line":469,"column":4}},"163":{"start":{"line":432,"column":2},"end":{"line":468,"column":5}},"164":{"start":{"line":433,"column":3},"end":{"line":467,"column":4}},"165":{"start":{"line":434,"column":4},"end":{"line":434,"column":63}},"166":{"start":{"line":435,"column":4},"end":{"line":435,"column":35}},"167":{"start":{"line":436,"column":4},"end":{"line":436,"column":16}},"168":{"start":{"line":438,"column":20},"end":{"line":438,"column":32}},"169":{"start":{"line":439,"column":20},"end":{"line":439,"column":32}},"170":{"start":{"line":441,"column":4},"end":{"line":441,"column":47}},"171":{"start":{"line":443,"column":4},"end":{"line":448,"column":7}},"172":{"start":{"line":449,"column":22},"end":{"line":449,"column":63}},"173":{"start":{"line":451,"column":4},"end":{"line":464,"column":5}},"174":{"start":{"line":453,"column":5},"end":{"line":458,"column":8}},"175":{"start":{"line":463,"column":5},"end":{"line":463,"column":39}},"176":{"start":{"line":466,"column":4},"end":{"line":466,"column":30}},"177":{"start":{"line":470,"column":1},"end":{"line":477,"column":4}},"178":{"start":{"line":471,"column":2},"end":{"line":476,"column":5}},"179":{"start":{"line":472,"column":3},"end":{"line":472,"column":15}},"180":{"start":{"line":473,"column":19},"end":{"line":473,"column":31}},"181":{"start":{"line":474,"column":19},"end":{"line":474,"column":30}},"182":{"start":{"line":475,"column":3},"end":{"line":475,"column":46}},"183":{"start":{"line":478,"column":1},"end":{"line":480,"column":4}},"184":{"start":{"line":479,"column":2},"end":{"line":479,"column":24}},"185":{"start":{"line":483,"column":26},"end":{"line":483,"column":51}},"186":{"start":{"line":485,"column":0},"end":{"line":567,"column":3}},"187":{"start":{"line":486,"column":21},"end":{"line":486,"column":35}},"188":{"start":{"line":487,"column":21},"end":{"line":487,"column":23}},"189":{"start":{"line":488,"column":1},"end":{"line":507,"column":4}},"190":{"start":{"line":489,"column":15},"end":{"line":506,"column":3}},"191":{"start":{"line":508,"column":1},"end":{"line":554,"column":4}},"192":{"start":{"line":509,"column":2},"end":{"line":553,"column":5}},"193":{"start":{"line":510,"column":3},"end":{"line":510,"column":75}},"194":{"start":{"line":511,"column":3},"end":{"line":511,"column":34}},"195":{"start":{"line":512,"column":3},"end":{"line":512,"column":15}},"196":{"start":{"line":513,"column":19},"end":{"line":513,"column":31}},"197":{"start":{"line":514,"column":19},"end":{"line":514,"column":31}},"198":{"start":{"line":515,"column":3},"end":{"line":515,"column":45}},"199":{"start":{"line":530,"column":29},"end":{"line":533,"column":17}},"200":{"start":{"line":534,"column":18},"end":{"line":537,"column":4}},"201":{"start":{"line":539,"column":3},"end":{"line":539,"column":36}},"202":{"start":{"line":541,"column":17},"end":{"line":543,"column":15}},"203":{"start":{"line":545,"column":3},"end":{"line":549,"column":6}},"204":{"start":{"line":550,"column":3},"end":{"line":550,"column":52}},"205":{"start":{"line":551,"column":3},"end":{"line":551,"column":56}},"206":{"start":{"line":552,"column":3},"end":{"line":552,"column":53}},"207":{"start":{"line":555,"column":1},"end":{"line":562,"column":4}},"208":{"start":{"line":556,"column":2},"end":{"line":561,"column":5}},"209":{"start":{"line":557,"column":3},"end":{"line":557,"column":15}},"210":{"start":{"line":558,"column":19},"end":{"line":558,"column":31}},"211":{"start":{"line":559,"column":19},"end":{"line":559,"column":30}},"212":{"start":{"line":560,"column":3},"end":{"line":560,"column":45}},"213":{"start":{"line":564,"column":1},"end":{"line":566,"column":4}},"214":{"start":{"line":565,"column":2},"end":{"line":565,"column":23}},"215":{"start":{"line":569,"column":0},"end":{"line":633,"column":3}},"216":{"start":{"line":570,"column":24},"end":{"line":570,"column":38}},"217":{"start":{"line":572,"column":1},"end":{"line":582,"column":4}},"218":{"start":{"line":573,"column":15},"end":{"line":581,"column":3}},"219":{"start":{"line":583,"column":1},"end":{"line":617,"column":4}},"220":{"start":{"line":584,"column":2},"end":{"line":616,"column":5}},"221":{"start":{"line":585,"column":3},"end":{"line":588,"column":5}},"222":{"start":{"line":589,"column":3},"end":{"line":589,"column":34}},"223":{"start":{"line":590,"column":3},"end":{"line":590,"column":15}},"224":{"start":{"line":592,"column":19},"end":{"line":592,"column":31}},"225":{"start":{"line":593,"column":19},"end":{"line":593,"column":31}},"226":{"start":{"line":594,"column":22},"end":{"line":594,"column":50}},"227":{"start":{"line":595,"column":3},"end":{"line":595,"column":38}},"228":{"start":{"line":597,"column":33},"end":{"line":604,"column":6}},"229":{"start":{"line":605,"column":3},"end":{"line":605,"column":54}},"230":{"start":{"line":609,"column":3},"end":{"line":611,"column":6}},"231":{"start":{"line":612,"column":3},"end":{"line":614,"column":6}},"232":{"start":{"line":615,"column":3},"end":{"line":615,"column":55}},"233":{"start":{"line":618,"column":1},"end":{"line":628,"column":4}},"234":{"start":{"line":619,"column":2},"end":{"line":627,"column":4}},"235":{"start":{"line":622,"column":4},"end":{"line":622,"column":16}},"236":{"start":{"line":623,"column":20},"end":{"line":623,"column":32}},"237":{"start":{"line":624,"column":20},"end":{"line":624,"column":31}},"238":{"start":{"line":625,"column":4},"end":{"line":625,"column":45}},"239":{"start":{"line":630,"column":1},"end":{"line":632,"column":4}},"240":{"start":{"line":631,"column":2},"end":{"line":631,"column":26}},"241":{"start":{"line":639,"column":0},"end":{"line":772,"column":3}},"242":{"start":{"line":640,"column":14},"end":{"line":677,"column":2}},"243":{"start":{"line":678,"column":1},"end":{"line":686,"column":4}},"244":{"start":{"line":679,"column":15},"end":{"line":685,"column":3}},"245":{"start":{"line":687,"column":1},"end":{"line":759,"column":4}},"246":{"start":{"line":688,"column":2},"end":{"line":758,"column":5}},"247":{"start":{"line":689,"column":3},"end":{"line":689,"column":34}},"248":{"start":{"line":690,"column":3},"end":{"line":690,"column":15}},"249":{"start":{"line":691,"column":19},"end":{"line":691,"column":31}},"250":{"start":{"line":692,"column":19},"end":{"line":692,"column":31}},"251":{"start":{"line":693,"column":22},"end":{"line":693,"column":45}},"252":{"start":{"line":694,"column":3},"end":{"line":694,"column":39}},"253":{"start":{"line":696,"column":24},"end":{"line":700,"column":19}},"254":{"start":{"line":701,"column":18},"end":{"line":701,"column":37}},"255":{"start":{"line":702,"column":3},"end":{"line":702,"column":25}},"256":{"start":{"line":704,"column":3},"end":{"line":704,"column":36}},"257":{"start":{"line":705,"column":3},"end":{"line":705,"column":40}},"258":{"start":{"line":706,"column":3},"end":{"line":748,"column":5}},"259":{"start":{"line":749,"column":20},"end":{"line":749,"column":40}},"260":{"start":{"line":750,"column":3},"end":{"line":757,"column":6}},"261":{"start":{"line":751,"column":4},"end":{"line":751,"column":47}},"262":{"start":{"line":752,"column":4},"end":{"line":752,"column":46}},"263":{"start":{"line":753,"column":4},"end":{"line":753,"column":46}},"264":{"start":{"line":754,"column":4},"end":{"line":754,"column":45}},"265":{"start":{"line":755,"column":4},"end":{"line":755,"column":44}},"266":{"start":{"line":760,"column":1},"end":{"line":768,"column":4}},"267":{"start":{"line":761,"column":2},"end":{"line":767,"column":5}},"268":{"start":{"line":762,"column":3},"end":{"line":762,"column":15}},"269":{"start":{"line":763,"column":19},"end":{"line":763,"column":31}},"270":{"start":{"line":764,"column":19},"end":{"line":764,"column":30}},"271":{"start":{"line":766,"column":3},"end":{"line":766,"column":39}},"272":{"start":{"line":769,"column":1},"end":{"line":771,"column":4}},"273":{"start":{"line":770,"column":2},"end":{"line":770,"column":23}},"274":{"start":{"line":774,"column":24},"end":{"line":774,"column":51}},"275":{"start":{"line":776,"column":0},"end":{"line":868,"column":3}},"276":{"start":{"line":777,"column":21},"end":{"line":777,"column":28}},"277":{"start":{"line":778,"column":1},"end":{"line":795,"column":4}},"278":{"start":{"line":779,"column":15},"end":{"line":794,"column":3}},"279":{"start":{"line":796,"column":1},"end":{"line":856,"column":4}},"280":{"start":{"line":797,"column":2},"end":{"line":855,"column":5}},"281":{"start":{"line":798,"column":19},"end":{"line":798,"column":31}},"282":{"start":{"line":799,"column":19},"end":{"line":799,"column":31}},"283":{"start":{"line":800,"column":22},"end":{"line":800,"column":44}},"284":{"start":{"line":801,"column":3},"end":{"line":801,"column":30}},"285":{"start":{"line":803,"column":3},"end":{"line":814,"column":6}},"286":{"start":{"line":815,"column":21},"end":{"line":815,"column":56}},"287":{"start":{"line":824,"column":3},"end":{"line":835,"column":6}},"288":{"start":{"line":836,"column":3},"end":{"line":836,"column":34}},"289":{"start":{"line":837,"column":3},"end":{"line":837,"column":15}},"290":{"start":{"line":838,"column":3},"end":{"line":849,"column":6}},"291":{"start":{"line":850,"column":3},"end":{"line":850,"column":57}},"292":{"start":{"line":851,"column":3},"end":{"line":851,"column":56}},"293":{"start":{"line":852,"column":3},"end":{"line":852,"column":56}},"294":{"start":{"line":853,"column":3},"end":{"line":853,"column":55}},"295":{"start":{"line":854,"column":3},"end":{"line":854,"column":54}},"296":{"start":{"line":857,"column":1},"end":{"line":864,"column":4}},"297":{"start":{"line":858,"column":2},"end":{"line":863,"column":5}},"298":{"start":{"line":859,"column":3},"end":{"line":859,"column":15}},"299":{"start":{"line":860,"column":19},"end":{"line":860,"column":31}},"300":{"start":{"line":861,"column":19},"end":{"line":861,"column":30}},"301":{"start":{"line":862,"column":3},"end":{"line":862,"column":38}},"302":{"start":{"line":865,"column":1},"end":{"line":867,"column":4}},"303":{"start":{"line":866,"column":2},"end":{"line":866,"column":23}},"304":{"start":{"line":870,"column":24},"end":{"line":870,"column":47}},"305":{"start":{"line":872,"column":0},"end":{"line":958,"column":3}},"306":{"start":{"line":873,"column":1},"end":{"line":903,"column":4}},"307":{"start":{"line":874,"column":15},"end":{"line":902,"column":3}},"308":{"start":{"line":904,"column":1},"end":{"line":945,"column":4}},"309":{"start":{"line":905,"column":2},"end":{"line":944,"column":5}},"310":{"start":{"line":906,"column":3},"end":{"line":938,"column":4}},"311":{"start":{"line":907,"column":4},"end":{"line":907,"column":35}},"312":{"start":{"line":908,"column":4},"end":{"line":908,"column":16}},"313":{"start":{"line":909,"column":20},"end":{"line":909,"column":32}},"314":{"start":{"line":910,"column":20},"end":{"line":910,"column":32}},"315":{"start":{"line":911,"column":4},"end":{"line":911,"column":36}},"316":{"start":{"line":914,"column":4},"end":{"line":914,"column":66}},"317":{"start":{"line":915,"column":22},"end":{"line":915,"column":63}},"318":{"start":{"line":925,"column":21},"end":{"line":925,"column":69}},"319":{"start":{"line":927,"column":20},"end":{"line":927,"column":38}},"320":{"start":{"line":929,"column":19},"end":{"line":929,"column":39}},"321":{"start":{"line":931,"column":4},"end":{"line":931,"column":43}},"322":{"start":{"line":932,"column":4},"end":{"line":932,"column":31}},"323":{"start":{"line":934,"column":4},"end":{"line":934,"column":72}},"324":{"start":{"line":935,"column":4},"end":{"line":935,"column":37}},"325":{"start":{"line":937,"column":4},"end":{"line":937,"column":30}},"326":{"start":{"line":947,"column":1},"end":{"line":954,"column":4}},"327":{"start":{"line":948,"column":2},"end":{"line":953,"column":5}},"328":{"start":{"line":949,"column":3},"end":{"line":949,"column":15}},"329":{"start":{"line":950,"column":19},"end":{"line":950,"column":31}},"330":{"start":{"line":951,"column":19},"end":{"line":951,"column":30}},"331":{"start":{"line":952,"column":3},"end":{"line":952,"column":39}},"332":{"start":{"line":955,"column":1},"end":{"line":957,"column":4}},"333":{"start":{"line":956,"column":2},"end":{"line":956,"column":24}},"334":{"start":{"line":960,"column":0},"end":{"line":1082,"column":3}},"335":{"start":{"line":961,"column":1},"end":{"line":982,"column":4}},"336":{"start":{"line":962,"column":15},"end":{"line":981,"column":3}},"337":{"start":{"line":983,"column":1},"end":{"line":1070,"column":4}},"338":{"start":{"line":984,"column":2},"end":{"line":1069,"column":5}},"339":{"start":{"line":985,"column":3},"end":{"line":1028,"column":4}},"340":{"start":{"line":986,"column":4},"end":{"line":986,"column":35}},"341":{"start":{"line":987,"column":4},"end":{"line":987,"column":16}},"342":{"start":{"line":988,"column":20},"end":{"line":988,"column":32}},"343":{"start":{"line":989,"column":20},"end":{"line":989,"column":32}},"344":{"start":{"line":991,"column":4},"end":{"line":991,"column":44}},"345":{"start":{"line":999,"column":4},"end":{"line":1010,"column":7}},"346":{"start":{"line":1011,"column":22},"end":{"line":1011,"column":63}},"347":{"start":{"line":1016,"column":4},"end":{"line":1018,"column":7}},"348":{"start":{"line":1027,"column":4},"end":{"line":1027,"column":30}},"349":{"start":{"line":1071,"column":1},"end":{"line":1078,"column":4}},"350":{"start":{"line":1072,"column":2},"end":{"line":1077,"column":5}},"351":{"start":{"line":1073,"column":3},"end":{"line":1073,"column":15}},"352":{"start":{"line":1074,"column":19},"end":{"line":1074,"column":31}},"353":{"start":{"line":1075,"column":19},"end":{"line":1075,"column":30}},"354":{"start":{"line":1076,"column":3},"end":{"line":1076,"column":39}},"355":{"start":{"line":1079,"column":1},"end":{"line":1081,"column":4}},"356":{"start":{"line":1080,"column":2},"end":{"line":1080,"column":24}},"357":{"start":{"line":1084,"column":23},"end":{"line":1084,"column":59}},"358":{"start":{"line":1086,"column":0},"end":{"line":1193,"column":3}},"359":{"start":{"line":1087,"column":21},"end":{"line":1087,"column":28}},"360":{"start":{"line":1088,"column":20},"end":{"line":1088,"column":39}},"361":{"start":{"line":1089,"column":1},"end":{"line":1120,"column":4}},"362":{"start":{"line":1090,"column":15},"end":{"line":1119,"column":3}},"363":{"start":{"line":1121,"column":1},"end":{"line":1181,"column":4}},"364":{"start":{"line":1122,"column":2},"end":{"line":1180,"column":5}},"365":{"start":{"line":1123,"column":3},"end":{"line":1123,"column":34}},"366":{"start":{"line":1124,"column":3},"end":{"line":1124,"column":15}},"367":{"start":{"line":1126,"column":19},"end":{"line":1126,"column":31}},"368":{"start":{"line":1127,"column":19},"end":{"line":1127,"column":31}},"369":{"start":{"line":1129,"column":22},"end":{"line":1129,"column":44}},"370":{"start":{"line":1130,"column":3},"end":{"line":1130,"column":30}},"371":{"start":{"line":1135,"column":3},"end":{"line":1146,"column":6}},"372":{"start":{"line":1147,"column":18},"end":{"line":1147,"column":72}},"373":{"start":{"line":1151,"column":3},"end":{"line":1162,"column":6}},"374":{"start":{"line":1163,"column":3},"end":{"line":1174,"column":6}},"375":{"start":{"line":1175,"column":3},"end":{"line":1175,"column":57}},"376":{"start":{"line":1176,"column":3},"end":{"line":1176,"column":56}},"377":{"start":{"line":1177,"column":3},"end":{"line":1177,"column":
[...]
:{"line":2434,"column":4}},"line":2428},"156":{"name":"(anonymous_156)","decl":{"start":{"line":2438,"column":54},"end":{"line":2438,"column":55}},"loc":{"start":{"line":2438,"column":66},"end":{"line":2445,"column":2}},"line":2438},"157":{"name":"(anonymous_157)","decl":{"start":{"line":2439,"column":34},"end":{"line":2439,"column":35}},"loc":{"start":{"line":2439,"column":60},"end":{"line":2444,"column":3}},"line":2439},"158":{"name":"(anonymous_158)","decl":{"start":{"line":2447,"column":7},"end":{"line":2447,"column":8}},"loc":{"start":{"line":2447,"column":13},"end":{"line":2449,"column":2}},"line":2447},"159":{"name":"(anonymous_159)","decl":{"start":{"line":2455,"column":38},"end":{"line":2455,"column":39}},"loc":{"start":{"line":2455,"column":50},"end":{"line":2640,"column":1}},"line":2455},"160":{"name":"(anonymous_160)","decl":{"start":{"line":2457,"column":8},"end":{"line":2457,"column":9}},"loc":{"start":{"line":2457,"column":14},"end":{"line":2483,"column":2}},"line":2457},"161":{"name":"(anonymous_161)","decl":{"start":{"line":2484,"column":39},"end":{"line":2484,"column":40}},"loc":{"start":{"line":2484,"column":51},"end":{"line":2627,"column":2}},"line":2484},"162":{"name":"(anonymous_162)","decl":{"start":{"line":2485,"column":49},"end":{"line":2485,"column":50}},"loc":{"start":{"line":2485,"column":75},"end":{"line":2626,"column":3}},"line":2485},"163":{"name":"(anonymous_163)","decl":{"start":{"line":2628,"column":54},"end":{"line":2628,"column":55}},"loc":{"start":{"line":2628,"column":66},"end":{"line":2635,"column":2}},"line":2628},"164":{"name":"(anonymous_164)","decl":{"start":{"line":2629,"column":34},"end":{"line":2629,"column":35}},"loc":{"start":{"line":2629,"column":60},"end":{"line":2634,"column":3}},"line":2629},"165":{"name":"(anonymous_165)","decl":{"start":{"line":2637,"column":7},"end":{"line":2637,"column":8}},"loc":{"start":{"line":2637,"column":13},"end":{"line":2639,"column":2}},"line":2637},"166":{"name":"(anonymous_166)","decl":{"start":{"line":2642,"column":56},"end":{"line":2642,"column":57}},"loc":{"start":{"line":2642,"column":68},"end":{"line":2722,"column":1}},"line":2642},"167":{"name":"(anonymous_167)","decl":{"start":{"line":2644,"column":8},"end":{"line":2644,"column":9}},"loc":{"start":{"line":2644,"column":14},"end":{"line":2652,"column":2}},"line":2644},"168":{"name":"(anonymous_168)","decl":{"start":{"line":2653,"column":57},"end":{"line":2653,"column":58}},"loc":{"start":{"line":2653,"column":69},"end":{"line":2709,"column":2}},"line":2653},"169":{"name":"(anonymous_169)","decl":{"start":{"line":2654,"column":49},"end":{"line":2654,"column":50}},"loc":{"start":{"line":2654,"column":75},"end":{"line":2708,"column":3}},"line":2654},"170":{"name":"(anonymous_170)","decl":{"start":{"line":2710,"column":54},"end":{"line":2710,"column":55}},"loc":{"start":{"line":2710,"column":66},"end":{"line":2717,"column":2}},"line":2710},"171":{"name":"(anonymous_171)","decl":{"start":{"line":2711,"column":34},"end":{"line":2711,"column":35}},"loc":{"start":{"line":2711,"column":60},"end":{"line":2716,"column":3}},"line":2711},"172":{"name":"(anonymous_172)","decl":{"start":{"line":2719,"column":7},"end":{"line":2719,"column":8}},"loc":{"start":{"line":2719,"column":13},"end":{"line":2721,"column":2}},"line":2719},"173":{"name":"(anonymous_173)","decl":{"start":{"line":2735,"column":35},"end":{"line":2735,"column":36}},"loc":{"start":{"line":2735,"column":47},"end":{"line":2924,"column":1}},"line":2735},"174":{"name":"(anonymous_174)","decl":{"start":{"line":2757,"column":8},"end":{"line":2757,"column":9}},"loc":{"start":{"line":2757,"column":14},"end":{"line":2765,"column":2}},"line":2757},"175":{"name":"(anonymous_175)","decl":{"start":{"line":2766,"column":34},"end":{"line":2766,"column":35}},"loc":{"start":{"line":2766,"column":46},"end":{"line":2911,"column":2}},"line":2766},"176":{"name":"(anonymous_176)","decl":{"start":{"line":2768,"column":35},"end":{"line":2768,"column":36}},"loc":{"start":{"line":2768,"column":61},"end":{"line":2910,"column":3}},"line":2768},"177":{"name":"(anonymous_177)","decl":{"start":{"line":2912,"column":49},"end":{"line":2912,"column":50}},"loc":{"start":{"line":2912,"column":61},"end":{"line":2919,"column":2}},"line":2912},"178":{"name":"(anonymous_178)","decl":{"start":{"line":2913,"column":35},"end":{"line":2913,"column":36}},"loc":{"start":{"line":2913,"column":61},"end":{"line":2918,"column":3}},"line":2913},"179":{"name":"(anonymous_179)","decl":{"start":{"line":2921,"column":7},"end":{"line":2921,"column":8}},"loc":{"start":{"line":2921,"column":13},"end":{"line":2923,"column":2}},"line":2921},"180":{"name":"(anonymous_180)","decl":{"start":{"line":2926,"column":58},"end":{"line":2926,"column":59}},"loc":{"start":{"line":2926,"column":70},"end":{"line":3022,"column":1}},"line":2926},"181":{"name":"(anonymous_181)","decl":{"start":{"line":2927,"column":8},"end":{"line":2927,"column":9}},"loc":{"start":{"line":2927,"column":14},"end":{"line":2955,"column":2}},"line":2927},"182":{"name":"(anonymous_182)","decl":{"start":{"line":2956,"column":57},"end":{"line":2956,"column":58}},"loc":{"start":{"line":2956,"column":69},"end":{"line":3009,"column":2}},"line":2956},"183":{"name":"(anonymous_183)","decl":{"start":{"line":2957,"column":35},"end":{"line":2957,"column":36}},"loc":{"start":{"line":2957,"column":61},"end":{"line":3008,"column":3}},"line":2957},"184":{"name":"(anonymous_184)","decl":{"start":{"line":3010,"column":49},"end":{"line":3010,"column":50}},"loc":{"start":{"line":3010,"column":61},"end":{"line":3017,"column":2}},"line":3010},"185":{"name":"(anonymous_185)","decl":{"start":{"line":3011,"column":35},"end":{"line":3011,"column":36}},"loc":{"start":{"line":3011,"column":61},"end":{"line":3016,"column":3}},"line":3011},"186":{"name":"(anonymous_186)","decl":{"start":{"line":3019,"column":7},"end":{"line":3019,"column":8}},"loc":{"start":{"line":3019,"column":13},"end":{"line":3021,"column":2}},"line":3019},"187":{"name":"(anonymous_187)","decl":{"start":{"line":3024,"column":55},"end":{"line":3024,"column":56}},"loc":{"start":{"line":3024,"column":67},"end":{"line":3187,"column":1}},"line":3024},"188":{"name":"(anonymous_188)","decl":{"start":{"line":3025,"column":8},"end":{"line":3025,"column":9}},"loc":{"start":{"line":3025,"column":14},"end":{"line":3055,"column":2}},"line":3025},"189":{"name":"(anonymous_189)","decl":{"start":{"line":3057,"column":54},"end":{"line":3057,"column":55}},"loc":{"start":{"line":3057,"column":66},"end":{"line":3175,"column":2}},"line":3057},"190":{"name":"(anonymous_190)","decl":{"start":{"line":3058,"column":35},"end":{"line":3058,"column":36}},"loc":{"start":{"line":3058,"column":61},"end":{"line":3174,"column":3}},"line":3058},"191":{"name":"(anonymous_191)","decl":{"start":{"line":3176,"column":49},"end":{"line":3176,"column":50}},"loc":{"start":{"line":3176,"column":61},"end":{"line":3183,"column":2}},"line":3176},"192":{"name":"(anonymous_192)","decl":{"start":{"line":3177,"column":35},"end":{"line":3177,"column":36}},"loc":{"start":{"line":3177,"column":61},"end":{"line":3182,"column":3}},"line":3177},"193":{"name":"(anonymous_193)","decl":{"start":{"line":3184,"column":7},"end":{"line":3184,"column":8}},"loc":{"start":{"line":3184,"column":13},"end":{"line":3186,"column":2}},"line":3184},"194":{"name":"(anonymous_194)","decl":{"start":{"line":3189,"column":34},"end":{"line":3189,"column":35}},"loc":{"start":{"line":3189,"column":46},"end":{"line":3277,"column":1}},"line":3189},"195":{"name":"(anonymous_195)","decl":{"start":{"line":3192,"column":8},"end":{"line":3192,"column":9}},"loc":{"start":{"line":3192,"column":14},"end":{"line":3218,"column":2}},"line":3192},"196":{"name":"(anonymous_196)","decl":{"start":{"line":3219,"column":33},"end":{"line":3219,"column":34}},"loc":{"start":{"line":3219,"column":45},"end":{"line":3264,"column":2}},"line":3219},"197":{"name":"(anonymous_197)","decl":{"start":{"line":3220,"column":49},"end":{"line":3220,"column":50}},"loc":{"start":{"line":3220,"column":75},"end":{"line":3263,"column":3}},"line":3220},"198":{"name":"(anonymous_198)","decl":{"start":{"line":3265,"column":48},"end":{"line":3265,"column":49}},"loc":{"start":{"line":3265,"column":60},"end":{"line":3272,"column":2}},"line":3265},"199":{"name":"(anonymous_199)","decl":{"start":{"line":3266,"column":49},"end":{"line":3266,"column":50}},"loc":{"start":{"line":3266,"column":75},"end":{"line":3271,"column":3}},"line":3266},"200":{"name":"(anonymous_200)","decl":{"start":{"line":3274,"column":7},"end":{"line":3274,"column":8}},"loc":{"start":{"line":3274,"column":13},"end":{"line":3276,"column":2}},"line":3274},"201":{"name":"(anonymous_201)","decl":{"start":{"line":3279,"column":41},"end":{"line":3279,"column":42}},"loc":{"start":{"line":3279,"column":53},"end":{"line":3433,"column":1}},"line":3279},"202":{"name":"(anonymous_202)","decl":{"start":{"line":3282,"column":8},"end":{"line":3282,"column":9}},"loc":{"start":{"line":3282,"column":14},"end":{"line":3290,"column":2}},"line":3282},"203":{"name":"(anonymous_203)","decl":{"start":{"line":3292,"column":36},"end":{"line":3292,"column":37}},"loc":{"start":{"line":3292,"column":48},"end":{"line":3417,"column":2}},"line":3292},"204":{"name":"(anonymous_204)","decl":{"start":{"line":3295,"column":3},"end":{"line":3295,"column":4}},"loc":{"start":{"line":3295,"column":29},"end":{"line":3415,"column":4}},"line":3295},"205":{"name":"(anonymous_205)","decl":{"start":{"line":3418,"column":51},"end":{"line":3418,"column":52}},"loc":{"start":{"line":3418,"column":63},"end":{"line":3428,"column":2}},"line":3418},"206":{"name":"(anonymous_206)","decl":{"start":{"line":3421,"column":3},"end":{"line":3421,"column":4}},"loc":{"start":{"line":3421,"column":29},"end":{"line":3426,"column":4}},"line":3421},"207":{"name":"(anonymous_207)","decl":{"start":{"line":3430,"column":7},"end":{"line":3430,"column":8}},"loc":{"start":{"line":3430,"column":13},"end":{"line":3432,"column":2}},"line":3430}},"branchMap":{"0":{"loc":{"start":{"line":281,"column":3},"end":{"line":285,"column":4}},"type":"if","locations":[{"start":{"line":281,"column":3},"end":{"line":285,"column":4}},{"start":{"line":281,"column":3},"end":{"line":285,"column":4}}],"line":281},"1":{"loc":{"start":{"line":451,"column":4},"end":{"line":464,"column":5}},"type":"if","locations":[{"start":{"line":451,"column":4},"end":{"line":464,"column":5}},{"start":{"line":451,"column":4},"end":{"line":464,"column":5}}],"line":451},"2":{"loc":{"start":{"line":3157,"column":3},"end":{"line":3163,"column":4}},"type":"if","locations":[{"start":{"line":3157,"column":3},"end":{"line":3163,"column":4}},{"start":{"line":3157,"column":3},"end":{"line":3163,"column":4}}],"line":3157},"3":{"loc":{"start":{"line":3159,"column":10},"end":{"line":3163,"column":4}},"type":"if","locations":[{"start":{"line":3159,"column":10},"end":{"line":3163,"column":4}},{"start":{"line":3159,"column":10},"end":{"line":3163,"column":4}}],"line":3159}},"s":{"0":0,"1":0,"2":0,"3":0,"4":0,"5":0,"6":0,"7":0,"8":0,"9":0,"10":0,"11":0,"12":0,"13":0,"14":0,"15":0,"16":0,"17":0,"18":0,"19":0,"20":0,"21":0,"22":0,"23":0,"24":0,"25":0,"26":0,"27":0,"28":0,"29":0,"30":0,"31":0,"32":0,"33":0,"34":0,"35":0,"36":0,"37":0,"38":0,"39":0,"40":0,"41":0,"42":0,"43":0,"44":0,"45":0,"46":0,"47":0,"48":0,"49":0,"50":0,"51":0,"52":0,"53":0,"54":0,"55":0,"56":0,"57":0,"58":0,"59":0,"60":0,"61":0,"62":0,"63":0,"64":0,"65":0,"66":0,"67":0,"68":0,"69":0,"70":0,"71":0,"72":0,"73":0,"74":0,"75":0,"76":0,"77":0,"78":0,"79":0,"80":0,"81":0,"82":0,"83":0,"84":0,"85":0,"86":0,"87":0,"88":0,"89":0,"90":0,"91":0,"92":0,"93":0,"94":0,"95":0,"96":0,"97":0,"98":0,"99":0,"100":0,"101":0,"102":0,"103":0,"104":0,"105":0,"106":0,"107":0,"108":0,"109":0,"110":0,"111":0,"112":0,"113":0,"114":0,"115":0,"116":0,"117":0,"118":0,"119":0,"120":0,"121":0,"122":0,"123":0,"124":0,"125":0,"126":0,"127":0,"128":0,"129":0,"130":0,"131":0,"132":0,"133":0,"134":0,"135":0,"136":0,"137":0,"138":0,"139":0,"140":0,"141":0,"142":0,"143":0,"144":0,"145":0,"146":0,"147":0,"148":0,"149":0,"150":0,"151":0,"152":0,"153":0,"154":0,"155":0,"156":0,"157":0,"158":0,"159":0,"160":0,"161":0,"162":0,"163":0,"164":0,"165":0,"166":0,"167":0,"168":0,"169":0,"170":0,"171":0,"172":0,"173":0,"174":0,"175":0,"176":0,"177":0,"178":0,"179":0,"180":0,"181":0,"182":0,"183":0,"184":0,"185":0,"186":0,"187":0,"188":0,"189":0,"190":0,"191":0,"192":0,"193":0,"194":0,"195":0,"196":0,"197":0,"198":0,"199":0,"200":0,"201":0,"202":0,"203":0,"204":0,"205":0,"206":0,"207":0,"208":0,"209":0,"210":0,"211":0,"212":0,"213":0,"214":0,"215":0,"216":0,"217":0,"218":0,"219":0,"220":0,"221":0,"222":0,"223":0,"224":0,"225":0,"226":0,"227":0,"228":0,"229":0,"230":0,"231":0,"232":0,"233":0,"234":0,"235":0,"236":0,"237":0,"238":0,"239":0,"240":0,"241":0,"242":0,"243":0,"244":0,"245":0,"246":0,"247":0,"248":0,"249":0,"250":0,"251":0,"252":0,"253":0,"254":0,"255":0,"256":0,"257":0,"258":0,"259":0,"260":0,"261":0,"262":0,"263":0,"264":0,"265":0,"266":0,"267":0,"268":0,"269":0,"270":0,"271":0,"272":0,"273":0,"274":0,"275":0,"276":0,"277":0,"278":0,"279":0,"280":0,"281":0,"282":0,"283":0,"284":0,"285":0,"286":0,"287":0,"288":0,"289":0,"290":0,"291":0,"292":0,"293":0,"294":0,"295":0,"296":0,"297":0,"298":0,"299":0,"300":0,"301":0,"302":0,"303":0,"304":0,"305":0,"306":0,"307":0,"308":0,"309":0,"310":0,"311":0,"312":0,"313":0,"314":0,"315":0,"316":0,"317":0,"318":0,"319":0,"320":0,"321":0,"322":0,"323":0,"324":0,"325":0,"326":0,"327":0,"328":0,"329":0,"330":0,"331":0,"332":0,"333":0,"334":0,"335":0,"336":0,"337":0,"338":0,"339":0,"340":0,"341":0,"342":0,"343":0,"344":0,"345":0,"346":0,"347":0,"348":0,"349":0,"350":0,"351":0,"352":0,"353":0,"354":0,"355":0,"356":0,"357":0,"358":0,"359":0,"360":0,"361":0,"362":0,"363":0,"364":0,"365":0,"366":0,"367":0,"368":0,"369":0,"370":0,"371":0,"372":0,"373":0,"374":0,"375":0,"376":0,"377":0,"378":0,"379":0,"380":0,"381":0,"382":0,"383":0,"384":0,"385":0,"386":0,"387":0,"388":0,"389":0,"390":0,"391":0,"392":0,"393":0,"394":0,"395":0,"396":0,"397":0,"398":0,"399":0,"400":0,"401":0,"402":0,"403":0,"404":0,"405":0,"406":0,"407":0,"408":0,"409":0,"410":0,"411":0,"412":0,"413":0,"414":0,"415":0,"416":0,"417":0,"418":0,"419":0,"420":0,"421":0,"422":0,"423":0,"424":0,"425":0,"426":0,"427":0,"428":0,"429":0,"430":0,"431":0,"432":0,"433":0,"434":0,"435":0,"436":0,"437":0,"438":0,"439":0,"440":0,"441":0,"442":0,"443":0,"444":0,"445":0,"446":0,"447":0,"448":0,"449":0,"450":0,"451":0,"452":0,"453":0,"454":0,"455":0,"456":0,"457":0,"458":0,"459":0,"460":0,"461":0,"462":0,"463":0,"464":0,"465":0,"466":0,"467":0,"468":0,"469":0,"470":0,"471":0,"472":0,"473":0,"474":0,"475":0,"476":0,"477":0,"478":0,"479":0,"480":0,"481":0,"482":0,"483":0,"484":0,"485":0,"486":0,"487":0,"488":0,"489":0,"490":0,"491":0,"492":0,"493":0,"494":0,"495":0,"496":0,"497":0,"498":0,"499":0,"500":0,"501":0,"502":0,"503":0,"504":0,"505":0,"506":0,"507":0,"508":0,"509":0,"510":0,"511":0,"512":0,"513":0,"514":0,"515":0,"516":0,"517":0,"518":0,"519":0,"520":0,"521":0,"522":0,"523":0,"524":0,"525":0,"526":0,"527":0,"528":0,"529":0,"530":0,"531":0,"532":0,"533":0,"534":0,"535":0,"536":0,"537":0,"538":0,"539":0,"540":0,"541":0,"542":0,"543":0,"544":0,"545":0,"546":0,"547":0,"548":0,"549":0,"550":0,"551":0,"552":0,"553":0,"554":0,"555":0,"556":0,"557":0,"558":0,"559":0,"560":0,"561":0,"562":0,"563":0,"564":0,"565":0,"566":0,"567":0,"568":0,"569":0,"570":0,"571":0,"572":0,"573":0,"574":0,"575":0,"576":0,"577":0,"578":0,"579":0,"580":0,"581":0,"582":0,"583":0,"584":0,"585":0,"586":0,"587":0,"588":0,"589":0,"590":0,"591":0,"592":0,"593":0,"594":0,"595":0,"596":0,"597":0,"598":0,"599":0,"600":0,"601":0,"602":0,"603":0,"604":0,"605":0,"606":0,"607":0,"608":0,"609":0,"610":0,"611":0,"612":0,"613":0,"614":0,"615":0,"616":0,"617":0,"618":0,"619":0,"620":0,"621":0,"622":0,"623":0,"624":0,"625":0,"626":0,"627":0,"628":0,"629":0,"630":0,"631":0,"632":0,"633":0,"634":0,"635":0,"636":0,"637":0,"638":0,"639":0,"640":0,"641":0,"642":0,"643":0,"644":0,"645":0,"646":0,"647":0,"648":0,"649":0,"650":0,"651":0,"652":0,"653":0,"654":0,"655":0,"656":0,"657":0,"658":0,"659":0,"660":0,"661":0,"662":0,"663":0,"664":0,"665":0,"666":0,"667":0,"668":0,"669":0,"670":0,"671":0,"672":0,"673":0,"674":0,"675":0,"676":0,"677":0,"678":0,"679":0,"680":0,"681":0,"682":0,"683":0,"684":0,"685":0,"686":0,"687":0,"688":0,"689":0,"690":0,"691":0,"692":0,"693":0,"694":0,"695":0,"696":0,"697":0,"698":0,"699":0,"700":0,"701":0,"702":0,"703":0,"704":0,"705":0,"706":0,"707":0,"708":0,"709":0,"710":0,"711":0,"712":0,"713":0,"714":0,"715":0,"716":0,"717":0,"718":0,"719":0,"720":0,"721":0,"722":0,"723":0,"724":0,"725":0,"726":0,"727":0,"728":0,"729":0,"730":0,"731":0,"732":0,"733":0,"734":0,"735":0,"736":0,"737":0,"738":0,"739":0,"740":0,"741":0,"742":0,"743":0,"744":0,"745":0,"746":0,"747":0,"748":0,"749":0,"750":0,"751":0,"752":0,"753":0,"754":0,"755":0,"756":0,"757":0,"758":0,"759":0,"760":0,"761":0,"762":0,"763":0,"764":0,"765":0,"766":0,"767":0,"768":0,"769":0,"770":0,"771":0,"772":0,"773":0,"774":0,"775":0,"776":0,"777":0,"778":0,"779":0,"780":0,"781":0,"782":0,"783":0,"784":0,"785":0,"786":0,"787":0,"788":0,"789":0,"790":0,"791":0,"792":0,"793":0,"794":0,"795":0,"796":0,"797":0,"798":0,"799":0,"800":0,"801":0,"802":0,"803":0,"804":0,"805":0,"806":0,"807":0,"808":0,"809":0,"810":0,"811":0,"812":0,"813":0,"814":0,"815":0,"816":0,"817":0,"818":0,"819":0,"820":0,"821":0,"822":0,"823":0,"824":0,"825":0,"826":0,"827":0,"828":0,"829":0,"830":0,"831":0,"832":0,"833":0,"834":0,"835":0,"836":0,"837":0,"838":0,"839":0,"840":0,"841":0,"842":0,"843":0,"844":0,"845":0,"846":0,"847":0,"848":0,"849":0,"850":0,"851":0,"852":0,"853":0,"854":0,"855":0,"856":0,"857":0,"858":0,"859":0,"860":0,"861":0,"862":0,"863":0,"864":0,"865":0,"866":0,"867":0,"868":0,"869":0,"870":0,"871":0,"872":0,"873":0,"874":0,"875":0,"876":0,"877":0,"878":0,"879":0,"880":0,"881":0,"882":0,"883":0,"884":0,"885":0,"886":0,"887":0,"888":0,"889":0,"890":0,"891":0,"892":0,"893":0,"894":0,"895":0,"896":0,"897":0,"898":0,"899":0,"900":0,"901":0,"902":0,"903":0,"904":0,"905":0,"906":0,"907":0,"908":0,"909":0,"910":0,"911":0,"912":0,"913":0,"914":0,"915":0,"916":0,"917":0,"918":0,"919":0,"920":0,"921":0,"922":0,"923":0,"924":0,"925":0,"926":0,"927":0,"928":0,"929":0,"930":0},"f":{"0":0,"1":0,"2":0,"3":0,"4":0,"5":0,"6":0,"7":0,"8":0,"9":0,"10":0,"11":0,"12":0,"13":0,"14":0,"15":0,"16":0,"17":0,"18":0,"19":0,"20":0,"21":0,"22":0,"23":0,"24":0,"25":0,"26":0,"27":0,"28":0,"29":0,"30":0,"31":0,"32":0,"33":0,"34":0,"35":0,"36":0,"37":0,"38":0,"39":0,"40":0,"41":0,"42":0,"43":0,"44":0,"45":0,"46":0,"47":0,"48":0,"49":0,"50":0,"51":0,"52":0,"53":0,"54":0,"55":0,"56":0,"57":0,"58":0,"59":0,"60":0,"61":0,"62":0,"63":0,"64":0,"65":0,"66":0,"67":0,"68":0,"69":0,"70":0,"71":0,"72":0,"73":0,"74":0,"75":0,"76":0,"77":0,"78":0,"79":0,"80":0,"81":0,"82":0,"83":0,"84":0,"85":0,"86":0,"87":0,"88":0,"89":0,"90":0,"91":0,"92":0,"93":0,"94":0,"95":0,"96":0,"97":0,"98":0,"99":0,"100":0,"101":0,"102":0,"103":0,"104":0,"105":0,"106":0,"107":0,"108":0,"109":0,"110":0,"111":0,"112":0,"113":0,"114":0,"115":0,"116":0,"117":0,"118":0,"119":0,"120":0,"121":0,"122":0,"123":0,"124":0,"125":0,"126":0,"127":0,"128":0,"129":0,"130":0,"131":0,"132":0,"133":0,"134":0,"135":0,"136":0,"137":0,"138":0,"139":0,"140":0,"141":0,"142":0,"143":0,"144":0,"145":0,"146":0,"147":0,"148":0,"149":0,"150":0,"151":0,"152":0,"153":0,"154":0,"155":0,"156":0,"157":0,"158":0,"159":0,"160":0,"161":0,"162":0,"163":0,"164":0,"165":0,"166":0,"167":0,"168":0,"169":0,"170":0,"171":0,"172":0,"173":0,"174":0,"175":0,"176":0,"177":0,"178":0,"179":0,"180":0,"181":0,"182":0,"183":0,"184":0,"185":0,"186":0,"187":0,"188":0,"189":0,"190":0,"191":0,"192":0,"193":0,"194":0,"195":0,"196":0,"197":0,"198":0,"199":0,"200":0,"201":0,"202":0,"203":0,"204":0,"205":0,"206":0,"207":0},"b":{"0":[0,0],"1":[0,0],"2":[0,0],"3":[0,0]},"all":true}}