{"/Users/macbookpro/Desktop/Study/Projects/Node.js Projects/Test_Node.js_project/src/api/controllers/orderController.js":{"path":"/Users/macbookpro/Desktop/Study/Projects/Node.js Projects/Test_Node.js_project/src/api/controllers/orderController.js","statementMap":{"0":{"start":{"line":1,"column":16},"end":{"line":1,"column":34}},"1":{"start":{"line":3,"column":14},"end":{"line":3,"column":40}},"2":{"start":{"line":4,"column":16},"end":{"line":4,"column":44}},"3":{"start":{"line":5,"column":13},"end":{"line":5,"column":38}},"4":{"start":{"line":11,"column":4},"end":{"line":11,"column":32}},"5":{"start":{"line":14,"column":1},"end":{"line":30,"column":2}},"6":{"start":{"line":15,"column":16},"end":{"line":15,"column":25}},"7":{"start":{"line":16,"column":20},"end":{"line":16,"column":40}},"8":{"start":{"line":18,"column":23},"end":{"line":25,"column":3}},"9":{"start":{"line":27,"column":2},"end":{"line":27,"column":36}},"10":{"start":{"line":29,"column":2},"end":{"line":29,"column":14}},"11":{"start":{"line":34,"column":1},"end":{"line":54,"column":2}},"12":{"start":{"line":35,"column":22},"end":{"line":35,"column":39}},"13":{"start":{"line":36,"column":18},"end":{"line":36,"column":47}},"14":{"start":{"line":37,"column":2},"end":{"line":51,"column":5}},"15":{"start":{"line":40,"column":3},"end":{"line":50,"column":4}},"16":{"start":{"line":41,"column":4},"end":{"line":43,"column":7}},"17":{"start":{"line":44,"column":10},"end":{"line":50,"column":4}},"18":{"start":{"line":45,"column":4},"end":{"line":47,"column":7}},"19":{"start":{"line":49,"column":4},"end":{"line":49,"column":31}},"20":{"start":{"line":53,"column":2},"end":{"line":53,"column":14}},"21":{"start":{"line":58,"column":1},"end":{"line":88,"column":2}},"22":{"start":{"line":59,"column":15},"end":{"line":59,"column":29}},"23":{"start":{"line":61,"column":22},"end":{"line":61,"column":72}},"24":{"start":{"line":62,"column":22},"end":{"line":62,"column":66}},"25":{"start":{"line":64,"column":22},"end":{"line":64,"column":58}},"26":{"start":{"line":65,"column":21},"end":{"line":65,"column":56}},"27":{"start":{"line":67,"column":2},"end":{"line":82,"column":3}},"28":{"start":{"line":68,"column":3},"end":{"line":68,"column":36}},"29":{"start":{"line":69,"column":9},"end":{"line":82,"column":3}},"30":{"start":{"line":70,"column":3},"end":{"line":72,"column":6}},"31":{"start":{"line":74,"column":3},"end":{"line":74,"column":34}},"32":{"start":{"line":75,"column":3},"end":{"line":75,"column":37}},"33":{"start":{"line":76,"column":21},"end":{"line":76,"column":55}},"34":{"start":{"line":77,"column":3},"end":{"line":81,"column":4}},"35":{"start":{"line":78,"column":4},"end":{"line":78,"column":47}},"36":{"start":{"line":79,"column":10},"end":{"line":81,"column":4}},"37":{"start":{"line":80,"column":4},"end":{"line":80,"column":11}},"38":{"start":{"line":86,"column":2},"end":{"line":86,"column":55}},"39":{"start":{"line":87,"column":2},"end":{"line":87,"column":14}},"40":{"start":{"line":111,"column":1},"end":{"line":126,"column":2}},"41":{"start":{"line":112,"column":15},"end":{"line":112,"column":29}},"42":{"start":{"line":113,"column":22},"end":{"line":113,"column":45}},"43":{"start":{"line":114,"column":18},"end":{"line":114,"column":47}},"44":{"start":{"line":115,"column":23},"end":{"line":121,"column":3}},"45":{"start":{"line":123,"column":2},"end":{"line":123,"column":37}},"46":{"start":{"line":125,"column":2},"end":{"line":125,"column":14}},"47":{"start":{"line":130,"column":1},"end":{"line":153,"column":2}},"48":{"start":{"line":131,"column":22},"end":{"line":131,"column":45}},"49":{"start":{"line":132,"column":18},"end":{"line":132,"column":47}},"50":{"start":{"line":133,"column":23},"end":{"line":133,"column":73}},"51":{"start":{"line":135,"column":22},"end":{"line":140,"column":3}},"52":{"start":{"line":141,"column":22},"end":{"line":146,"column":3}},"53":{"start":{"line":147,"column":18},"end":{"line":147,"column":60}},"54":{"start":{"line":148,"column":19},"end":{"line":148,"column":56}},"55":{"start":{"line":150,"column":2},"end":{"line":150,"column":37}},"56":{"start":{"line":152,"column":2},"end":{"line":152,"column":14}},"57":{"start":{"line":156,"column":0},"end":{"line":162,"column":2}}},"fnMap":{"0":{"name":"getAllOrders","decl":{"start":{"line":13,"column":15},"end":{"line":13,"column":27}},"loc":{"start":{"line":13,"column":44},"end":{"line":31,"column":1}},"line":13},"1":{"name":"getOneOrder","decl":{"start":{"line":33,"column":15},"end":{"line":33,"column":26}},"loc":{"start":{"line":33,"column":43},"end":{"line":55,"column":1}},"line":33},"2":{"name":"(anonymous_2)","decl":{"start":{"line":37,"column":38},"end":{"line":37,"column":39}},"loc":{"start":{"line":37,"column":53},"end":{"line":51,"column":3}},"line":37},"3":{"name":"postOneOrder","decl":{"start":{"line":57,"column":15},"end":{"line":57,"column":27}},"loc":{"start":{"line":57,"column":44},"end":{"line":89,"column":1}},"line":57},"4":{"name":"putOneOrder","decl":{"start":{"line":91,"column":15},"end":{"line":91,"column":26}},"loc":{"start":{"line":91,"column":43},"end":{"line":127,"column":1}},"line":91},"5":{"name":"deleteOneOrder","decl":{"start":{"line":129,"column":15},"end":{"line":129,"column":29}},"loc":{"start":{"line":129,"column":46},"end":{"line":154,"column":1}},"line":129}},"branchMap":{"0":{"loc":{"start":{"line":40,"column":3},"end":{"line":50,"column":4}},"type":"if","locations":[{"start":{"line":40,"column":3},"end":{"line":50,"column":4}},{"start":{"line":40,"column":3},"end":{"line":50,"column":4}}],"line":40},"1":{"loc":{"start":{"line":44,"column":10},"end":{"line":50,"column":4}},"type":"if","locations":[{"start":{"line":44,"column":10},"end":{"line":50,"column":4}},{"start":{"line":44,"column":10},"end":{"line":50,"column":4}}],"line":44},"2":{"loc":{"start":{"line":67,"column":2},"end":{"line":82,"column":3}},"type":"if","locations":[{"start":{"line":67,"column":2},"end":{"line":82,"column":3}},{"start":{"line":67,"column":2},"end":{"line":82,"column":3}}],"line":67},"3":{"loc":{"start":{"line":69,"column":9},"end":{"line":82,"column":3}},"type":"if","locations":[{"start":{"line":69,"column":9},"end":{"line":82,"column":3}},{"start":{"line":69,"column":9},"end":{"line":82,"column":3}}],"line":69},"4":{"loc":{"start":{"line":77,"column":3},"end":{"line":81,"column":4}},"type":"if","locations":[{"start":{"line":77,"column":3},"end":{"line":81,"column":4}},{"start":{"line":77,"column":3},"end":{"line":81,"column":4}}],"line":77},"5":{"loc":{"start":{"line":79,"column":10},"end":{"line":81,"column":4}},"type":"if","locations":[{"start":{"line":79,"column":10},"end":{"line":81,"column":4}},{"start":{"line":79,"column":10},"end":{"line":81,"column":4}}],"line":79}},"s":{"0":0,"1":0,"2":0,"3":0,"4":0,"5":0,"6":0,"7":0,"8":0,"9":0,"10":0,"11":0,"12":0,"13":0,"14":0,"15":0,"16":0,"17":0,"18":0,"19":0,"20":0,"21":0,"22":0,"23":0,"24":0,"25":0,"26":0,"27":0,"28":0,"29":0,"30":0,"31":0,"32":0,"33":0,"34":0,"35":0,"36":0,"37":0,"38":0,"39":0,"40":0,"41":0,"42":0,"43":0,"44":0,"45":0,"46":0,"47":0,"48":0,"49":0,"50":0,"51":0,"52":0,"53":0,"54":0,"55":0,"56":0,"57":0},"f":{"0":0,"1":0,"2":0,"3":0,"4":0,"5":0},"b":{"0":[0,0],"1":[0,0],"2":[0,0],"3":[0,0],"4":[0,0],"5":[0,0]},"all":true},"/Users/macbookpro/Desktop/Study/Projects/Node.js Projects/Test_Node.js_project/src/api/controllers/productController.js":{"path":"/Users/macbookpro/Desktop/Study/Projects/Node.js Projects/Test_Node.js_project/src/api/controllers/productController.js","statementMap":{"0":{"start":{"line":1,"column":16},"end":{"line":1,"column":34}},"1":{"start":{"line":3,"column":14},"end":{"line":3,"column":40}},"2":{"start":{"line":4,"column":16},"end":{"line":4,"column":44}},"3":{"start":{"line":5,"column":13},"end":{"line":5,"column":38}},"4":{"start":{"line":11,"column":4},"end":{"line":11,"column":32}},"5":{"start":{"line":14,"column":1},"end":{"line":19,"column":2}},"6":{"start":{"line":15,"column":24},"end":{"line":15,"column":46}},"7":{"start":{"line":16,"column":2},"end":{"line":16,"column":38}},"8":{"start":{"line":18,"column":2},"end":{"line":18,"column":14}},"9":{"start":{"line":46,"column":1},"end":{"line":65,"column":2}},"10":{"start":{"line":47,"column":17},"end":{"line":47,"column":40}},"11":{"start":{"line":48,"column":16},"end":{"line":50,"column":5}},"12":{"start":{"line":52,"column":20},"end":{"line":52,"column":58}},"13":{"start":{"line":56,"column":2},"end":{"line":62,"column":3}},"14":{"start":{"line":57,"column":3},"end":{"line":59,"column":6}},"15":{"start":{"line":61,"column":3},"end":{"line":61,"column":35}},"16":{"start":{"line":64,"column":2},"end":{"line":64,"column":14}},"17":{"start":{"line":70,"column":1},"end":{"line":91,"column":2}},"18":{"start":{"line":71,"column":15},"end":{"line":71,"column":29}},"19":{"start":{"line":72,"column":24},"end":{"line":74,"column":4}},"20":{"start":{"line":75,"column":2},"end":{"line":88,"column":3}},"21":{"start":{"line":76,"column":22},"end":{"line":76,"column":45}},"22":{"start":{"line":77,"column":3},"end":{"line":82,"column":6}},"23":{"start":{"line":78,"column":4},"end":{"line":80,"column":5}},"24":{"start":{"line":79,"column":5},"end":{"line":79,"column":22}},"25":{"start":{"line":81,"column":4},"end":{"line":81,"column":32}},"26":{"start":{"line":83,"column":3},"end":{"line":83,"column":36}},"27":{"start":{"line":85,"column":3},"end":{"line":87,"column":6}},"28":{"start":{"line":90,"column":2},"end":{"line":90,"column":14}},"29":{"start":{"line":95,"column":1},"end":{"line":111,"column":2}},"30":{"start":{"line":96,"column":15},"end":{"line":96,"column":29}},"31":{"start":{"line":97,"column":17},"end":{"line":97,"column":40}},"32":{"start":{"line":98,"column":16},"end":{"line":100,"column":5}},"33":{"start":{"line":101,"column":25},"end":{"line":107,"column":3}},"34":{"start":{"line":108,"column":2},"end":{"line":108,"column":39}},"35":{"start":{"line":110,"column":2},"end":{"line":110,"column":14}},"36":{"start":{"line":115,"column":1},"end":{"line":126,"column":2}},"37":{"start":{"line":116,"column":17},"end":{"line":116,"column":34}},"38":{"start":{"line":117,"column":16},"end":{"line":119,"column":5}},"39":{"start":{"line":120,"column":25},"end":{"line":122,"column":4}},"40":{"start":{"line":123,"column":2},"end":{"line":123,"column":39}},"41":{"start":{"line":125,"column":2},"end":{"line":125,"column":14}},"42":{"start":{"line":129,"column":0},"end":{"line":135,"column":2}}},"fnMap":{"0":{"name":"getAllProducts","decl":{"start":{"line":13,"column":15},"end":{"line":13,"column":29}},"loc":{"start":{"line":13,"column":46},"end":{"line":20,"column":1}},"line":13},"1":{"name":"getOneProduct","decl":{"start":{"line":45,"column":15},"end":{"line":45,"column":28}},"loc":{"start":{"line":45,"column":45},"end":{"line":66,"column":1}},"line":45},"2":{"name":"postOneProduct","decl":{"start":{"line":69,"column":15},"end":{"line":69,"column":29}},"loc":{"start":{"line":69,"column":46},"end":{"line":92,"column":1}},"line":69},"3":{"name":"(anonymous_3)","decl":{"start":{"line":77,"column":19},"end":{"line":77,"column":20}},"loc":{"start":{"line":77,"column":33},"end":{"line":82,"column":4}},"line":77},"4":{"name":"putOneProduct","decl":{"start":{"line":94,"column":15},"end":{"line":94,"column":28}},"loc":{"start":{"line":94,"column":45},"end":{"line":112,"column":1}},"line":94},"5":{"name":"deleteOneProduct","decl":{"start":{"line":114,"column":15},"end":{"line":114,"column":31}},"loc":{"start":{"line":114,"column":48},"end":{"line":127,"column":1}},"line":114}},"branchMap":{"0":{"loc":{"start":{"line":56,"column":2},"end":{"line":62,"column":3}},"type":"if","locations":[{"start":{"line":56,"column":2},"end":{"line":62,"column":3}},{"start":{"line":56,"column":2},"end":{"line":62,"column":3}}],"line":56},"1":{"loc":{"start":{"line":75,"column":2},"end":{"line":88,"column":3}},"type":"if","locations":[{"start":{"line":75,"column":2},"end":{"line":88,"column":3}},{"start":{"line":75,"column":2},"end":{"line":88,"column":3}}],"line":75},"2":{"loc":{"start":{"line":78,"column":4},"end":{"line":80,"column":5}},"type":"if","locations":[{"start":{"line":78,"column":4},"end":{"line":80,"column":5}},{"start":{"line":78,"column":4},"end":{"line":80,"column":5}}],"line":78}},"s":{"0":0,"1":0,"2":0,"3":0,"4":0,"5":0,"6":0,"7":0,"8":0,"9":0,"10":0,"11":0,"12":0,"13":0,"14":0,"15":0,"16":0,"17":0,"18":0,"19":0,"20":0,"21":0,"22":0,"23":0,"24":0,"25":0,"26":0,"27":0,"28":0,"29":0,"30":0,"31":0,"32":0,"33":0,"34":0,"35":0,"36":0,"37":0,"38":0,"39":0,"40":0,"41":0,"42":0},"f":{"0":0,"1":0,"2":0,"3":0,"4":0,"5":0},"b":{"0":[0,0],"1":[0,0],"2":[0,0]},"all":true},"/Users/macbookpro/Desktop/Study/Projects/Node.js Projects/Test_Node.js_project/src/api/controllers/userController.js":{"path":"/Users/macbookpro/Desktop/Study/Projects/Node.js Projects/Test_Node.js_project/src/api/controllers/userController.js","statementMap":{"0":{"start":{"line":1,"column":16},"end":{"line":1,"column":34}},"1":{"start":{"line":3,"column":14},"end":{"line":3,"column":40}},"2":{"start":{"line":4,"column":16},"end":{"line":4,"column":44}},"3":{"start":{"line":5,"column":13},"end":{"line":5,"column":38}},"4":{"start":{"line":8,"column":1},"end":{"line":13,"column":2}},"5":{"start":{"line":9,"column":19},"end":{"line":9,"column":38}},"6":{"start":{"line":10,"column":2},"end":{"line":10,"column":21}},"7":{"start":{"line":12,"column":2},"end":{"line":12,"column":14}},"8":{"start":{"line":17,"column":1},"end":{"line":27,"column":2}},"9":{"start":{"line":18,"column":19},"end":{"line":18,"column":42}},"10":{"start":{"line":20,"column":2},"end":{"line":24,"column":5}},"11":{"start":{"line":23,"column":3},"end":{"line":23,"column":30}},"12":{"start":{"line":26,"column":2},"end":{"line":26,"column":14}},"13":{"start":{"line":31,"column":1},"end":{"line":51,"column":2}},"14":{"start":{"line":32,"column":15},"end":{"line":32,"column":29}},"15":{"start":{"line":33,"column":21},"end":{"line":35,"column":4}},"16":{"start":{"line":36,"column":2},"end":{"line":48,"column":3}},"17":{"start":{"line":37,"column":19},"end":{"line":37,"column":39}},"18":{"start":{"line":38,"column":3},"end":{"line":43,"column":6}},"19":{"start":{"line":39,"column":4},"end":{"line":41,"column":5}},"20":{"start":{"line":40,"column":5},"end":{"line":40,"column":22}},"21":{"start":{"line":42,"column":4},"end":{"line":42,"column":22}},"22":{"start":{"line":45,"column":3},"end":{"line":47,"column":6}},"23":{"start":{"line":50,"column":2},"end":{"line":50,"column":14}},"24":{"start":{"line":55,"column":1},"end":{"line":70,"column":2}},"25":{"start":{"line":56,"column":19},"end":{"line":56,"column":44}},"26":{"start":{"line":57,"column":15},"end":{"line":57,"column":29}},"27":{"start":{"line":58,"column":22},"end":{"line":66,"column":3}},"28":{"start":{"line":67,"column":2},"end":{"line":67,"column":24}},"29":{"start":{"line":69,"column":2},"end":{"line":69,"column":14}},"30":{"start":{"line":74,"column":1},"end":{"line":82,"column":2}},"31":{"start":{"line":75,"column":19},"end":{"line":75,"column":38}},"32":{"start":{"line":76,"column":22},"end":{"line":78,"column":4}},"33":{"start":{"line":79,"column":2},"end":{"line":79,"column":24}},"34":{"start":{"line":81,"column":2},"end":{"line":81,"column":14}},"35":{"start":{"line":85,"column":0},"end":{"line":91,"column":2}}},"fnMap":{"0":{"name":"getAllUsers","decl":{"start":{"line":7,"column":15},"end":{"line":7,"column":26}},"loc":{"start":{"line":7,"column":43},"end":{"line":14,"column":1}},"line":7},"1":{"name":"getOneUser","decl":{"start":{"line":16,"column":15},"end":{"line":16,"column":25}},"loc":{"start":{"line":16,"column":42},"end":{"line":28,"column":1}},"line":16},"2":{"name":"(anonymous_2)","decl":{"start":{"line":20,"column":36},"end":{"line":20,"column":37}},"loc":{"start":{"line":20,"column":51},"end":{"line":24,"column":3}},"line":20},"3":{"name":"postOneUser","decl":{"start":{"line":30,"column":15},"end":{"line":30,"column":26}},"loc":{"start":{"line":30,"column":43},"end":{"line":52,"column":1}},"line":30},"4":{"name":"(anonymous_4)","decl":{"start":{"line":38,"column":16},"end":{"line":38,"column":17}},"loc":{"start":{"line":38,"column":30},"end":{"line":43,"column":4}},"line":38},"5":{"name":"putOneUser","decl":{"start":{"line":54,"column":15},"end":{"line":54,"column":25}},"loc":{"start":{"line":54,"column":42},"end":{"line":71,"column":1}},"line":54},"6":{"name":"deleteOneUser","decl":{"start":{"line":73,"column":15},"end":{"line":73,"column":28}},"loc":{"start":{"line":73,"column":45},"end":{"line":83,"column":1}},"line":73}},"branchMap":{"0":{"loc":{"start":{"line":36,"column":2},"end":{"line":48,"column":3}},"type":"if","locations":[{"start":{"line":36,"column":2},"end":{"line":48,"column":3}},{"start":{"line":36,"column":2},"end":{"line":48,"column":3}}],"line":36},"1":{"loc":{"start":{"line":39,"column":4},"end":{"line":41,"column":5}},"type":"if","locations":[{"start":{"line":39,"column":4},"end":{"line":41,"column":5}},{"start":{"line":39,"column":4},"end":{"line":41,"column":5}}],"line":39}},"s":{"0":0,"1":0,"2":0,"3":0,"4":0,"5":0,"6":0,"7":0,"8":0,"9":0,"10":0,"11":0,"12":0,"13":0,"14":0,"15":0,"16":0,"17":0,"18":0,"19":0,"20":0,"21":0,"22":0,"23":0,"24":0,"25":0,"26":0,"27":0,"28":0,"29":0,"30":0,"31":0,"32":0,"33":0,"34":0,"35":0},"f":{"0":0,"1":0,"2":0,"3":0,"4":0,"5":0,"6":0},"b":{"0":[0,0],"1":[0,0]},"all":true},"/Users/macbookpro/Desktop/Study/Projects/Node.js Projects/Test_Node.js_project/src/api/index.js":{"path":"/Users/macbookpro/Desktop/Study/Projects/Node.js Projects/Test_Node.js_project/src/api/index.js","statementMap":{"0":{"start":{"line":1,"column":16},"end":{"line":1,"column":34}},"1":{"start":{"line":2,"column":19},"end":{"line":2,"column":41}},"2":{"start":{"line":3,"column":17},"end":{"line":3,"column":45}},"3":{"start":{"line":4,"column":14},"end":{"line":4,"column":39}},"4":{"start":{"line":5,"column":15},"end":{"line":5,"column":41}},"5":{"start":{"line":6,"column":15},"end":{"line":6,"column":31}},"6":{"start":{"line":7,"column":0},"end":{"line":11,"column":3}},"7":{"start":{"line":8,"column":1},"end":{"line":10,"column":4}},"8":{"start":{"line":13,"column":0},"end":{"line":13,"column":30}},"9":{"start":{"line":14,"column":0},"end":{"line":14,"column":42}},"10":{"start":{"line":15,"column":0},"end":{"line":15,"column":28}},"11":{"start":{"line":16,"column":0},"end":{"line":16,"column":39}},"12":{"start":{"line":18,"column":0},"end":{"line":18,"column":24}}},"fnMap":{"0":{"name":"(anonymous_0)","decl":{"start":{"line":7,"column":16},"end":{"line":7,"column":17}},"loc":{"start":{"line":7,"column":30},"end":{"line":11,"column":1}},"line":7}},"branchMap":{},"s":{"0":0,"1":0,"2":0,"3":0,"4":0,"5":0,"6":0,"7":0,"8":0,"9":0,"10":0,"11":0,"12":0},"f":{"0":0},"b":{},"all":true},"/Users/macbookpro/Desktop/Study/Projects/Node.js Projects/Test_Node.js_project/src/api/models/Order.js":{"path":"/Users/macbookpro/Desktop/Study/Projects/Node.js Projects/Test_Node.js_project/src/api/models/Order.js","statementMap":{"0":{"start":{"line":1,"column":17},"end":{"line":1,"column":36}},"1":{"start":{"line":2,"column":0},"end":{"line":2,"column":27}},"2":{"start":{"line":4,"column":20},"end":{"line":26,"column":1}},"3":{"start":{"line":28,"column":13},"end":{"line":30,"column":1}},"4":{"start":{"line":31,"column":0},"end":{"line":31,"column":70}}},"fnMap":{},"branchMap":{},"s":{"0":0,"1":0,"2":0,"3":0,"4":0},"f":{},"b":{},"all":true},"/Users/macbookpro/Desktop/Study/Projects/Node.js Projects/Test_Node.js_project/src/api/models/Product.js":{"path":"/Users/macbookpro/Desktop/Study/Projects/Node.js Projects/Test_Node.js_project/src/api/models/Product.js","statementMap":{"0":{"start":{"line":1,"column":17},"end":{"line":1,"column":36}},"1":{"start":{"line":2,"column":0},"end":{"line":2,"column":27}},"2":{"start":{"line":4,"column":22},"end":{"line":14,"column":1}},"3":{"start":{"line":16,"column":13},"end":{"line":18,"column":1}},"4":{"start":{"line":19,"column":0},"end":{"line":19,"column":75}}},"fnMap":{},"branchMap":{},"s":{"0":0,"1":0,"2":0,"3":0,"4":0},"f":{},"b":{},"all":true},"/Users/macbookpro/Desktop/Study/Projects/Node.js Projects/Test_Node.js_project/src/api/models/User.js":{"path":"/Users/macbookpro/Desktop/Study/Projects/Node.js Projects/Test_Node.js_project/src/api/models/User.js","statementMap":{"0":{"start":{"line":1,"column":17},"end":{"line":1,"column":36}},"1":{"start":{"line":2,"column":0},"end":{"line":2,"column":27}},"2":{"start":{"line":4,"column":19},"end":{"line":26,"column":1}},"3":{"start":{"line":28,"column":13},"end":{"line":30,"column":1}},"4":{"start":{"line":31,"column":0},"end":{"line":31,"column":58}}},"fnMap":{},"branchMap":{},"s":{"0":0,"1":0,"2":0,"3":0,"4":0},"f":{},"b":{},"all":true},"/Users/macbookpro/Desktop/Study/Projects/Node.js Projects/Test_Node.js_project/src/api/routes/classes.js":{"path":"/Users/macbookpro/Desktop/Study/Projects/Node.js Projects/Test_Node.js_project/src/api/routes/classes.js","statementMap":{"0":{"start":{"line":10,"column":2},"end":{"line":10,"column":22}},"1":{"start":{"line":11,"column":2},"end":{"line":11,"column":19}},"2":{"start":{"line":12,"column":2},"end":{"line":12,"column":33}},"3":{"start":{"line":13,"column":2},"end":{"line":13,"column":31}},"4":{"start":{"line":14,"column":2},"end":{"line":14,"column":35}},"5":{"start":{"line":15,"column":2},"end":{"line":15,"column":29}},"6":{"start":{"line":16,"column":2},"end":{"line":16,"column":20}},"7":{"start":{"line":17,"column":2},"end":{"line":17,"column":13}},"8":{"start":{"line":20,"column":2},"end":{"line":22,"column":5}},"9":{"start":{"line":26,"column":2},"end":{"line":91,"column":3}},"10":{"start":{"line":27,"column":3},"end":{"line":29,"column":6}},"11":{"start":{"line":28,"column":4},"end":{"line":28,"column":40}},"12":{"start":{"line":30,"column":3},"end":{"line":41,"column":4}},"13":{"start":{"line":31,"column":4},"end":{"line":40,"column":5}},"14":{"start":{"line":31,"column":17},"end":{"line":31,"column":18}},"15":{"start":{"line":32,"column":5},"end":{"line":39,"column":6}},"16":{"start":{"line":38,"column":6},"end":{"line":38,"column":61}},"17":{"start":{"line":42,"column":3},"end":{"line":42,"column":23}},"18":{"start":{"line":43,"column":9},"end":{"line":91,"column":3}},"19":{"start":{"line":47,"column":3},"end":{"line":49,"column":6}},"20":{"start":{"line":48,"column":4},"end":{"line":48,"column":28}},"21":{"start":{"line":50,"column":3},"end":{"line":54,"column":4}},"22":{"start":{"line":51,"column":4},"end":{"line":53,"column":5}},"23":{"start":{"line":52,"column":5},"end":{"line":52,"column":60}},"24":{"start":{"line":55,"column":9},"end":{"line":91,"column":3}},"25":{"start":{"line":56,"column":3},"end":{"line":62,"column":6}},"26":{"start":{"line":57,"column":4},"end":{"line":61,"column":5}},"27":{"start":{"line":58,"column":5},"end":{"line":58,"column":17}},"28":{"start":{"line":60,"column":5},"end":{"line":60,"column":18}},"29":{"start":{"line":63,"column":3},"end":{"line":63,"column":23}},"30":{"start":{"line":64,"column":9},"end":{"line":91,"column":3}},"31":{"start":{"line":65,"column":3},"end":{"line":71,"column":6}},"32":{"start":{"line":66,"column":4},"end":{"line":70,"column":5}},"33":{"start":{"line":67,"column":5},"end":{"line":67,"column":17}},"34":{"start":{"line":69,"column":5},"end":{"line":69,"column":18}},"35":{"start":{"line":72,"column":3},"end":{"line":72,"column":23}},"36":{"start":{"line":73,"column":9},"end":{"line":91,"column":3}},"37":{"start":{"line":74,"column":3},"end":{"line":87,"column":6}},"38":{"start":{"line":75,"column":4},"end":{"line":86,"column":5}},"39":{"start":{"line":83,"column":5},"end":{"line":83,"column":17}},"40":{"start":{"line":85,"column":5},"end":{"line":85,"column":18}},"41":{"start":{"line":88,"column":3},"end":{"line":88,"column":23}},"42":{"start":{"line":89,"column":9},"end":{"line":91,"column":3}},"43":{"start":{"line":90,"column":3},"end":{"line":90,"column":37}},"44":{"start":{"line":95,"column":2},"end":{"line":95,"column":17}},"45":{"start":{"line":96,"column":2},"end":{"line":118,"column":3}},"46":{"start":{"line":97,"column":3},"end":{"line":103,"column":7}},"47":{"start":{"line":98,"column":4},"end":{"line":102,"column":5}},"48":{"start":{"line":99,"column":5},"end":{"line":99,"column":15}},"49":{"start":{"line":100,"column":11},"end":{"line":102,"column":5}},"50":{"start":{"line":101,"column":5},"end":{"line":101,"column":14}},"51":{"start":{"line":104,"column":9},"end":{"line":118,"column":3}},"52":{"start":{"line":105,"column":3},"end":{"line":111,"column":7}},"53":{"start":{"line":106,"column":4},"end":{"line":110,"column":5}},"54":{"start":{"line":107,"column":5},"end":{"line":107,"column":14}},"55":{"start":{"line":108,"column":11},"end":{"line":110,"column":5}},"56":{"start":{"line":109,"column":5},"end":{"line":109,"column":15}},"57":{"start":{"line":112,"column":9},"end":{"line":118,"column":3}},"58":{"start":{"line":113,"column":3},"end":{"line":115,"column":6}},"59":{"start":{"line":117,"column":3},"end":{"line":117,"column":19}},"60":{"start":{"line":122,"column":2},"end":{"line":122,"column":33}},"61":{"start":{"line":126,"column":2},"end":{"line":128,"column":5}},"62":{"start":{"line":132,"column":2},"end":{"line":158,"column":3}},"63":{"start":{"line":133,"column":3},"end":{"line":133,"column":30}},"64":{"start":{"line":134,"column":9},"end":{"line":158,"column":3}},"65":{"start":{"line":135,"column":3},"end":{"line":135,"column":29}},"66":{"start":{"line":136,"column":9},"end":{"line":158,"column":3}},"67":{"start":{"line":137,"column":3},"end":{"line":137,"column":31}},"68":{"start":{"line":138,"column":9},"end":{"line":158,"column":3}},"69":{"start":{"line":139,"column":3},"end":{"line":139,"column":32}},"70":{"start":{"line":140,"column":9},"end":{"line":158,"column":3}},"71":{"start":{"line":144,"column":3},"end":{"line":144,"column":50}},"72":{"start":{"line":145,"column":3},"end":{"line":150,"column":4}},"73":{"start":{"line":146,"column":4},"end":{"line":146,"column":28}},"74":{"start":{"line":148,"column":4},"end":{"line":148,"column":45}},"75":{"start":{"line":149,"column":4},"end":{"line":149,"column":51}},"76":{"start":{"line":151,"column":9},"end":{"line":158,"column":3}},"77":{"start":{"line":157,"column":3},"end":{"line":157,"column":34}},"78":{"start":{"line":164,"column":2},"end":{"line":164,"column":19}},"79":{"start":{"line":165,"column":2},"end":{"line":165,"column":35}},"80":{"start":{"line":166,"column":2},"end":{"line":166,"column":31}},"81":{"start":{"line":167,"column":2},"end":{"line":167,"column":27}},"82":{"start":{"line":171,"column":2},"end":{"line":173,"column":5}},"83":{"start":{"line":177,"column":2},"end":{"line":177,"column":24}},"84":{"start":{"line":178,"column":2},"end":{"line":201,"column":3}},"85":{"start":{"line":179,"column":3},"end":{"line":200,"column":4}},"86":{"start":{"line":180,"column":4},"end":{"line":182,"column":7}},"87":{"start":{"line":183,"column":4},"end":{"line":199,"column":5}},"88":{"start":{"line":183,"column":17},"end":{"line":183,"column":18}},"89":{"start":{"line":184,"column":5},"end":{"line":198,"column":6}},"90":{"start":{"line":185,"column":6},"end":{"line":191,"column":9}},"91":{"start":{"line":193,"column":6},"end":{"line":197,"column":9}},"92":{"start":{"line":204,"column":2},"end":{"line":204,"column":26}},"93":{"start":{"line":207,"column":2},"end":{"line":207,"column":53}},"94":{"start":{"line":208,"column":2},"end":{"line":208,"column":24}},"95":{"start":{"line":209,"column":2},"end":{"line":209,"column":22}},"96":{"start":{"line":210,"column":2},"end":{"line":240,"column":3}},"97":{"start":{"line":211,"column":3},"end":{"line":239,"column":4}},"98":{"start":{"line":212,"column":4},"end":{"line":214,"column":7}},"99":{"start":{"line":215,"column":10},"end":{"line":239,"column":4}},"100":{"start":{"line":216,"column":4},"end":{"line":218,"column":7}},"101":{"start":{"line":219,"column":4},"end":{"line":220,"column":72}},"102":{"start":{"line":222,"column":4},"end":{"line":237,"column":6}},"103":{"start":{"line":230,"column":6},"end":{"line":235,"column":7}},"104":{"start":{"line":234,"column":7},"end":{"line":234,"column":49}},"105":{"start":{"line":243,"column":2},"end":{"line":243,"column":32}},"106":{"start":{"line":244,"column":2},"end":{"line":274,"column":3}},"107":{"start":{"line":245,"column":3},"end":{"line":245,"column":50}},"108":{"start":{"line":246,"column":3},"end":{"line":258,"column":4}},"109":{"start":{"line":247,"column":4},"end":{"line":247,"column":23}},"110":{"start":{"line":248,"column":4},"end":{"line":257,"column":5}},"111":{"start":{"line":249,"column":5},"end":{"line":251,"column":8}},"112":{"start":{"line":252,"column":5},"end":{"line":252,"column":61}},"113":{"start":{"line":253,"column":5},"end":{"line":253,"column":55}},"114":{"start":{"line":255,"column":5},"end":{"line":255,"column":51}},"115":{"start":{"line":256,"column":5},"end":{"line":256,"column":25}},"116":{"start":{"line":259,"column":3},"end":{"line":259,"column":64}},"117":{"start":{"line":261,"column":3},"end":{"line":266,"column":6}},"118":{"start":{"line":262,"column":4},"end":{"line":264,"column":5}},"119":{"start":{"line":263,"column":5},"end":{"line":263,"column":22}},"120":{"start":{"line":265,"column":4},"end":{"line":265,"column":46}},"121":{"start":{"line":267,"column":9},"end":{"line":274,"column":3}},"122":{"start":{"line":268,"column":3},"end":{"line":268,"column":21}},"123":{"start":{"line":269,"column":3},"end":{"line":272,"column":6}},"124":{"start":{"line":270,"column":4},"end":{"line":271,"column":21}},"125":{"start":{"line":273,"column":3},"end":{"line":273,"column":48}},"126":{"start":{"line":275,"column":2},"end":{"line":275,"column":33}},"127":{"start":{"line":279,"column":2},"end":{"line":293,"column":3}},"128":{"start":{"line":280,"column":3},"end":{"line":292,"column":4}},"129":{"start":{"line":281,"column":4},"end":{"line":283,"column":7}},"130":{"start":{"line":284,"column":4},"end":{"line":291,"column":6}},"131":{"start":{"line":299,"column":2},"end":{"line":299,"column":19}},"132":{"start":{"line":300,"column":2},"end":{"line":300,"column":29}},"133":{"start":{"line":301,"column":2},"end":{"line":301,"column":31}},"134":{"start":{"line":302,"column":2},"end":{"line":302,"column":27}},"135":{"start":{"line":306,"column":2},"end":{"line":306,"column":21}},"136":{"start":{"line":308,"column":2},"end":{"line":322,"column":3}},"137":{"start":{"line":309,"column":3},"end":{"line":321,"column":4}},"138":{"start":{"line":310,"column":4},"end":{"line":315,"column":7}},"139":{"start":{"line":317,"column":4},"end":{"line":320,"column":7}},"140":{"start":{"line":323,"column":2},"end":{"line":323,"column":23}},"141":{"start":{"line":327,"column":2},"end":{"line":327,"column":42}},"142":{"start":{"line":328,"column":2},"end":{"line":328,"column":20}},"143":{"start":{"line":329,"column":2},"end":{"line":335,"column":3}},"144":{"start":{"line":330,"column":3},"end":{"line":334,"column":4}},"145":{"start":{"line":331,"column":4},"end":{"line":333,"column":37}},"146":{"start":{"line":336,"column":2},"end":{"line":336,"column":22}},"147":{"start":{"line":340,"column":2},"end":{"line":342,"column":5}},"148":{"start":{"line":341,"column":3},"end":{"line":341,"column":27}},"149":{"start":{"line":343,"column":2},"end":{"line":361,"column":5}},"150":{"start":{"line":344,"column":3},"end":{"line":346,"column":6}},"151":{"start":{"line":347,"column":3},"end":{"line":352,"column":6}},"152":{"start":{"line":353,"column":3},"end":{"line":360,"column":5}},"153":{"start":{"line":365,"column":2},"end":{"line":367,"column":5}},"154":{"start":{"line":366,"column":3},"end":{"line":366,"column":27}},"155":{"start":{"line":368,"column":2},"end":{"line":372,"column":5}},"156":{"start":{"line":369,"column":3},"end":{"line":371,"column":6}},"157":{"start":{"line":373,"column":2},"end":{"line":373,"column":61}},"158":{"start":{"line":374,"column":2},"end":{"line":376,"column":5}},"159":{"start":{"line":375,"column":3},"end":{"line":375,"column":25}},"160":{"start":{"line":378,"column":2},"end":{"line":391,"column":3}},"161":{"start":{"line":379,"column":3},"end":{"line":381,"column":6}},"162":{"start":{"line":380,"column":4},"end":{"line":380,"column":52}},"163":{"start":{"line":382,"column":3},"end":{"line":390,"column":5}},"164":{"start":{"line":395,"column":0},"end":{"line":395,"column":78}}},"fnMap":{"0":{"name":"(anonymous_0)","decl":{"start":{"line":2,"column":1},"end":{"line":2,"column":2}},"loc":{"start":{"line":9,"column":3},"end":{"line":18,"column":2}},"line":9},"1":{"name":"(anonymous_1)","decl":{"start":{"line":19,"column":1},"end":{"line":19,"column":2}},"loc":{"start":{"line":19,"column":28},"end":{"line":23,"column":2}},"line":19},"2":{"name":"(anonymous_2)","decl":{"start":{"line":25,"column":1},"end":{"line":25,"column":2}},"loc":{"start":{"line":25,"column":21},"end":{"line":92,"column":2}},"line":25},"3":{"name":"(anonymous_3)","decl":{"start":{"line":27,"column":36},"end":{"line":27,"column":37}},"loc":{"start":{"line":27,"column":46},"end":{"line":29,"column":4}},"line":27},"4":{"name":"(anonymous_4)","decl":{"start":{"line":47,"column":36},"end":{"line":47,"column":37}},"loc":{"start":{"line":47,"column":46},"end":{"line":49,"column":4}},"line":47},"5":{"name":"(anonymous_5)","decl":{"start":{"line":56,"column":35},"end":{"line":56,"column":36}},"loc":{"start":{"line":56,"column":45},"end":{"line":62,"column":4}},"line":56},"6":{"name":"(anonymous_6)","decl":{"start":{"line":65,"column":35},"end":{"line":65,"column":36}},"loc":{"start":{"line":65,"column":45},"end":{"line":71,"column":4}},"line":65},"7":{"name":"(anonymous_7)","decl":{"start":{"line":74,"column":35},"end":{"line":74,"column":36}},"loc":{"start":{"line":74,"column":45},"end":{"line":87,"column":4}},"line":74},"8":{"name":"(anonymous_8)","decl":{"start":{"line":94,"column":1},"end":{"line":94,"column":2}},"loc":{"start":{"line":94,"column":21},"end":{"line":119,"column":2}},"line":94},"9":{"name":"(anonymous_9)","decl":{"start":{"line":97,"column":36},"end":{"line":97,"column":37}},"loc":{"start":{"line":97,"column":46},"end":{"line":103,"column":4}},"line":97},"10":{"name":"(anonymous_10)","decl":{"start":{"line":105,"column":36},"end":{"line":105,"column":37}},"loc":{"start":{"line":105,"column":46},"end":{"line":111,"column":4}},"line":105},"11":{"name":"(anonymous_11)","decl":{"start":{"line":121,"column":1},"end":{"line":121,"column":2}},"loc":{"start":{"line":121,"column":27},"end":{"line":123,"column":2}},"line":121},"12":{"name":"(anonymous_12)","decl":{"start":{"line":125,"column":1},"end":{"line":125,"column":2}},"loc":{"start":{"line":125,"column":20},"end":{"line":129,"column":2}},"line":125},"13":{"name":"(anonymous_13)","decl":{"start":{"line":131,"column":1},"end":{"line":131,"column":2}},"loc":{"start":{"line":131,"column":28},"end":{"line":159,"column":2}},"line":131},"14":{"name":"(anonymous_14)","decl":{"start":{"line":163,"column":1},"end":{"line":163,"column":2}},"loc":{"start":{"line":163,"column":55},"end":{"line":168,"column":2}},"line":163},"15":{"name":"(anonymous_15)","decl":{"start":{"line":170,"column":1},"end":{"line":170,"column":2}},"loc":{"start":{"line":170,"column":26},"end":{"line":174,"column":2}},"line":170},"16":{"name":"(anonymous_16)","decl":{"start":{"line":176,"column":1},"end":{"line":176,"column":2}},"loc":{"start":{"line":176,"column":20},"end":{"line":205,"column":2}},"line":176},"17":{"name":"(anonymous_17)","decl":{"start":{"line":206,"column":1},"end":{"line":206,"column":2}},"loc":{"start":{"line":206,"column":23},"end":{"line":241,"column":2}},"line":206},"18":{"name":"(anonymous_18)","decl":{"start":{"line":229,"column":5},"end":{"line":229,"column":6}},"loc":{"start":{"line":229,"column":20},"end":{"line":236,"column":6}},"line":229},"19":{"name":"(anonymous_19)","decl":{"start":{"line":242,"column":1},"end":{"line":242,"column":2}},"loc":{"start":{"line":242,"column":24},"end":{"line":276,"column":2}},"line":242},"20":{"name":"(anonymous_20)","decl":{"start":{"line":261,"column":22},"end":{"line":261,"column":23}},"loc":{"start":{"line":261,"column":42},"end":{"line":266,"column":4}},"line":261},"21":{"name":"(anonymous_21)","decl":{"start":{"line":269,"column":24},"end":{"line":269,"column":25}},"loc":{"start":{"line":269,"column":34},"end":{"line":272,"column":4}},"line":269},"22":{"name":"(anonymous_22)","decl":{"start":{"line":278,"column":1},"end":{"line":278,"column":2}},"loc":{"start":{"line":278,"column":27},"end":{"line":294,"column":2}},"line":278},"23":{"name":"(anonymous_23)","decl":{"start":{"line":298,"column":1},"end":{"line":298,"column":2}},"loc":{"start":{"line":298,"column":52},"end":{"line":303,"column":2}},"line":298},"24":{"name":"(anonymous_24)","decl":{"start":{"line":305,"column":1},"end":{"line":305,"column":2}},"loc":{"start":{"line":305,"column":18},"end":{"line":324,"column":2}},"line":305},"25":{"name":"(anonymous_25)","decl":{"start":{"line":326,"column":1},"end":{"line":326,"column":2}},"loc":{"start":{"line":326,"column":25},"end":{"line":337,"column":2}},"line":326},"26":{"name":"(anonymous_26)","decl":{"start":{"line":339,"column":1},"end":{"line":339,"column":2}},"loc":{"start":{"line":339,"column":32},"end":{"line":362,"column":2}},"line":339},"27":{"name":"(anonymous_27)","decl":{"start":{"line":340,"column":38},"end":{"line":340,"column":39}},"loc":{"start":{"line":340,"column":48},"end":{"line":342,"column":3}},"line":340},"28":{"name":"(anonymous_28)","decl":{"start":{"line":343,"column":17},"end":{"line":343,"column":18}},"loc":{"start":{"line":343,"column":33},"end":{"line":361,"column":3}},"line":343},"29":{"name":"(anonymous_29)","decl":{"start":{"line":364,"column":1},"end":{"line":364,"column":2}},"loc":{"start":{"line":364,"column":32},"end":{"line":392,"column":2}},"line":364},"30":{"name":"(anonymous_30)","decl":{"start":{"line":365,"column":38},"end":{"line":365,"column":39}},"loc":{"start":{"line":365,"column":48},"end":{"line":367,"column":3}},"line":365},"31":{"name":"(anonymous_31)","decl":{"start":{"line":368,"column":38},"end":{"line":368,"column":39}},"loc":{"start":{"line":368,"column":54},"end":{"line":372,"column":3}},"line":368},"32":{"name":"(anonymous_32)","decl":{"start":{"line":374,"column":47},"end":{"line":374,"column":48}},"loc":{"start":{"line":374,"column":57},"end":{"line":376,"column":3}},"line":374},"33":{"name":"(anonymous_33)","decl":{"start":{"line":379,"column":42},"end":{"line":379,"column":43}},"loc":{"start":{"line":379,"column":52},"end":{"line":381,"column":4}},"line":379}},"branchMap":{"0":{"loc":{"start":{"line":26,"column":2},"end":{"line":91,"column":3}},"type":"if","locations":[{"start":{"line":26,"column":2},"end":{"line":91,"column":3}},{"start":{"line":26,"column":2},"end":{"line":91,"column":3}}],"line":26},"1":{"loc":{"start":{"line":32,"column":5},"end":{"line":39,"column":6}},"type":"if","locations":[{"start":{"line":32,"column":5},"end":{"line":39,"column":6}},{"start":{"line":32,"column":5},"end":{"line":39,"column":6}}],"line":32},"2":{"loc":{"start":{"line":43,"column":9},"end":{"line":91,"column":3}},"type":"if","locations":[{"start":{"line":43,"column":9},"end":{"line":91,"column":3}},{"start":{"line":43,"column":9},"end":{"line":91,"column":3}}],"line":43},"3":{"loc":{"start":{"line":44,"column":3},"end":{"line":45,"column":33}},"type":"binary-expr","locations":[{"start":{"line":44,"column":3},"end":{"line":44,"column":33}},{"start":{"line":45,"column":3},"end":{"line":45,"column":33}}],"line":44},"4":{"loc":{"start":{"line":51,"column":4},"end":{"line":53,"column":5}},"type":"if","locations":[{"start":{"line":51,"column":4},"end":{"line":53,"column":5}},{"start":{"line":51,"column":4},"end":{"line":53,"column":5}}],"line":51},"5":{"loc":{"start":{"line":55,"column":9},"end":{"line":91,"column":3}},"type":"if","locations":[{"start":{"line":55,"column":9},"end":{"line":91,"column":3}},{"start":{"line":55,"column":9},"end":{"line":91,"column":3}}],"line":55},"6":{"loc":{"start":{"line":57,"column":4},"end":{"line":61,"column":5}},"type":"if","locations":[{"start":{"line":57,"column":4},"end":{"line":61,"column":5}},{"start":{"line":57,"column":4},"end":{"line":61,"column":5}}],"line":57},"7":{"loc":{"start":{"line":64,"column":9},"end":{"line":91,"column":3}},"type":"if","locations":[{"start":{"line":64,"column":9},"end":{"line":91,"column":3}},{"start":{"line":64,"column":9},"end":{"line":91,"column":3}}],"line":64},"8":{"loc":{"start":{"line":64,"column":13},"end":{"line":64,"column":71}},"type":"binary-expr","locations":[{"start":{"line":64,"column":13},"end":{"line":64,"column":38}},{"start":{"line":64,"column":42},"end":{"line":64,"column":71}}],"line":64},"9":{"loc":{"start":{"line":66,"column":4},"end":{"line":70,"column":5}},"type":"if","locations":[{"start":{"line":66,"column":4},"end":{"line":70,"column":5}},{"start":{"line":66,"column":4},"end":{"line":70,"column":5}}],"line":66},"10":{"loc":{"start":{"line":73,"column":9},"end":{"line":91,"column":3}},"type":"if","locations":[{"start":{"line":73,"column":9},"end":{"line":91,"column":3}},{"start":{"line":73,"column":9},"end":{"line":91,"column":3}}],"line":73},"11":{"loc":{"start":{"line":75,"column":4},"end":{"line":86,"column":5}},"type":"if","locations":[{"start":{"line":75,"column":4},"end":{"line":86,"column":5}},{"start":{"line":75,"column":4},"end":{"line":86,"column":5}}],"line":75},"12":{"loc":{"start":{"line":76,"column":5},"end":{"line":81,"column":44}},"type":"binary-expr","locations":[{"start":{"line":76,"column":5},"end":{"line":77,"column":48}},{"start":{"line":78,"column":5},"end":{"line":79,"column":45}},{"start":{"line":80,"column":5},"end":{"line":81,"column":44}}],"line":76},"13":{"loc":{"start":{"line":89,"column":9},"end":{"line":91,"column":3}},"type":"if","locations":[{"start":{"line":89,"column":9},"end":{"line":91,"column":3}},{"start":{"line":89,"column":9},"end":{"line":91,"column":3}}],"line":89},"14":{"loc":{"start":{"line":89,"column":13},"end":{"line":89,"column":74}},"type":"binary-expr","locations":[{"start":{"line":89,"column":13},"end":{"line":89,"column":42}},{"start":{"line":89,"column":46},"end":{"line":89,"column":74}}],"line":89},"15":{"loc":{"start":{"line":96,"column":2},"end":{"line":118,"column":3}},"type":"if","locations":[{"start":{"line":96,"column":2},"end":{"line":118,"column":3}},{"start":{"line":96,"column":2},"end":{"line":118,"column":3}}],"line":96},"16":{"loc":{"start":{"line":96,"column":6},"end":{"line":96,"column":59}},"type":"binary-expr","locations":[{"start":{"line":96,"column":6},"end":{"line":96,"column":36}},{"start":{"line":96,"column":40},"end":{"line":96,"column":59}}],"line":96},"17":{"loc":{"start":{"line":98,"column":4},"end":{"line":102,"column":5}},"type":"if","locations":[{"start":{"line":98,"column":4},"end":{"line":102,"column":5}},{"start":{"line":98,"column":4},"end":{"line":102,"column":5}}],"line":98},"18":{"loc":{"start":{"line":100,"column":11},"end":{"line":102,"column":5}},"type":"if","locations":[{"start":{"line":100,"column":11},"end":{"line":102,"column":5}},{"start":{"line":100,"column":11},"end":{"line":102,"column":5}}],"line":100},"19":{"loc":{"start":{"line":104,"column":9},"end":{"line":118,"column":3}},"type":"if","locations":[{"start":{"line":104,"column":9},"end":{"line":118,"column":3}},{"start":{"line":104,"column":9},"end":{"line":118,"column":3}}],"line":104},"20":{"loc":{"start":{"line":104,"column":13},"end":{"line":104,"column":66}},"type":"binary-expr","locations":[{"start":{"line":104,"column":13},"end":{"line":104,"column":43}},{"start":{"line":104,"column":47},"end":{"line":104,"column":66}}],"line":104},"21":{"loc":{"start":{"line":106,"column":4},"end":{"line":110,"column":5}},"type":"if","locations":[{"start":{"line":106,"column":4},"end":{"line":110,"column":5}},{"start":{"line":106,"column":4},"end":{"line":110,"column":5}}],"line":106},"22":{"loc":{"start":{"line":108,"column":11},"end":{"line":110,"column":5}},"type":"if","locations":[{"start":{"line":108,"column":11},"end":{"line":110,"column":5}},{"start":{"line":108,"column":11},"end":{"line":110,"column":5}}],"line":108},"23":{"loc":{"start":{"line":112,"column":9},"end":{"line":118,"column":3}},"type":"if","locations":[{"start":{"line":112,"column":9},"end":{"line":118,"column":3}},{"start":{"line":112,"column":9},"end":{"line":118,"column":3}}],"line":112},"24":{"loc":{"start":{"line":132,"column":2},"end":{"line":158,"column":3}},"type":"if","locations":[{"start":{"line":132,"column":2},"end":{"line":158,"column":3}},{"start":{"line":132,"column":2},"end":{"line":158,"column":3}}],"line":132},"25":{"loc":{"start":{"line":132,"column":6},"end":{"line":132,"column":54}},"type":"binary-expr","locations":[{"start":{"line":132,"column":6},"end":{"line":132,"column":22}},{"start":{"line":132,"column":26},"end":{"line":132,"column":54}}],"line":132},"26":{"loc":{"start":{"line":134,"column":9},"end":{"line":158,"column":3}},"type":"if","locations":[{"start":{"line":134,"column":9},"end":{"line":158,"column":3}},{"start":{"line":134,"column":9},"end":{"line":158,"column":3}}],"line":134},"27":{"loc":{"start":{"line":134,"column":13},"end":{"line":134,"column":61}},"type":"binary-expr","locations":[{"start":{"line":134,"column":13},"end":{"line":134,"column":30}},{"start":{"line":134,"column":34},"end":{"line":134,"column":61}}],"line":134},"28":{"loc":{"start":{"line":136,"column":9},"end":{"line":158,"column":3}},"type":"if","locations":[{"start":{"line":136,"column":9},"end":{"line":158,"column":3}},{"start":{"line":136,"column":9},"end":{"line":158,"column":3}}],"line":136},"29":{"loc":{"start":{"line":136,"column":13},"end":{"line":136,"column":61}},"type":"binary-expr","locations":[{"start":{"line":136,"column":13},"end":{"line":136,"column":42}},{"start":{"line":136,"column":46},"end":{"line":136,"column":61}}],"line":136},"30":{"loc":{"start":{"line":138,"column":9},"end":{"line":158,"column":3}},"type":"if","locations":[{"start":{"line":138,"column":9},"end":{"line":158,"column":3}},{"start":{"line":138,"column":9},"end":{"line":158,"column":3}}],"line":138},"31":{"loc":{"start":{"line":138,"column":13},"end":{"line":138,"column":61}},"type":"binary-expr","locations":[{"start":{"line":138,"column":13},"end":{"line":138,"column":43}},{"start":{"line":138,"column":47},"end":{"line":138,"column":61}}],"line":138},"32":{"loc":{"start":{"line":140,"column":9},"end":{"line":158,"column":3}},"type":"if","locations":[{"start":{"line":140,"column":9},"end":{"line":158,"column":3}},{"start":{"line":140,"column":9},"end":{"line":158,"column":3}}],"line":140},"33":{"loc":{"start":{"line":141,"column":3},"end":{"line":142,"column":40}},"type":"binary-expr","locations":[{"start":{"line":141,"column":4},"end":{"line":141,"column":20}},{"start":{"line":141,"column":24},"end":{"line":141,"column":39}},{"start":{"line":142,"column":4},"end":{"line":142,"column":21}},{"start":{"line":142,"column":25},"end":{"line":142,"column":39}}],"line":141},"34":{"loc":{"start":{"line":145,"column":3},"end":{"line":150,"column":4}},"type":"if","locations":[{"start":{"line":145,"column":3},"end":{"line":150,"column":4}},{"start":{"line":145,"column":3},"end":{"line":150,"column":4}}],"line":145},"35":{"loc":{"start":{"line":151,"column":9},"end":{"line":158,"column":3}},"type":"if","locations":[{"start":{"line":151,"column":9},"end":{"line":158,"column":3}},{"start":{"line":151,"column":9},"end":{"line":158,"column":3}}],"line":151},"36":{"loc":{"start":{"line":152,"column":3},"end":{"line":155,"column":30}},"type":"binary-expr","locations":[{"start":{"line":152,"column":3},"end":{"line":152,"column":32}},{"start":{"line":153,"column":3},"end":{"line":153,"column":31}},{"start":{"line":154,"column":3},"end":{"line":154,"column":33}},{"start":{"line":155,"column":3},"end":{"line":155,"column":30}}],"line":152},"37":{"loc":{"start":{"line":184,"column":5},"end":{"line":198,"column":6}},"type":"if","locations":[{"start":{"line":184,"column":5},"end":{"line":198,"column":6}},{"start":{"line":184,"column":5},"end":{"line":198,"column":6}}],"line":184},"38":{"loc":{"start":{"line":211,"column":3},"end":{"line":239,"column":4}},"type":"if","locations":[{"start":{"line":211,"column":3},"end":{"line":239,"column":4}},{"start":{"line":211,"column":3},"end":{"line":239,"column":4}}],"line":211},"39":{"loc":{"start":{"line":215,"column":10},"end":{"line":239,"column":4}},"type":"if","locations":[{"start":{"line":215,"column":10},"end":{"line":239,"column":4}},{"start":{"line":215,"column":10},"end":{"line":239,"column":4}}],"line":215},"40":{"loc":{"start":{"line":230,"column":6},"end":{"line":235,"column":7}},"type":"if","locations":[{"start":{"line":230,"column":6},"end":{"line":235,"column":7}},{"start":{"line":230,"column":6},"end":{"line":235,"column":7}}],"line":230},"41":{"loc":{"start":{"line":244,"column":2},"end":{"line":274,"column":3}},"type":"if","locations":[{"start":{"line":244,"column":2},"end":{"line":274,"column":3}},{"start":{"line":244,"column":2},"end":{"line":274,"column":3}}],"line":244},"42":{"loc":{"start":{"line":262,"column":4},"end":{"line":264,"column":5}},"type":"if","locations":[{"start":{"line":262,"column":4},"end":{"line":264,"column":5}},{"start":{"line":262,"column":4},"end":{"line":264,"column":5}}],"line":262},"43":{"loc":{"start":{"line":267,"column":9},"end":{"line":274,"column":3}},"type":"if","locations":[{"start":{"line":267,"column":9},"end":{"line":274,"column":3}},{"start":{"line":267,"column":9},"end":{"line":274,"column":3}}],"line":267},"44":{"loc":{"start":{"line":330,"column":3},"end":{"line":334,"column":4}},"type":"if","locations":[{"start":{"line":330,"column":3},"end":{"line":334,"column":4}},{"start":{"line":330,"column":3},"end":{"line":334,"column":4}}],"line":330}},"s":{"0":0,"1":0,"2":0,"3":0,"4":0,"5":0,"6":0,"7":0,"8":0,"9":0,"10":0,"11":0,"12":0,"13":0,"14":0,"15":0,"16":0,"17":0,"18":0,"19":0,"20":0,"21":0,"22":0,"23":0,"24":0,"25":0,"26":0,"27":0,"28":0,"29":0,"30":0,"31":0,"32":0,"33":0,"34":0,"35":0,"36":0,"37":0,"38":0,"39":0,"40":0,"41":0,"42":0,"43":0,"44":0,"45":0,"46":0,"47":0,"48":0,"49":0,"50":0,"51":0,"52":0,"53":0,"54":0,"55":0,"56":0,"57":0,"58":0,"59":0,"60":0,"61":0,"62":0,"63":0,"64":0,"65":0,"66":0,"67":0,"68":0,"69":0,"70":0,"71":0,"72":0,"73":0,"74":0,"75":0,"76":0,"77":0,"78":0,"79":0,"80":0,"81":0,"82":0,"83":0,"84":0,"85":0,"86":0,"87":0,"88":0,"89":0,"90":0,"91":0,"92":0,"93":0,"94":0,"95":0,"96":0,"97":0,"98":0,"99":0,"100":0,"101":0,"102":0,"103":0,"104":0,"105":0,"106":0,"107":0,"108":0,"109":0,"110":0,"111":0,"112":0,"113":0,"114":0,"115":0,"116":0,"117":0,"118":0,"119":0,"120":0,"121":0,"122":0,"123":0,"124":0,"125":0,"126":0,"127":0,"128":0,"129":0,"130":0,"131":0,"132":0,"133":0,"134":0,"135":0,"136":0,"137":0,"138":0,"139":0,"140":0,"141":0,"142":0,"143":0,"144":0,"145":0,"146":0,"147":0,"148":0,"149":0,"150":0,"151":0,"152":0,"153":0,"154":0,"155":0,"156":0,"157":0,"158":0,"159":0,"160":0,"161":0,"162":0,"163":0,"164":0},"f":{"0":0,"1":0,"2":0,"3":0,"4":0,"5":0,"6":0,"7":0,"8":0,"9":0,"10":0,"11":0,"12":0,"13":0,"14":0,"15":0,"16":0,"17":0,"18":0,"19":0,"20":0,"21":0,"22":0,"23":0,"24":0,"25":0,"26":0,"27":0,"28":0,"29":0,"30":0,"31":0,"32":0,"33":0},"b":{"0":[0,0],"1":[0,0],"2":[0,0],"3":[0,0],"4":[0,0],"5":[0,0],"6":[0,0],"7":[0,0],"8":[0,0],"9":[0,0],"10":[0,0],"11":[0,0],"12":[0,0,0],"13":[0,0],"14":[0,0],"15":[0,0],"16":[0,0],"17":[0,0],"18":[0,0],"19":[0,0],"20":[0,0],"21":[0,0],"22":[0,0],"23":[0,0],"24":[0,0],"25":[0,0],"26":[0,0],"27":[0,0],"28":[0,0],"29":[0,0],"30":[0,0],"31":[0,0],"32":[0,0],"33":[0,0,0,0],"34":[0,0],"35":[0,0],"36":[0,0,0,0],"37":[0,0],"38":[0,0],"39":[0,0],"40":[0,0],"41":[0,0],"42":[0,0],"43":[0,0],"44":[0,0]},"all":true},"/Users/macbookpro/Desktop/Study/Projects/Node.js Projects/Test_Node.js_project/src/api/routes/orders.js":{"path":"/Users/macbookpro/Desktop/Study/Projects/Node.js Projects/Test_Node.js_project/src/api/routes/orders.js","statementMap":{"0":{"start":{"line":1,"column":16},"end":{"line":1,"column":34}},"1":{"start":{"line":2,"column":12},"end":{"line":2,"column":32}},"2":{"start":{"line":3,"column":17},"end":{"line":3,"column":36}},"3":{"start":{"line":4,"column":14},"end":{"line":4,"column":40}},"4":{"start":{"line":5,"column":16},"end":{"line":5,"column":44}},"5":{"start":{"line":6,"column":13},"end":{"line":6,"column":38}},"6":{"start":{"line":7,"column":45},"end":{"line":7,"column":65}},"7":{"start":{"line":15,"column":4},"end":{"line":15,"column":45}},"8":{"start":{"line":23,"column":15},"end":{"line":23,"column":31}},"9":{"start":{"line":26,"column":0},"end":{"line":26,"column":30}},"10":{"start":{"line":28,"column":0},"end":{"line":28,"column":36}},"11":{"start":{"line":30,"column":0},"end":{"line":55,"column":2}},"12":{"start":{"line":57,"column":0},"end":{"line":80,"column":2}},"13":{"start":{"line":82,"column":0},"end":{"line":105,"column":2}},"14":{"start":{"line":124,"column":0},"end":{"line":124,"column":24}}},"fnMap":{},"branchMap":{},"s":{"0":0,"1":0,"2":0,"3":0,"4":0,"5":0,"6":0,"7":0,"8":0,"9":0,"10":0,"11":0,"12":0,"13":0,"14":0},"f":{},"b":{},"all":true},"/Users/macbookpro/Desktop/Study/Projects/Node.js Projects/Test_Node.js_project/src/api/routes/products.js":{"path":"/Users/macbookpro/Desktop/Study/Projects/Node.js Projects/Test_Node.js_project/src/api/routes/products.js","statementMap":{"0":{"start":{"line":1,"column":16},"end":{"line":1,"column":34}},"1":{"start":{"line":2,"column":12},"end":{"line":2,"column":32}},"2":{"start":{"line":3,"column":17},"end":{"line":3,"column":36}},"3":{"start":{"line":4,"column":16},"end":{"line":4,"column":44}},"4":{"start":{"line":5,"column":45},"end":{"line":5,"column":65}},"5":{"start":{"line":13,"column":4},"end":{"line":13,"column":47}},"6":{"start":{"line":15,"column":15},"end":{"line":15,"column":31}},"7":{"start":{"line":28,"column":0},"end":{"line":28,"column":32}},"8":{"start":{"line":30,"column":0},"end":{"line":30,"column":38}},"9":{"start":{"line":32,"column":0},"end":{"line":43,"column":2}},"10":{"start":{"line":45,"column":0},"end":{"line":55,"column":2}},"11":{"start":{"line":57,"column":0},"end":{"line":67,"column":2}},"12":{"start":{"line":86,"column":0},"end":{"line":86,"column":24}}},"fnMap":{},"branchMap":{},"s":{"0":0,"1":0,"2":0,"3":0,"4":0,"5":0,"6":0,"7":0,"8":0,"9":0,"10":0,"11":0,"12":0},"f":{},"b":{},"all":true},"/Users/macbookpro/Desktop/Study/Projects/Node.js Projects/Test_Node.js_project/src/api/routes/users.js":{"path":"/Users/macbookpro/Desktop/Study/Projects/Node.js Projects/Test_Node.js_project/src/api/routes/users.js","statementMap":{"0":{"start":{"line":1,"column":16},"end":{"line":1,"column":34}},"1":{"start":{"line":2,"column":12},"end":{"line":2,"column":32}},"2":{"start":{"line":3,"column":13},"end":{"line":3,"column":28}},"3":{"start":{"line":4,"column":17},"end":{"line":4,"column":36}},"4":{"start":{"line":5,"column":13},"end":{"line":5,"column":38}},"5":{"start":{"line":6,"column":45},"end":{"line":6,"column":65}},"6":{"start":{"line":7,"column":15},"end":{"line":7,"column":31}},"7":{"start":{"line":26,"column":4},"end":{"line":26,"column":44}},"8":{"start":{"line":28,"column":0},"end":{"line":28,"column":29}},"9":{"start":{"line":30,"column":0},"end":{"line":30,"column":35}},"10":{"start":{"line":32,"column":0},"end":{"line":52,"column":2}},"11":{"start":{"line":54,"column":0},"end":{"line":72,"column":2}},"12":{"start":{"line":74,"column":0},"end":{"line":91,"column":2}},"13":{"start":{"line":110,"column":0},"end":{"line":110,"column":24}}},"fnMap":{},"branchMap":{},"s":{"0":0,"1":0,"2":0,"3":0,"4":0,"5":0,"6":0,"7":0,"8":0,"9":0,"10":0,"11":0,"12":0,"13":0},"f":{},"b":{},"all":true},"/Users/macbookpro/Desktop/Study/Projects/Node.js Projects/Test_Node.js_project/test/index.js":{"path":"/Users/macbookpro/Desktop/Study/Projects/Node.js Projects/Test_Node.js_project/test/index.js","statementMap":{"0":{"start":{"line":1,"column":15},"end":{"line":1,"column":42}},"1":{"start":{"line":2,"column":14},"end":{"line":2,"column":30}},"2":{"start":{"line":3,"column":0},"end":{"line":3,"column":28}},"3":{"start":{"line":4,"column":16},"end":{"line":4,"column":43}},"4":{"start":{"line":5,"column":15},"end":{"line":5,"column":29}},"5":{"start":{"line":6,"column":19},"end":{"line":6,"column":34}},"6":{"start":{"line":8,"column":17},"end":{"line":8,"column":36}},"7":{"start":{"line":10,"column":16},"end":{"line":10,"column":34}},"8":{"start":{"line":14,"column":14},"end":{"line":14,"column":48}},"9":{"start":{"line":15,"column":16},"end":{"line":15,"column":52}},"10":{"start":{"line":16,"column":13},"end":{"line":16,"column":46}},"11":{"start":{"line":22,"column":4},"end":{"line":22,"column":40}},"12":{"start":{"line":30,"column":4},"end":{"line":30,"column":53}},"13":{"start":{"line":38,"column":4},"end":{"line":38,"column":55}},"14":{"start":{"line":46,"column":4},"end":{"line":46,"column":52}},"15":{"start":{"line":116,"column":0},"end":{"line":415,"column":3}},"16":{"start":{"line":117,"column":1},"end":{"line":140,"column":4}},"17":{"start":{"line":118,"column":2},"end":{"line":139,"column":6}},"18":{"start":{"line":151,"column":1},"end":{"line":162,"column":4}},"19":{"start":{"line":152,"column":2},"end":{"line":161,"column":6}},"20":{"start":{"line":164,"column":1},"end":{"line":175,"column":4}},"21":{"start":{"line":165,"column":2},"end":{"line":174,"column":6}},"22":{"start":{"line":177,"column":1},"end":{"line":220,"column":4}},"23":{"start":{"line":178,"column":2},"end":{"line":219,"column":6}},"24":{"start":{"line":255,"column":1},"end":{"line":267,"column":4}},"25":{"start":{"line":256,"column":2},"end":{"line":266,"column":6}},"26":{"start":{"line":269,"column":1},"end":{"line":318,"column":4}},"27":{"start":{"line":270,"column":2},"end":{"line":317,"column":6}},"28":{"start":{"line":348,"column":1},"end":{"line":399,"column":4}},"29":{"start":{"line":349,"column":2},"end":{"line":398,"column":6}},"30":{"start":{"line":419,"column":20},"end":{"line":419,"column":34}},"31":{"start":{"line":420,"column":20},"end":{"line":420,"column":22}},"32":{"start":{"line":421,"column":23},"end":{"line":421,"column":37}},"33":{"start":{"line":423,"column":0},"end":{"line":499,"column":3}},"34":{"start":{"line":424,"column":1},"end":{"line":452,"column":4}},"35":{"start":{"line":425,"column":15},"end":{"line":448,"column":3}},"36":{"start":{"line":453,"column":1},"end":{"line":495,"column":4}},"37":{"start":{"line":454,"column":2},"end":{"line":494,"column":5}},"38":{"start":{"line":455,"column":3},"end":{"line":455,"column":34}},"39":{"start":{"line":456,"column":3},"end":{"line":456,"column":15}},"40":{"start":{"line":459,"column":3},"end":{"line":459,"column":61}},"41":{"start":{"line":462,"column":3},"end":{"line":462,"column":34}},"42":{"start":{"line":464,"column":3},"end":{"line":464,"column":40}},"43":{"start":{"line":465,"column":3},"end":{"line":486,"column":5}},"44":{"start":{"line":487,"column":20},"end":{"line":487,"column":40}},"45":{"start":{"line":488,"column":3},"end":{"line":493,"column":6}},"46":{"start":{"line":489,"column":4},"end":{"line":489,"column":42}},"47":{"start":{"line":490,"column":4},"end":{"line":490,"column":46}},"48":{"start":{"line":491,"column":4},"end":{"line":491,"column":43}},"49":{"start":{"line":496,"column":1},"end":{"line":498,"column":4}},"50":{"start":{"line":497,"column":2},"end":{"line":497,"column":23}},"51":{"start":{"line":501,"column":0},"end":{"line":559,"column":3}},"52":{"start":{"line":502,"column":21},"end":{"line":502,"column":35}},"53":{"start":{"line":503,"column":1},"end":{"line":522,"column":4}},"54":{"start":{"line":512,"column":15},"end":{"line":521,"column":3}},"55":{"start":{"line":523,"column":1},"end":{"line":555,"column":4}},"56":{"start":{"line":524,"column":2},"end":{"line":554,"column":5}},"57":{"start":{"line":529,"column":3},"end":{"line":529,"column":34}},"58":{"start":{"line":530,"column":3},"end":{"line":530,"column":15}},"59":{"start":{"line":534,"column":3},"end":{"line":534,"column":75}},"60":{"start":{"line":535,"column":3},"end":{"line":535,"column":33}},"61":{"start":{"line":537,"column":17},"end":{"line":539,"column":15}},"62":{"start":{"line":543,"column":3},"end":{"line":548,"column":6}},"63":{"start":{"line":550,"column":3},"end":{"line":550,"column":52}},"64":{"start":{"line":551,"column":3},"end":{"line":551,"column":56}},"65":{"start":{"line":552,"column":3},"end":{"line":552,"column":54}},"66":{"start":{"line":553,"column":3},"end":{"line":553,"column":53}},"67":{"start":{"line":556,"column":1},"end":{"line":558,"column":4}},"68":{"start":{"line":557,"column":2},"end":{"line":557,"column":23}},"69":{"start":{"line":561,"column":0},"end":{"line":602,"column":3}},"70":{"start":{"line":563,"column":1},"end":{"line":581,"column":4}},"71":{"start":{"line":564,"column":15},"end":{"line":580,"column":3}},"72":{"start":{"line":582,"column":1},"end":{"line":598,"column":4}},"73":{"start":{"line":583,"column":2},"end":{"line":597,"column":5}},"74":{"start":{"line":584,"column":3},"end":{"line":584,"column":62}},"75":{"start":{"line":585,"column":3},"end":{"line":585,"column":34}},"76":{"start":{"line":586,"column":3},"end":{"line":586,"column":15}},"77":{"start":{"line":587,"column":3},"end":{"line":587,"column":34}},"78":{"start":{"line":589,"column":3},"end":{"line":593,"column":6}},"79":{"start":{"line":594,"column":3},"end":{"line":594,"column":40}},"80":{"start":{"line":595,"column":3},"end":{"line":595,"column":44}},"81":{"start":{"line":596,"column":3},"end":{"line":596,"column":41}},"82":{"start":{"line":599,"column":1},"end":{"line":601,"column":4}},"83":{"start":{"line":600,"column":2},"end":{"line":600,"column":24}},"84":{"start":{"line":604,"column":0},"end":{"line":648,"column":3}},"85":{"start":{"line":605,"column":21},"end":{"line":605,"column":35}},"86":{"start":{"line":606,"column":21},"end":{"line":606,"column":23}},"87":{"start":{"line":607,"column":1},"end":{"line":623,"column":4}},"88":{"start":{"line":608,"column":15},"end":{"line":622,"column":3}},"89":{"start":{"line":624,"column":1},"end":{"line":644,"column":4}},"90":{"start":{"line":625,"column":2},"end":{"line":643,"column":5}},"91":{"start":{"line":626,"column":3},"end":{"line":626,"column":75}},"92":{"start":{"line":627,"column":3},"end":{"line":627,"column":34}},"93":{"start":{"line":628,"column":3},"end":{"line":628,"column":15}},"94":{"start":{"line":629,"column":3},"end":{"line":629,"column":33}},"95":{"start":{"line":631,"column":17},"end":{"line":633,"column":15}},"96":{"start":{"line":635,"column":3},"end":{"line":639,"column":6}},"97":{"start":{"line":640,"column":3},"end":{"line":640,"column":52}},"98":{"start":{"line":641,"column":3},"end":{"line":641,"column":56}},"99":{"start":{"line":642,"column":3},"end":{"line":642,"column":53}},"100":{"start":{"line":645,"column":1},"end":{"line":647,"column":4}},"101":{"start":{"line":646,"column":2},"end":{"line":646,"column":23}},"102":{"start":{"line":650,"column":0},"end":{"line":683,"column":3}},"103":{"start":{"line":651,"column":24},"end":{"line":651,"column":38}},"104":{"start":{"line":653,"column":1},"end":{"line":663,"column":4}},"105":{"start":{"line":654,"column":15},"end":{"line":662,"column":3}},"106":{"start":{"line":664,"column":1},"end":{"line":679,"column":4}},"107":{"start":{"line":665,"column":2},"end":{"line":678,"column":5}},"108":{"start":{"line":666,"column":3},"end":{"line":669,"column":5}},"109":{"start":{"line":670,"column":3},"end":{"line":670,"column":34}},"110":{"start":{"line":671,"column":3},"end":{"line":671,"column":15}},"111":{"start":{"line":673,"column":3},"end":{"line":673,"column":36}},"112":{"start":{"line":674,"column":3},"end":{"line":676,"column":6}},"113":{"start":{"line":677,"column":3},"end":{"line":677,"column":55}},"114":{"start":{"line":680,"column":1},"end":{"line":682,"column":4}},"115":{"start":{"line":681,"column":2},"end":{"line":681,"column":26}},"116":{"start":{"line":689,"column":0},"end":{"line":800,"column":3}},"117":{"start":{"line":690,"column":1},"end":{"line":735,"column":4}},"118":{"start":{"line":691,"column":15},"end":{"line":734,"column":3}},"119":{"start":{"line":736,"column":1},"end":{"line":796,"column":4}},"120":{"start":{"line":737,"column":2},"end":{"line":795,"column":5}},"121":{"start":{"line":738,"column":3},"end":{"line":738,"column":34}},"122":{"start":{"line":739,"column":3},"end":{"line":739,"column":15}},"123":{"start":{"line":741,"column":3},"end":{"line":741,"column":31}},"124":{"start":{"line":742,"column":3},"end":{"line":742,"column":40}},"125":{"start":{"line":743,"column":3},"end":{"line":785,"column":5}},"126":{"start":{"line":786,"column":20},"end":{"line":786,"column":40}},"127":{"start":{"line":787,"column":3},"end":{"line":794,"column":6}},"128":{"start":{"line":788,"column":4},"end":{"line":788,"column":47}},"129":{"start":{"line":789,"column":4},"end":{"line":789,"column":46}},"130":{"start":{"line":790,"column":4},"end":{"line":790,"column":46}},"131":{"start":{"line":791,"column":4},"end":{"line":791,"column":45}},"132":{"start":{"line":792,"column":4},"end":{"line":792,"column":44}},"133":{"start":{"line":797,"column":1},"end":{"line":799,"column":4}},"134":{"start":{"line":798,"column":2},"end":{"line":798,"column":23}},"135":{"start":{"line":802,"column":0},"end":{"line":856,"column":3}},"136":{"start":{"line":803,"column":21},"end":{"line":803,"column":28}},"137":{"start":{"line":804,"column":1},"end":{"line":821,"column":4}},"138":{"start":{"line":805,"column":15},"end":{"line":820,"column":3}},"139":{"start":{"line":822,"column":1},"end":{"line":852,"column":4}},"140":{"start":{"line":823,"column":2},"end":{"line":851,"column":5}},"141":{"start":{"line":824,"column":3},"end":{"line":824,"column":34}},"142":{"start":{"line":825,"column":3},"end":{"line":825,"column":15}},"143":{"start":{"line":845,"column":3},"end":{"line":845,"column":60}},"144":{"start":{"line":846,"column":3},"end":{"line":846,"column":57}},"145":{"start":{"line":847,"column":3},"end":{"line":847,"column":56}},"146":{"start":{"line":848,"column":3},"end":{"line":848,"column":56}},"147":{"start":{"line":849,"column":3},"end":{"line":849,"column":55}},"148":{"start":{"line":850,"column":3},"end":{"line":850,"column":54}},"149":{"start":{"line":853,"column":1},"end":{"line":855,"column":4}},"150":{"start":{"line":854,"column":2},"end":{"line":854,"column":23}},"151":{"start":{"line":858,"column":0},"end":{"line":918,"column":3}},"152":{"start":{"line":859,"column":1},"end":{"line":889,"column":4}},"153":{"start":{"line":860,"column":15},"end":{"line":888,"column":3}},"154":{"start":{"line":890,"column":1},"end":{"line":914,"column":4}},"155":{"start":{"line":891,"column":2},"end":{"line":913,"column":5}},"156":{"start":{"line":892,"column":3},"end":{"line":892,"column":34}},"157":{"start":{"line":893,"column":3},"end":{"line":893,"column":15}},"158":{"start":{"line":894,"column":3},"end":{"line":894,"column":31}},"159":{"start":{"line":895,"column":3},"end":{"line":906,"column":6}},"160":{"start":{"line":907,"column":3},"end":{"line":907,"column":56}},"161":{"start":{"line":908,"column":3},"end":{"line":908,"column":57}},"162":{"start":{"line":909,"column":3},"end":{"line":909,"column":56}},"163":{"start":{"line":910,"column":3},"end":{"line":910,"column":56}},"164":{"start":{"line":911,"column":3},"end":{"line":911,"column":55}},"165":{"start":{"line":912,"column":3},"end":{"line":912,"column":54}},"166":{"start":{"line":915,"column":1},"end":{"line":917,"column":4}},"167":{"start":{"line":916,"column":2},"end":{"line":916,"column":24}},"168":{"start":{"line":920,"column":0},"end":{"line":971,"column":3}},"169":{"start":{"line":921,"column":21},"end":{"line":921,"column":28}},"170":{"start":{"line":922,"column":20},"end":{"line":922,"column":39}},"171":{"start":{"line":923,"column":1},"end":{"line":954,"column":4}},"172":{"start":{"line":924,"column":15},"end":{"line":953,"column":3}},"173":{"start":{"line":955,"column":1},"end":{"line":967,"column":4}},"174":{"start":{"line":956,"column":2},"end":{"line":966,"column":5}},"175":{"start":{"line":957,"column":3},"end":{"line":957,"column":34}},"176":{"start":{"line":958,"column":3},"end":{"line":958,"column":15}},"177":{"start":{"line":959,"column":3},"end":{"line":959,"column":30}},"178":{"start":{"line":960,"column":3},"end":{"line":960,"column":60}},"179":{"start":{"line":961,"column":3},"end":{"line":961,"column":57}},"180":{"start":{"line":962,"column":3},"end":{"line":962,"column":56}},"181":{"start":{"line":963,"column":3},"end":{"line":963,"column":56}},"182":{"start":{"line":964,"column":3},"end":{"line":964,"column":55}},"183":{"start":{"line":965,"column":3},"end":{"line":965,"column":54}},"184":{"start":{"line":968,"column":1},"end":{"line":970,"column":4}},"185":{"start":{"line":969,"column":2},"end":{"line":969,"column":23}},"186":{"start":{"line":973,"column":0},"end":{"line":1003,"column":3}},"187":{"start":{"line":974,"column":24},"end":{"line":974,"column":31}},"188":{"start":{"line":975,"column":1},"end":{"line":983,"column":4}},"189":{"start":{"line":976,"column":15},"end":{"line":982,"column":3}},"190":{"start":{"line":984,"column":1},"end":{"line":999,"column":4}},"191":{"start":{"line":985,"column":2},"end":{"line":998,"column":5}},"192":{"start":{"line":986,"column":3},"end":{"line":986,"column":34}},"193":{"start":{"line":987,"column":3},"end":{"line":987,"column":15}},"194":{"start":{"line":988,"column":3},"end":{"line":988,"column":33}},"195":{"start":{"line":989,"column":3},"end":{"line":991,"column":6}},"196":{"start":{"line":992,"column":3},"end":{"line":992,"column":55}},"197":{"start":{"line":1000,"column":1},"end":{"line":1002,"column":4}},"198":{"start":{"line":1001,"column":2},"end":{"line":1001,"column":26}},"199":{"start":{"line":1009,"column":0},"end":{"line":1267,"column":3}},"200":{"start":{"line":1010,"column":1},"end":{"line":1061,"column":4}},"201":{"start":{"line":1011,"column":15},"end":{"line":1060,"column":3}},"202":{"start":{"line":1062,"column":1},"end":{"line":1263,"column":4}},"203":{"start":{"line":1063,"column":2},"end":{"line":1262,"column":5}},"204":{"start":{"line":1064,"column":24},"end":{"line":1071,"column":4}},"205":{"start":{"line":1072,"column":3},"end":{"line":1072,"column":37}},"206":{"start":{"line":1073,"column":30},"end":{"line":1080,"column":4}},"207":{"start":{"line":1081,"column":3},"end":{"line":1081,"column":43}},"208":{"start":{"line":1083,"column":29},"end":{"line":1090,"column":4}},"209":{"start":{"line":1091,"column":3},"end":{"line":1091,"column":42}},"210":{"start":{"line":1093,"column":30},"end":{"line":1100,"column":4}},"211":{"start":{"line":1101,"column":3},"end":{"line":1101,"column":35}},"212":{"start":{"line":1102,"column":3},"end":{"line":1102,"column":43}},"213":{"start":{"line":1104,"column":29},"end":{"line":1111,"column":4}},"214":{"start":{"line":1112,"column":3},"end":{"line":1112,"column":42}},"215":{"start":{"line":1113,"column":3},"end":{"line":1113,"column":32}},"216":{"start":{"line":1115,"column":29},"end":{"line":1122,"column":4}},"217":{"start":{"line":1123,"column":3},"end":{"line":1123,"column":42}},"218":{"start":{"line":1125,"column":31},"end":{"line":1132,"column":4}},"219":{"start":{"line":1133,"column":3},"end":{"line":1133,"column":44}},"220":{"start":{"line":1134,"column":3},"end":{"line":1134,"column":34}},"221":{"start":{"line":1136,"column":29},"end":{"line":1143,"column":4}},"222":{"start":{"line":1144,"column":3},"end":{"line":1144,"column":42}},"223":{"start":{"line":1195,"column":3},"end":{"line":1195,"column":34}},"224":{"start":{"line":1196,"column":3},"end":{"line":1196,"column":15}},"225":{"start":{"line":1199,"column":3},"end":{"line":1199,"column":32}},"226":{"start":{"line":1203,"column":3},"end":{"line":1203,"column":40}},"227":{"start":{"line":1204,"column":3},"end":{"line":1252,"column":5}},"228":{"start":{"line":1253,"column":18},"end":{"line":1253,"column":38}},"229":{"start":{"line":1254,"column":3},"end":{"line":1261,"column":6}},"230":{"start":{"line":1255,"column":4},"end":{"line":1255,"column":46}},"231":{"start":{"line":1256,"column":4},"end":{"line":1256,"column":44}},"232":{"start":{"line":1257,"column":4},"end":{"line":1257,"column":46}},"233":{"start":{"line":1258,"column":4},"end":{"line":1258,"column":43}},"234":{"start":{"line":1259,"column":4},"end":{"line":1259,"column":48}},"235":{"start":{"line":1264,"column":1},"end":{"line":1266,"column":4}},"236":{"start":{"line":1265,"column":2},"end":{"line":1265,"column":23}},"237":{"start":{"line":1269,"column":0},"end":{"line":1363,"column":3}},"238":{"start":{"line":1270,"column":22},"end":{"line":1270,"column":35}},"239":{"start":{"line":1271,"column":1},"end":{"line":1297,"column":4}},"240":{"start":{"line":1272,"column":15},"end":{"line":1296,"column":3}},"241":{"start":{"line":1298,"column":1},"end":{"line":1359,"column":4}},"242":{"start":{"line":1299,"column":2},"end":{"line":1358,"column":5}},"243":{"start":{"line":1300,"column":3},"end":{"line":1300,"column":34}},"244":{"start":{"line":1304,"column":3},"end":{"line":1304,"column":40}},"245":{"start":{"line":1305,"column":3},"end":{"line":1305,"column":31}},"246":{"start":{"line":1332,"column":3},"end":{"line":1352,"column":6}},"247":{"start":{"line":1353,"column":3},"end":{"line":1353,"column":55}},"248":{"start":{"line":1354,"column":3},"end":{"line":1354,"column":53}},"249":{"start":{"line":1355,"column":3},"end":{"line":1355,"column":55}},"250":{"start":{"line":1356,"column":3},"end":{"line":1356,"column":52}},"251":{"start":{"line":1357,"column":3},"end":{"line":1357,"column":57}},"252":{"start":{"line":1360,"column":1},"end":{"line":1362,"column":4}},"253":{"start":{"line":1361,"column":2},"end":{"line":1361,"column":23}},"254":{"start":{"line":1365,"column":0},"end":{"line":1648,"column":3}},"255":{"start":{"line":1390,"column":1},"end":{"line":1438,"column":4}},"256":{"start":{"line":1391,"column":15},"end":{"line":1437,"column":3}},"257":{"start":{"line":1439,"column":1},"end":{"line":1553,"column":4}},"258":{"start":{"line":1440,"column":20},"end":{"line":1440,"column":24}},"259":{"start":{"line":1441,"column":2},"end":{"line":1552,"column":5}},"260":{"start":{"line":1442,"column":3},"end":{"line":1442,"column":26}},"261":{"start":{"line":1450,"column":22},"end":{"line":1450,"column":67}},"262":{"start":{"line":1451,"column":3},"end":{"line":1451,"column":54}},"263":{"start":{"line":1455,"column":3},"end":{"line":1455,"column":45}},"264":{"start":{"line":1456,"column":3},"end":{"line":1461,"column":5}},"265":{"start":{"line":1464,"column":3},"end":{"line":1464,"column":31}},"266":{"start":{"line":1465,"column":3},"end":{"line":1485,"column":6}},"267":{"start":{"line":1494,"column":3},"end":{"line":1500,"column":20}},"268":{"start":{"line":1505,"column":3},"end":{"line":1505,"column":22}},"269":{"start":{"line":1507,"column":26},"end":{"line":1507,"column":68}},"270":{"start":{"line":1511,"column":23},"end":{"line":1511,"column":71}},"271":{"start":{"line":1514,"column":3},"end":{"line":1514,"column":40}},"272":{"start":{"line":1516,"column":3},"end":{"line":1516,"column":26}},"273":{"start":{"line":1518,"column":3},"end":{"line":1518,"column":33}},"274":{"start":{"line":1520,"column":19},"end":{"line":1520,"column":52}},"275":{"start":{"line":1521,"column":21},"end":{"line":1521,"column":55}},"276":{"start":{"line":1522,"column":24},"end":{"line":1522,"column":66}},"277":{"start":{"line":1524,"column":3},"end":{"line":1524,"column":34}},"278":{"start":{"line":1525,"column":3},"end":{"line":1525,"column":15}},"279":{"start":{"line":1526,"column":3},"end":{"line":1546,"column":6}},"280":{"start":{"line":1547,"column":3},"end":{"line":1547,"column":55}},"281":{"start":{"line":1548,"column":3},"end":{"line":1548,"column":53}},"282":{"start":{"line":1549,"column":3},"end":{"line":1549,"column":55}},"283":{"start":{"line":1550,"column":3},"end":{"line":1550,"column":52}},"284":{"start":{"line":1551,"column":3},"end":{"line":1551,"column":57}},"285":{"start":{"line":1554,"column":1},"end":{"line":1644,"column":4}},"286":{"start":{"line":1555,"column":20},"end":{"line":1555,"column":24}},"287":{"start":{"line":1556,"column":2},"end":{"line":1643,"column":5}},"288":{"start":{"line":1557,"column":3},"end":{"line":1557,"column":26}},"289":{"start":{"line":1558,"column":22},"end":{"line":1558,"column":67}},"290":{"start":{"line":1559,"column":3},"end":{"line":1559,"column":54}},"291":{"start":{"line":1563,"column":3},"end":{"line":1563,"column":45}},"292":{"start":{"line":1565,"column":3},"end":{"line":1574,"column":5}},"293":{"start":{"line":1576,"column":3},"end":{"line":1578,"column":5}},"294":{"start":{"line":1580,"column":3},"end":{"line":1582,"column":6}},"295":{"start":{"line":1637,"column":3},"end":{"line":1637,"column":34}},"296":{"start":{"line":1638,"column":3},"end":{"line":1638,"column":15}},"297":{"start":{"line":1639,"column":3},"end":{"line":1641,"column":6}},"298":{"start":{"line":1642,"column":3},"end":{"line":1642,"column":56}},"299":{"start":{"line":1645,"column":1},"end":{"line":1647,"column":4}},"300":{"start":{"line":1646,"column":2},"end":{"line":1646,"column":24}},"301":{"start":{"line":1650,"column":0},"end":{"line":1790,"column":3}},"302":{"start":{"line":1651,"column":1},"end":{"line":1681,"column":4}},"303":{"start":{"line":1652,"column":15},"end":{"line":1680,"column":3}},"304":{"start":{"line":1683,"column":1},"end":{"line":1786,"column":4}},"305":{"start":{"line":1684,"column":2},"end":{"line":1785,"column":5}},"306":{"start":{"line":1693,"column":22},"end":{"line":1693,"column":67}},"307":{"start":{"line":1694,"column":3},"end":{"line":1694,"column":60}},"308":{"start":{"line":1724,"column":3},"end":{"line":1744,"column":6}},"309":{"start":{"line":1778,"column":3},"end":{"line":1778,"column":34}},"310":{"start":{"line":1779,"column":3},"end":{"line":1779,"column":15}},"311":{"start":{"line":1787,"column":1},"end":{"line":1789,"column":4}},"312":{"start":{"line":1788,"column":2},"end":{"line":1788,"column":24}},"313":{"start":{"line":1792,"column":0},"end":{"line":1857,"column":3}},"314":{"start":{"line":1793,"column":22},"end":{"line":1793,"column":34}},"315":{"start":{"line":1794,"column":23},"end":{"line":1794,"column":27}},"316":{"start":{"line":1795,"column":1},"end":{"line":1821,"column":4}},"317":{"start":{"line":1796,"column":15},"end":{"line":1820,"column":3}},"318":{"start":{"line":1822,"column":1},"end":{"line":1853,"column":4}},"319":{"start":{"line":1823,"column":2},"end":{"line":1852,"column":5}},"320":{"start":{"line":1824,"column":3},"end":{"line":1824,"column":31}},"321":{"start":{"line":1826,"column":3},"end":{"line":1846,"column":6}},"322":{"start":{"line":1847,"column":3},"end":{"line":1847,"column":55}},"323":{"start":{"line":1848,"column":3},"end":{"line":1848,"column":53}},"324":{"start":{"line":1849,"column":3},"end":{"line":1849,"column":55}},"325":{"start":{"line":1850,"column":3},"end":{"line":1850,"column":52}},"326":{"start":{"line":1851,"column":3},"end":{"line":1851,"column":57}},"327":{"start":{"line":1854,"column":1},"end":{"line":1856,"column":4}},"328":{"start":{"line":1855,"column":2},"end":{"line":1855,"column":23}},"329":{"start":{"line":1859,"column":0},"end":{"line":1995,"column":3}},"330":{"start":{"line":1860,"column":25},"end":{"line":1860,"column":37}},"331":{"start":{"line":1861,"column":1},"end":{"line":1869,"column":4}},"332":{"start":{"line":1862,"column":15},"end":{"line":1868,"column":3}},"333":{"start":{"line":1870,"column":1},"end":{"line":1991,"column":4}},"334":{"start":{"line":1871,"column":2},"end":{"line":1990,"column":5}},"335":{"start":{"line":1872,"column":3},"end":{"line":1872,"column":34}},"336":{"start":
[...]
{"start":{"line":177,"column":39},"end":{"line":177,"column":40}},"loc":{"start":{"line":177,"column":45},"end":{"line":220,"column":2}},"line":177},"5":{"name":"(anonymous_5)","decl":{"start":{"line":255,"column":71},"end":{"line":255,"column":72}},"loc":{"start":{"line":255,"column":77},"end":{"line":267,"column":2}},"line":255},"6":{"name":"(anonymous_6)","decl":{"start":{"line":269,"column":33},"end":{"line":269,"column":34}},"loc":{"start":{"line":269,"column":39},"end":{"line":318,"column":2}},"line":269},"7":{"name":"(anonymous_7)","decl":{"start":{"line":348,"column":83},"end":{"line":348,"column":84}},"loc":{"start":{"line":348,"column":89},"end":{"line":399,"column":2}},"line":348},"8":{"name":"(anonymous_8)","decl":{"start":{"line":423,"column":40},"end":{"line":423,"column":41}},"loc":{"start":{"line":423,"column":52},"end":{"line":499,"column":1}},"line":423},"9":{"name":"(anonymous_9)","decl":{"start":{"line":424,"column":8},"end":{"line":424,"column":9}},"loc":{"start":{"line":424,"column":14},"end":{"line":452,"column":2}},"line":424},"10":{"name":"(anonymous_10)","decl":{"start":{"line":453,"column":41},"end":{"line":453,"column":42}},"loc":{"start":{"line":453,"column":53},"end":{"line":495,"column":2}},"line":453},"11":{"name":"(anonymous_11)","decl":{"start":{"line":454,"column":35},"end":{"line":454,"column":36}},"loc":{"start":{"line":454,"column":55},"end":{"line":494,"column":3}},"line":454},"12":{"name":"(anonymous_12)","decl":{"start":{"line":488,"column":16},"end":{"line":488,"column":17}},"loc":{"start":{"line":488,"column":26},"end":{"line":493,"column":4}},"line":488},"13":{"name":"(anonymous_13)","decl":{"start":{"line":496,"column":7},"end":{"line":496,"column":8}},"loc":{"start":{"line":496,"column":13},"end":{"line":498,"column":2}},"line":496},"14":{"name":"(anonymous_14)","decl":{"start":{"line":501,"column":40},"end":{"line":501,"column":41}},"loc":{"start":{"line":501,"column":46},"end":{"line":559,"column":1}},"line":501},"15":{"name":"(anonymous_15)","decl":{"start":{"line":503,"column":8},"end":{"line":503,"column":9}},"loc":{"start":{"line":503,"column":14},"end":{"line":522,"column":2}},"line":503},"16":{"name":"(anonymous_16)","decl":{"start":{"line":523,"column":41},"end":{"line":523,"column":42}},"loc":{"start":{"line":523,"column":53},"end":{"line":555,"column":2}},"line":523},"17":{"name":"(anonymous_17)","decl":{"start":{"line":524,"column":49},"end":{"line":524,"column":50}},"loc":{"start":{"line":524,"column":75},"end":{"line":554,"column":3}},"line":524},"18":{"name":"(anonymous_18)","decl":{"start":{"line":556,"column":7},"end":{"line":556,"column":8}},"loc":{"start":{"line":556,"column":13},"end":{"line":558,"column":2}},"line":556},"19":{"name":"(anonymous_19)","decl":{"start":{"line":561,"column":37},"end":{"line":561,"column":38}},"loc":{"start":{"line":561,"column":49},"end":{"line":602,"column":1}},"line":561},"20":{"name":"(anonymous_20)","decl":{"start":{"line":563,"column":8},"end":{"line":563,"column":9}},"loc":{"start":{"line":563,"column":14},"end":{"line":581,"column":2}},"line":563},"21":{"name":"(anonymous_21)","decl":{"start":{"line":582,"column":36},"end":{"line":582,"column":37}},"loc":{"start":{"line":582,"column":48},"end":{"line":598,"column":2}},"line":582},"22":{"name":"(anonymous_22)","decl":{"start":{"line":583,"column":36},"end":{"line":583,"column":37}},"loc":{"start":{"line":583,"column":62},"end":{"line":597,"column":3}},"line":583},"23":{"name":"(anonymous_23)","decl":{"start":{"line":599,"column":7},"end":{"line":599,"column":8}},"loc":{"start":{"line":599,"column":13},"end":{"line":601,"column":2}},"line":599},"24":{"name":"(anonymous_24)","decl":{"start":{"line":604,"column":36},"end":{"line":604,"column":37}},"loc":{"start":{"line":604,"column":48},"end":{"line":648,"column":1}},"line":604},"25":{"name":"(anonymous_25)","decl":{"start":{"line":607,"column":8},"end":{"line":607,"column":9}},"loc":{"start":{"line":607,"column":14},"end":{"line":623,"column":2}},"line":607},"26":{"name":"(anonymous_26)","decl":{"start":{"line":624,"column":35},"end":{"line":624,"column":36}},"loc":{"start":{"line":624,"column":47},"end":{"line":644,"column":2}},"line":624},"27":{"name":"(anonymous_27)","decl":{"start":{"line":625,"column":47},"end":{"line":625,"column":48}},"loc":{"start":{"line":625,"column":67},"end":{"line":643,"column":3}},"line":625},"28":{"name":"(anonymous_28)","decl":{"start":{"line":645,"column":7},"end":{"line":645,"column":8}},"loc":{"start":{"line":645,"column":13},"end":{"line":647,"column":2}},"line":645},"29":{"name":"(anonymous_29)","decl":{"start":{"line":650,"column":43},"end":{"line":650,"column":44}},"loc":{"start":{"line":650,"column":55},"end":{"line":683,"column":1}},"line":650},"30":{"name":"(anonymous_30)","decl":{"start":{"line":653,"column":8},"end":{"line":653,"column":9}},"loc":{"start":{"line":653,"column":14},"end":{"line":663,"column":2}},"line":653},"31":{"name":"(anonymous_31)","decl":{"start":{"line":664,"column":38},"end":{"line":664,"column":39}},"loc":{"start":{"line":664,"column":44},"end":{"line":679,"column":2}},"line":664},"32":{"name":"(anonymous_32)","decl":{"start":{"line":665,"column":50},"end":{"line":665,"column":51}},"loc":{"start":{"line":665,"column":70},"end":{"line":678,"column":3}},"line":665},"33":{"name":"(anonymous_33)","decl":{"start":{"line":680,"column":7},"end":{"line":680,"column":8}},"loc":{"start":{"line":680,"column":13},"end":{"line":682,"column":2}},"line":680},"34":{"name":"(anonymous_34)","decl":{"start":{"line":689,"column":37},"end":{"line":689,"column":38}},"loc":{"start":{"line":689,"column":49},"end":{"line":800,"column":1}},"line":689},"35":{"name":"(anonymous_35)","decl":{"start":{"line":690,"column":8},"end":{"line":690,"column":9}},"loc":{"start":{"line":690,"column":14},"end":{"line":735,"column":2}},"line":690},"36":{"name":"(anonymous_36)","decl":{"start":{"line":736,"column":38},"end":{"line":736,"column":39}},"loc":{"start":{"line":736,"column":50},"end":{"line":796,"column":2}},"line":736},"37":{"name":"(anonymous_37)","decl":{"start":{"line":737,"column":24},"end":{"line":737,"column":25}},"loc":{"start":{"line":737,"column":44},"end":{"line":795,"column":3}},"line":737},"38":{"name":"(anonymous_38)","decl":{"start":{"line":787,"column":16},"end":{"line":787,"column":17}},"loc":{"start":{"line":787,"column":26},"end":{"line":794,"column":4}},"line":787},"39":{"name":"(anonymous_39)","decl":{"start":{"line":797,"column":7},"end":{"line":797,"column":8}},"loc":{"start":{"line":797,"column":13},"end":{"line":799,"column":2}},"line":797},"40":{"name":"(anonymous_40)","decl":{"start":{"line":802,"column":37},"end":{"line":802,"column":38}},"loc":{"start":{"line":802,"column":49},"end":{"line":856,"column":1}},"line":802},"41":{"name":"(anonymous_41)","decl":{"start":{"line":804,"column":8},"end":{"line":804,"column":9}},"loc":{"start":{"line":804,"column":14},"end":{"line":821,"column":2}},"line":804},"42":{"name":"(anonymous_42)","decl":{"start":{"line":822,"column":38},"end":{"line":822,"column":39}},"loc":{"start":{"line":822,"column":50},"end":{"line":852,"column":2}},"line":822},"43":{"name":"(anonymous_43)","decl":{"start":{"line":823,"column":38},"end":{"line":823,"column":39}},"loc":{"start":{"line":823,"column":64},"end":{"line":851,"column":3}},"line":823},"44":{"name":"(anonymous_44)","decl":{"start":{"line":853,"column":7},"end":{"line":853,"column":8}},"loc":{"start":{"line":853,"column":13},"end":{"line":855,"column":2}},"line":853},"45":{"name":"(anonymous_45)","decl":{"start":{"line":858,"column":34},"end":{"line":858,"column":35}},"loc":{"start":{"line":858,"column":46},"end":{"line":918,"column":1}},"line":858},"46":{"name":"(anonymous_46)","decl":{"start":{"line":859,"column":8},"end":{"line":859,"column":9}},"loc":{"start":{"line":859,"column":14},"end":{"line":889,"column":2}},"line":859},"47":{"name":"(anonymous_47)","decl":{"start":{"line":890,"column":33},"end":{"line":890,"column":34}},"loc":{"start":{"line":890,"column":45},"end":{"line":914,"column":2}},"line":890},"48":{"name":"(anonymous_48)","decl":{"start":{"line":891,"column":25},"end":{"line":891,"column":26}},"loc":{"start":{"line":891,"column":51},"end":{"line":913,"column":3}},"line":891},"49":{"name":"(anonymous_49)","decl":{"start":{"line":915,"column":7},"end":{"line":915,"column":8}},"loc":{"start":{"line":915,"column":13},"end":{"line":917,"column":2}},"line":915},"50":{"name":"(anonymous_50)","decl":{"start":{"line":920,"column":33},"end":{"line":920,"column":34}},"loc":{"start":{"line":920,"column":45},"end":{"line":971,"column":1}},"line":920},"51":{"name":"(anonymous_51)","decl":{"start":{"line":923,"column":8},"end":{"line":923,"column":9}},"loc":{"start":{"line":923,"column":14},"end":{"line":954,"column":2}},"line":923},"52":{"name":"(anonymous_52)","decl":{"start":{"line":955,"column":32},"end":{"line":955,"column":33}},"loc":{"start":{"line":955,"column":44},"end":{"line":967,"column":2}},"line":955},"53":{"name":"(anonymous_53)","decl":{"start":{"line":956,"column":38},"end":{"line":956,"column":39}},"loc":{"start":{"line":956,"column":64},"end":{"line":966,"column":3}},"line":956},"54":{"name":"(anonymous_54)","decl":{"start":{"line":968,"column":7},"end":{"line":968,"column":8}},"loc":{"start":{"line":968,"column":13},"end":{"line":970,"column":2}},"line":968},"55":{"name":"(anonymous_55)","decl":{"start":{"line":973,"column":37},"end":{"line":973,"column":38}},"loc":{"start":{"line":973,"column":49},"end":{"line":1003,"column":1}},"line":973},"56":{"name":"(anonymous_56)","decl":{"start":{"line":975,"column":8},"end":{"line":975,"column":9}},"loc":{"start":{"line":975,"column":14},"end":{"line":983,"column":2}},"line":975},"57":{"name":"(anonymous_57)","decl":{"start":{"line":984,"column":35},"end":{"line":984,"column":36}},"loc":{"start":{"line":984,"column":41},"end":{"line":999,"column":2}},"line":984},"58":{"name":"(anonymous_58)","decl":{"start":{"line":985,"column":55},"end":{"line":985,"column":56}},"loc":{"start":{"line":985,"column":75},"end":{"line":998,"column":3}},"line":985},"59":{"name":"(anonymous_59)","decl":{"start":{"line":1000,"column":7},"end":{"line":1000,"column":8}},"loc":{"start":{"line":1000,"column":13},"end":{"line":1002,"column":2}},"line":1000},"60":{"name":"(anonymous_60)","decl":{"start":{"line":1009,"column":38},"end":{"line":1009,"column":39}},"loc":{"start":{"line":1009,"column":50},"end":{"line":1267,"column":1}},"line":1009},"61":{"name":"(anonymous_61)","decl":{"start":{"line":1010,"column":8},"end":{"line":1010,"column":9}},"loc":{"start":{"line":1010,"column":14},"end":{"line":1061,"column":2}},"line":1010},"62":{"name":"(anonymous_62)","decl":{"start":{"line":1062,"column":39},"end":{"line":1062,"column":40}},"loc":{"start":{"line":1062,"column":51},"end":{"line":1263,"column":2}},"line":1062},"63":{"name":"(anonymous_63)","decl":{"start":{"line":1063,"column":34},"end":{"line":1063,"column":35}},"loc":{"start":{"line":1063,"column":54},"end":{"line":1262,"column":3}},"line":1063},"64":{"name":"(anonymous_64)","decl":{"start":{"line":1254,"column":14},"end":{"line":1254,"column":15}},"loc":{"start":{"line":1254,"column":25},"end":{"line":1261,"column":4}},"line":1254},"65":{"name":"(anonymous_65)","decl":{"start":{"line":1264,"column":7},"end":{"line":1264,"column":8}},"loc":{"start":{"line":1264,"column":13},"end":{"line":1266,"column":2}},"line":1264},"66":{"name":"(anonymous_66)","decl":{"start":{"line":1269,"column":38},"end":{"line":1269,"column":39}},"loc":{"start":{"line":1269,"column":50},"end":{"line":1363,"column":1}},"line":1269},"67":{"name":"(anonymous_67)","decl":{"start":{"line":1271,"column":8},"end":{"line":1271,"column":9}},"loc":{"start":{"line":1271,"column":14},"end":{"line":1297,"column":2}},"line":1271},"68":{"name":"(anonymous_68)","decl":{"start":{"line":1298,"column":39},"end":{"line":1298,"column":40}},"loc":{"start":{"line":1298,"column":51},"end":{"line":1359,"column":2}},"line":1298},"69":{"name":"(anonymous_69)","decl":{"start":{"line":1299,"column":49},"end":{"line":1299,"column":50}},"loc":{"start":{"line":1299,"column":75},"end":{"line":1358,"column":3}},"line":1299},"70":{"name":"(anonymous_70)","decl":{"start":{"line":1360,"column":7},"end":{"line":1360,"column":8}},"loc":{"start":{"line":1360,"column":13},"end":{"line":1362,"column":2}},"line":1360},"71":{"name":"(anonymous_71)","decl":{"start":{"line":1365,"column":35},"end":{"line":1365,"column":36}},"loc":{"start":{"line":1365,"column":47},"end":{"line":1648,"column":1}},"line":1365},"72":{"name":"(anonymous_72)","decl":{"start":{"line":1390,"column":8},"end":{"line":1390,"column":9}},"loc":{"start":{"line":1390,"column":14},"end":{"line":1438,"column":2}},"line":1390},"73":{"name":"(anonymous_73)","decl":{"start":{"line":1439,"column":34},"end":{"line":1439,"column":35}},"loc":{"start":{"line":1439,"column":46},"end":{"line":1553,"column":2}},"line":1439},"74":{"name":"(anonymous_74)","decl":{"start":{"line":1441,"column":35},"end":{"line":1441,"column":36}},"loc":{"start":{"line":1441,"column":61},"end":{"line":1552,"column":3}},"line":1441},"75":{"name":"(anonymous_75)","decl":{"start":{"line":1554,"column":57},"end":{"line":1554,"column":58}},"loc":{"start":{"line":1554,"column":69},"end":{"line":1644,"column":2}},"line":1554},"76":{"name":"(anonymous_76)","decl":{"start":{"line":1556,"column":35},"end":{"line":1556,"column":36}},"loc":{"start":{"line":1556,"column":61},"end":{"line":1643,"column":3}},"line":1556},"77":{"name":"(anonymous_77)","decl":{"start":{"line":1645,"column":7},"end":{"line":1645,"column":8}},"loc":{"start":{"line":1645,"column":13},"end":{"line":1647,"column":2}},"line":1645},"78":{"name":"(anonymous_78)","decl":{"start":{"line":1650,"column":55},"end":{"line":1650,"column":56}},"loc":{"start":{"line":1650,"column":67},"end":{"line":1790,"column":1}},"line":1650},"79":{"name":"(anonymous_79)","decl":{"start":{"line":1651,"column":8},"end":{"line":1651,"column":9}},"loc":{"start":{"line":1651,"column":14},"end":{"line":1681,"column":2}},"line":1651},"80":{"name":"(anonymous_80)","decl":{"start":{"line":1683,"column":54},"end":{"line":1683,"column":55}},"loc":{"start":{"line":1683,"column":66},"end":{"line":1786,"column":2}},"line":1683},"81":{"name":"(anonymous_81)","decl":{"start":{"line":1684,"column":35},"end":{"line":1684,"column":36}},"loc":{"start":{"line":1684,"column":61},"end":{"line":1785,"column":3}},"line":1684},"82":{"name":"(anonymous_82)","decl":{"start":{"line":1787,"column":7},"end":{"line":1787,"column":8}},"loc":{"start":{"line":1787,"column":13},"end":{"line":1789,"column":2}},"line":1787},"83":{"name":"(anonymous_83)","decl":{"start":{"line":1792,"column":34},"end":{"line":1792,"column":35}},"loc":{"start":{"line":1792,"column":46},"end":{"line":1857,"column":1}},"line":1792},"84":{"name":"(anonymous_84)","decl":{"start":{"line":1795,"column":8},"end":{"line":1795,"column":9}},"loc":{"start":{"line":1795,"column":14},"end":{"line":1821,"column":2}},"line":1795},"85":{"name":"(anonymous_85)","decl":{"start":{"line":1822,"column":33},"end":{"line":1822,"column":34}},"loc":{"start":{"line":1822,"column":45},"end":{"line":1853,"column":2}},"line":1822},"86":{"name":"(anonymous_86)","decl":{"start":{"line":1823,"column":49},"end":{"line":1823,"column":50}},"loc":{"start":{"line":1823,"column":75},"end":{"line":1852,"column":3}},"line":1823},"87":{"name":"(anonymous_87)","decl":{"start":{"line":1854,"column":7},"end":{"line":1854,"column":8}},"loc":{"start":{"line":1854,"column":13},"end":{"line":1856,"column":2}},"line":1854},"88":{"name":"(anonymous_88)","decl":{"start":{"line":1859,"column":41},"end":{"line":1859,"column":42}},"loc":{"start":{"line":1859,"column":53},"end":{"line":1995,"column":1}},"line":1859},"89":{"name":"(anonymous_89)","decl":{"start":{"line":1861,"column":8},"end":{"line":1861,"column":9}},"loc":{"start":{"line":1861,"column":14},"end":{"line":1869,"column":2}},"line":1861},"90":{"name":"(anonymous_90)","decl":{"start":{"line":1870,"column":35},"end":{"line":1870,"column":36}},"loc":{"start":{"line":1870,"column":47},"end":{"line":1991,"column":2}},"line":1870},"91":{"name":"(anonymous_91)","decl":{"start":{"line":1871,"column":55},"end":{"line":1871,"column":56}},"loc":{"start":{"line":1871,"column":75},"end":{"line":1990,"column":3}},"line":1871},"92":{"name":"(anonymous_92)","decl":{"start":{"line":1992,"column":7},"end":{"line":1992,"column":8}},"loc":{"start":{"line":1992,"column":13},"end":{"line":1994,"column":2}},"line":1992}},"branchMap":{},"s":{"0":0,"1":0,"2":0,"3":0,"4":0,"5":0,"6":0,"7":0,"8":0,"9":0,"10":0,"11":0,"12":0,"13":0,"14":0,"15":0,"16":0,"17":0,"18":0,"19":0,"20":0,"21":0,"22":0,"23":0,"24":0,"25":0,"26":0,"27":0,"28":0,"29":0,"30":0,"31":0,"32":0,"33":0,"34":0,"35":0,"36":0,"37":0,"38":0,"39":0,"40":0,"41":0,"42":0,"43":0,"44":0,"45":0,"46":0,"47":0,"48":0,"49":0,"50":0,"51":0,"52":0,"53":0,"54":0,"55":0,"56":0,"57":0,"58":0,"59":0,"60":0,"61":0,"62":0,"63":0,"64":0,"65":0,"66":0,"67":0,"68":0,"69":0,"70":0,"71":0,"72":0,"73":0,"74":0,"75":0,"76":0,"77":0,"78":0,"79":0,"80":0,"81":0,"82":0,"83":0,"84":0,"85":0,"86":0,"87":0,"88":0,"89":0,"90":0,"91":0,"92":0,"93":0,"94":0,"95":0,"96":0,"97":0,"98":0,"99":0,"100":0,"101":0,"102":0,"103":0,"104":0,"105":0,"106":0,"107":0,"108":0,"109":0,"110":0,"111":0,"112":0,"113":0,"114":0,"115":0,"116":0,"117":0,"118":0,"119":0,"120":0,"121":0,"122":0,"123":0,"124":0,"125":0,"126":0,"127":0,"128":0,"129":0,"130":0,"131":0,"132":0,"133":0,"134":0,"135":0,"136":0,"137":0,"138":0,"139":0,"140":0,"141":0,"142":0,"143":0,"144":0,"145":0,"146":0,"147":0,"148":0,"149":0,"150":0,"151":0,"152":0,"153":0,"154":0,"155":0,"156":0,"157":0,"158":0,"159":0,"160":0,"161":0,"162":0,"163":0,"164":0,"165":0,"166":0,"167":0,"168":0,"169":0,"170":0,"171":0,"172":0,"173":0,"174":0,"175":0,"176":0,"177":0,"178":0,"179":0,"180":0,"181":0,"182":0,"183":0,"184":0,"185":0,"186":0,"187":0,"188":0,"189":0,"190":0,"191":0,"192":0,"193":0,"194":0,"195":0,"196":0,"197":0,"198":0,"199":0,"200":0,"201":0,"202":0,"203":0,"204":0,"205":0,"206":0,"207":0,"208":0,"209":0,"210":0,"211":0,"212":0,"213":0,"214":0,"215":0,"216":0,"217":0,"218":0,"219":0,"220":0,"221":0,"222":0,"223":0,"224":0,"225":0,"226":0,"227":0,"228":0,"229":0,"230":0,"231":0,"232":0,"233":0,"234":0,"235":0,"236":0,"237":0,"238":0,"239":0,"240":0,"241":0,"242":0,"243":0,"244":0,"245":0,"246":0,"247":0,"248":0,"249":0,"250":0,"251":0,"252":0,"253":0,"254":0,"255":0,"256":0,"257":0,"258":0,"259":0,"260":0,"261":0,"262":0,"263":0,"264":0,"265":0,"266":0,"267":0,"268":0,"269":0,"270":0,"271":0,"272":0,"273":0,"274":0,"275":0,"276":0,"277":0,"278":0,"279":0,"280":0,"281":0,"282":0,"283":0,"284":0,"285":0,"286":0,"287":0,"288":0,"289":0,"290":0,"291":0,"292":0,"293":0,"294":0,"295":0,"296":0,"297":0,"298":0,"299":0,"300":0,"301":0,"302":0,"303":0,"304":0,"305":0,"306":0,"307":0,"308":0,"309":0,"310":0,"311":0,"312":0,"313":0,"314":0,"315":0,"316":0,"317":0,"318":0,"319":0,"320":0,"321":0,"322":0,"323":0,"324":0,"325":0,"326":0,"327":0,"328":0,"329":0,"330":0,"331":0,"332":0,"333":0,"334":0,"335":0,"336":0,"337":0,"338":0,"339":0,"340":0,"341":0,"342":0,"343":0,"344":0,"345":0,"346":0,"347":0,"348":0,"349":0,"350":0},"f":{"0":0,"1":0,"2":0,"3":0,"4":0,"5":0,"6":0,"7":0,"8":0,"9":0,"10":0,"11":0,"12":0,"13":0,"14":0,"15":0,"16":0,"17":0,"18":0,"19":0,"20":0,"21":0,"22":0,"23":0,"24":0,"25":0,"26":0,"27":0,"28":0,"29":0,"30":0,"31":0,"32":0,"33":0,"34":0,"35":0,"36":0,"37":0,"38":0,"39":0,"40":0,"41":0,"42":0,"43":0,"44":0,"45":0,"46":0,"47":0,"48":0,"49":0,"50":0,"51":0,"52":0,"53":0,"54":0,"55":0,"56":0,"57":0,"58":0,"59":0,"60":0,"61":0,"62":0,"63":0,"64":0,"65":0,"66":0,"67":0,"68":0,"69":0,"70":0,"71":0,"72":0,"73":0,"74":0,"75":0,"76":0,"77":0,"78":0,"79":0,"80":0,"81":0,"82":0,"83":0,"84":0,"85":0,"86":0,"87":0,"88":0,"89":0,"90":0,"91":0,"92":0},"b":{},"all":true}}